{"total": {"lines":{"total":9468,"covered":7246,"skipped":0,"pct":76.53},"statements":{"total":9468,"covered":7246,"skipped":0,"pct":76.53},"functions":{"total":619,"covered":452,"skipped":0,"pct":73.02},"branches":{"total":1504,"covered":1141,"skipped":0,"pct":75.86},"branchesTrue":{"total":0,"covered":0,"skipped":0,"pct":100}}
,"/home/mingzhenjia/Extension-for-vscode/iflow-for-vscode/src/acpClient.ts": {"lines":{"total":1,"covered":1,"skipped":0,"pct":100},"functions":{"total":1,"covered":1,"skipped":0,"pct":100},"statements":{"total":1,"covered":1,"skipped":0,"pct":100},"branches":{"total":1,"covered":1,"skipped":0,"pct":100}}
,"/home/mingzhenjia/Extension-for-vscode/iflow-for-vscode/src/acpProtocol.ts": {"lines":{"total":282,"covered":252,"skipped":0,"pct":89.36},"functions":{"total":16,"covered":16,"skipped":0,"pct":100},"statements":{"total":282,"covered":252,"skipped":0,"pct":89.36},"branches":{"total":61,"covered":46,"skipped":0,"pct":75.4}}
,"/home/mingzhenjia/Extension-for-vscode/iflow-for-vscode/src/acpTransport.ts": {"lines":{"total":199,"covered":186,"skipped":0,"pct":93.46},"functions":{"total":13,"covered":12,"skipped":0,"pct":92.3},"statements":{"total":199,"covered":186,"skipped":0,"pct":93.46},"branches":{"total":37,"covered":31,"skipped":0,"pct":83.78}}
,"/home/mingzhenjia/Extension-for-vscode/iflow-for-vscode/src/authConstants.ts": {"lines":{"total":15,"covered":15,"skipped":0,"pct":100},"functions":{"total":0,"covered":0,"skipped":0,"pct":100},"statements":{"total":15,"covered":15,"skipped":0,"pct":100},"branches":{"total":0,"covered":0,"skipped":0,"pct":100}}
,"/home/mingzhenjia/Extension-for-vscode/iflow-for-vscode/src/authService.ts": {"lines":{"total":433,"covered":220,"skipped":0,"pct":50.8},"functions":{"total":46,"covered":25,"skipped":0,"pct":54.34},"statements":{"total":433,"covered":220,"skipped":0,"pct":50.8},"branches":{"total":34,"covered":26,"skipped":0,"pct":76.47}}
,"/home/mingzhenjia/Extension-for-vscode/iflow-for-vscode/src/chunkMapper.ts": {"lines":{"total":1,"covered":1,"skipped":0,"pct":100},"functions":{"total":1,"covered":1,"skipped":0,"pct":100},"statements":{"total":1,"covered":1,"skipped":0,"pct":100},"branches":{"total":1,"covered":1,"skipped":0,"pct":100}}
,"/home/mingzhenjia/Extension-for-vscode/iflow-for-vscode/src/cliDiscovery.ts": {"lines":{"total":484,"covered":163,"skipped":0,"pct":33.67},"functions":{"total":17,"covered":5,"skipped":0,"pct":29.41},"statements":{"total":484,"covered":163,"skipped":0,"pct":33.67},"branches":{"total":38,"covered":28,"skipped":0,"pct":73.68}}
,"/home/mingzhenjia/Extension-for-vscode/iflow-for-vscode/src/errorUtils.ts": {"lines":{"total":136,"covered":118,"skipped":0,"pct":86.76},"functions":{"total":5,"covered":5,"skipped":0,"pct":100},"statements":{"total":136,"covered":118,"skipped":0,"pct":86.76},"branches":{"total":54,"covered":44,"skipped":0,"pct":81.48}}
,"/home/mingzhenjia/Extension-for-vscode/iflow-for-vscode/src/markdownUrlPolicy.ts": {"lines":{"total":33,"covered":25,"skipped":0,"pct":75.75},"functions":{"total":1,"covered":1,"skipped":0,"pct":100},"statements":{"total":33,"covered":25,"skipped":0,"pct":75.75},"branches":{"total":7,"covered":3,"skipped":0,"pct":42.85}}
,"/home/mingzhenjia/Extension-for-vscode/iflow-for-vscode/src/processManager.ts": {"lines":{"total":433,"covered":307,"skipped":0,"pct":70.9},"functions":{"total":17,"covered":12,"skipped":0,"pct":70.58},"statements":{"total":433,"covered":307,"skipped":0,"pct":70.9},"branches":{"total":55,"covered":45,"skipped":0,"pct":81.81}}
,"/home/mingzhenjia/Extension-for-vscode/iflow-for-vscode/src/protocol.ts": {"lines":{"total":1,"covered":1,"skipped":0,"pct":100},"functions":{"total":0,"covered":0,"skipped":0,"pct":100},"statements":{"total":1,"covered":1,"skipped":0,"pct":100},"branches":{"total":0,"covered":0,"skipped":0,"pct":100}}
,"/home/mingzhenjia/Extension-for-vscode/iflow-for-vscode/src/store.ts": {"lines":{"total":177,"covered":174,"skipped":0,"pct":98.3},"functions":{"total":28,"covered":27,"skipped":0,"pct":96.42},"statements":{"total":177,"covered":174,"skipped":0,"pct":98.3},"branches":{"total":33,"covered":32,"skipped":0,"pct":96.96}}
,"/home/mingzhenjia/Extension-for-vscode/iflow-for-vscode/src/streamStatusUtils.ts": {"lines":{"total":38,"covered":37,"skipped":0,"pct":97.36},"functions":{"total":2,"covered":2,"skipped":0,"pct":100},"statements":{"total":38,"covered":37,"skipped":0,"pct":97.36},"branches":{"total":10,"covered":9,"skipped":0,"pct":90}}
,"/home/mingzhenjia/Extension-for-vscode/iflow-for-vscode/src/thinkingParser.ts": {"lines":{"total":68,"covered":62,"skipped":0,"pct":91.17},"functions":{"total":2,"covered":2,"skipped":0,"pct":100},"statements":{"total":68,"covered":62,"skipped":0,"pct":91.17},"branches":{"total":16,"covered":15,"skipped":0,"pct":93.75}}
,"/home/mingzhenjia/Extension-for-vscode/iflow-for-vscode/src/webviewHandler.ts": {"lines":{"total":413,"covered":265,"skipped":0,"pct":64.16},"functions":{"total":76,"covered":19,"skipped":0,"pct":25},"statements":{"total":413,"covered":265,"skipped":0,"pct":64.16},"branches":{"total":32,"covered":23,"skipped":0,"pct":71.87}}
,"/home/mingzhenjia/Extension-for-vscode/iflow-for-vscode/src/acp/debugLogger.ts": {"lines":{"total":125,"covered":45,"skipped":0,"pct":36},"functions":{"total":10,"covered":4,"skipped":0,"pct":40},"statements":{"total":125,"covered":45,"skipped":0,"pct":36},"branches":{"total":5,"covered":4,"skipped":0,"pct":80}}
,"/home/mingzhenjia/Extension-for-vscode/iflow-for-vscode/src/acp/inactivityGuard.ts": {"lines":{"total":80,"covered":80,"skipped":0,"pct":100},"functions":{"total":6,"covered":6,"skipped":0,"pct":100},"statements":{"total":80,"covered":80,"skipped":0,"pct":100},"branches":{"total":22,"covered":21,"skipped":0,"pct":95.45}}
,"/home/mingzhenjia/Extension-for-vscode/iflow-for-vscode/src/acp/interactionBridge.ts": {"lines":{"total":342,"covered":299,"skipped":0,"pct":87.42},"functions":{"total":15,"covered":15,"skipped":0,"pct":100},"statements":{"total":342,"covered":299,"skipped":0,"pct":87.42},"branches":{"total":72,"covered":50,"skipped":0,"pct":69.44}}
,"/home/mingzhenjia/Extension-for-vscode/iflow-for-vscode/src/acp/pathPolicy.ts": {"lines":{"total":80,"covered":76,"skipped":0,"pct":95},"functions":{"total":9,"covered":9,"skipped":0,"pct":100},"statements":{"total":80,"covered":76,"skipped":0,"pct":95},"branches":{"total":22,"covered":19,"skipped":0,"pct":86.36}}
,"/home/mingzhenjia/Extension-for-vscode/iflow-for-vscode/src/acp/runtimeConfigApplier.ts": {"lines":{"total":117,"covered":106,"skipped":0,"pct":90.59},"functions":{"total":7,"covered":6,"skipped":0,"pct":85.71},"statements":{"total":117,"covered":106,"skipped":0,"pct":90.59},"branches":{"total":18,"covered":13,"skipped":0,"pct":72.22}}
,"/home/mingzhenjia/Extension-for-vscode/iflow-for-vscode/src/acp/sessionCoordinator.ts": {"lines":{"total":478,"covered":455,"skipped":0,"pct":95.18},"functions":{"total":19,"covered":19,"skipped":0,"pct":100},"statements":{"total":478,"covered":455,"skipped":0,"pct":95.18},"branches":{"total":85,"covered":69,"skipped":0,"pct":81.17}}
,"/home/mingzhenjia/Extension-for-vscode/iflow-for-vscode/src/acp/settingsRepository.ts": {"lines":{"total":87,"covered":42,"skipped":0,"pct":48.27},"functions":{"total":8,"covered":5,"skipped":0,"pct":62.5},"statements":{"total":87,"covered":42,"skipped":0,"pct":48.27},"branches":{"total":11,"covered":5,"skipped":0,"pct":45.45}}
,"/home/mingzhenjia/Extension-for-vscode/iflow-for-vscode/src/acp/client/acpClientFacade.ts": {"lines":{"total":335,"covered":267,"skipped":0,"pct":79.7},"functions":{"total":48,"covered":35,"skipped":0,"pct":72.91},"statements":{"total":335,"covered":267,"skipped":0,"pct":79.7},"branches":{"total":43,"covered":38,"skipped":0,"pct":88.37}}
,"/home/mingzhenjia/Extension-for-vscode/iflow-for-vscode/src/acp/client/acpNotificationRouter.ts": {"lines":{"total":39,"covered":37,"skipped":0,"pct":94.87},"functions":{"total":3,"covered":3,"skipped":0,"pct":100},"statements":{"total":39,"covered":37,"skipped":0,"pct":94.87},"branches":{"total":7,"covered":5,"skipped":0,"pct":71.42}}
,"/home/mingzhenjia/Extension-for-vscode/iflow-for-vscode/src/acp/client/acpRunExecutor.ts": {"lines":{"total":369,"covered":256,"skipped":0,"pct":69.37},"functions":{"total":11,"covered":11,"skipped":0,"pct":100},"statements":{"total":369,"covered":256,"skipped":0,"pct":69.37},"branches":{"total":56,"covered":30,"skipped":0,"pct":53.57}}
,"/home/mingzhenjia/Extension-for-vscode/iflow-for-vscode/src/acp/client/acpUsageExtractor.ts": {"lines":{"total":35,"covered":33,"skipped":0,"pct":94.28},"functions":{"total":3,"covered":3,"skipped":0,"pct":100},"statements":{"total":35,"covered":33,"skipped":0,"pct":94.28},"branches":{"total":8,"covered":6,"skipped":0,"pct":75}}
,"/home/mingzhenjia/Extension-for-vscode/iflow-for-vscode/src/auth/credentialsStore.ts": {"lines":{"total":120,"covered":30,"skipped":0,"pct":25},"functions":{"total":9,"covered":1,"skipped":0,"pct":11.11},"statements":{"total":120,"covered":30,"skipped":0,"pct":25},"branches":{"total":1,"covered":1,"skipped":0,"pct":100}}
,"/home/mingzhenjia/Extension-for-vscode/iflow-for-vscode/src/auth/pkceFlow.ts": {"lines":{"total":91,"covered":58,"skipped":0,"pct":63.73},"functions":{"total":8,"covered":6,"skipped":0,"pct":75},"statements":{"total":91,"covered":58,"skipped":0,"pct":63.73},"branches":{"total":9,"covered":6,"skipped":0,"pct":66.66}}
,"/home/mingzhenjia/Extension-for-vscode/iflow-for-vscode/src/auth/settingsStore.ts": {"lines":{"total":56,"covered":11,"skipped":0,"pct":19.64},"functions":{"total":4,"covered":2,"skipped":0,"pct":50},"statements":{"total":56,"covered":11,"skipped":0,"pct":19.64},"branches":{"total":2,"covered":2,"skipped":0,"pct":100}}
,"/home/mingzhenjia/Extension-for-vscode/iflow-for-vscode/src/auth/tokenManager.ts": {"lines":{"total":71,"covered":62,"skipped":0,"pct":87.32},"functions":{"total":3,"covered":2,"skipped":0,"pct":66.66},"statements":{"total":71,"covered":62,"skipped":0,"pct":87.32},"branches":{"total":8,"covered":6,"skipped":0,"pct":75}}
,"/home/mingzhenjia/Extension-for-vscode/iflow-for-vscode/src/chunkMapper/index.ts": {"lines":{"total":163,"covered":115,"skipped":0,"pct":70.55},"functions":{"total":6,"covered":6,"skipped":0,"pct":100},"statements":{"total":163,"covered":115,"skipped":0,"pct":70.55},"branches":{"total":28,"covered":14,"skipped":0,"pct":50}}
,"/home/mingzhenjia/Extension-for-vscode/iflow-for-vscode/src/chunkMapper/promptBuilder.ts": {"lines":{"total":45,"covered":28,"skipped":0,"pct":62.22},"functions":{"total":1,"covered":1,"skipped":0,"pct":100},"statements":{"total":45,"covered":28,"skipped":0,"pct":62.22},"branches":{"total":9,"covered":3,"skipped":0,"pct":33.33}}
,"/home/mingzhenjia/Extension-for-vscode/iflow-for-vscode/src/chunkMapper/thinkingChunkMapper.ts": {"lines":{"total":89,"covered":61,"skipped":0,"pct":68.53},"functions":{"total":8,"covered":6,"skipped":0,"pct":75},"statements":{"total":89,"covered":61,"skipped":0,"pct":68.53},"branches":{"total":10,"covered":9,"skipped":0,"pct":90}}
,"/home/mingzhenjia/Extension-for-vscode/iflow-for-vscode/src/chunkMapper/toolChunkMapper.ts": {"lines":{"total":222,"covered":199,"skipped":0,"pct":89.63},"functions":{"total":5,"covered":5,"skipped":0,"pct":100},"statements":{"total":222,"covered":199,"skipped":0,"pct":89.63},"branches":{"total":66,"covered":51,"skipped":0,"pct":77.27}}
,"/home/mingzhenjia/Extension-for-vscode/iflow-for-vscode/src/chunkMapper/types.ts": {"lines":{"total":62,"covered":62,"skipped":0,"pct":100},"functions":{"total":0,"covered":0,"skipped":0,"pct":100},"statements":{"total":62,"covered":62,"skipped":0,"pct":100},"branches":{"total":0,"covered":0,"skipped":0,"pct":100}}
,"/home/mingzhenjia/Extension-for-vscode/iflow-for-vscode/src/chunkMapper/usageChunkMapper.ts": {"lines":{"total":88,"covered":86,"skipped":0,"pct":97.72},"functions":{"total":6,"covered":6,"skipped":0,"pct":100},"statements":{"total":88,"covered":86,"skipped":0,"pct":97.72},"branches":{"total":26,"covered":25,"skipped":0,"pct":96.15}}
,"/home/mingzhenjia/Extension-for-vscode/iflow-for-vscode/src/constants/runtime.ts": {"lines":{"total":14,"covered":14,"skipped":0,"pct":100},"functions":{"total":0,"covered":0,"skipped":0,"pct":100},"statements":{"total":14,"covered":14,"skipped":0,"pct":100},"branches":{"total":0,"covered":0,"skipped":0,"pct":100}}
,"/home/mingzhenjia/Extension-for-vscode/iflow-for-vscode/src/constants/ui.ts": {"lines":{"total":2,"covered":2,"skipped":0,"pct":100},"functions":{"total":0,"covered":0,"skipped":0,"pct":100},"statements":{"total":2,"covered":2,"skipped":0,"pct":100},"branches":{"total":0,"covered":0,"skipped":0,"pct":100}}
,"/home/mingzhenjia/Extension-for-vscode/iflow-for-vscode/src/process/portDiscovery.ts": {"lines":{"total":76,"covered":24,"skipped":0,"pct":31.57},"functions":{"total":3,"covered":1,"skipped":0,"pct":33.33},"statements":{"total":76,"covered":24,"skipped":0,"pct":31.57},"branches":{"total":4,"covered":3,"skipped":0,"pct":75}}
,"/home/mingzhenjia/Extension-for-vscode/iflow-for-vscode/src/process/startupSignals.ts": {"lines":{"total":54,"covered":54,"skipped":0,"pct":100},"functions":{"total":4,"covered":4,"skipped":0,"pct":100},"statements":{"total":54,"covered":54,"skipped":0,"pct":100},"branches":{"total":16,"covered":15,"skipped":0,"pct":93.75}}
,"/home/mingzhenjia/Extension-for-vscode/iflow-for-vscode/src/process/webSocketReadinessProbe.ts": {"lines":{"total":88,"covered":83,"skipped":0,"pct":94.31},"functions":{"total":4,"covered":4,"skipped":0,"pct":100},"statements":{"total":88,"covered":83,"skipped":0,"pct":94.31},"branches":{"total":24,"covered":23,"skipped":0,"pct":95.83}}
,"/home/mingzhenjia/Extension-for-vscode/iflow-for-vscode/src/protocol/conversation.ts": {"lines":{"total":88,"covered":88,"skipped":0,"pct":100},"functions":{"total":0,"covered":0,"skipped":0,"pct":100},"statements":{"total":88,"covered":88,"skipped":0,"pct":100},"branches":{"total":0,"covered":0,"skipped":0,"pct":100}}
,"/home/mingzhenjia/Extension-for-vscode/iflow-for-vscode/src/protocol/fileChange.ts": {"lines":{"total":20,"covered":20,"skipped":0,"pct":100},"functions":{"total":0,"covered":0,"skipped":0,"pct":100},"statements":{"total":20,"covered":20,"skipped":0,"pct":100},"branches":{"total":0,"covered":0,"skipped":0,"pct":100}}
,"/home/mingzhenjia/Extension-for-vscode/iflow-for-vscode/src/protocol/index.ts": {"lines":{"total":4,"covered":4,"skipped":0,"pct":100},"functions":{"total":0,"covered":0,"skipped":0,"pct":100},"statements":{"total":4,"covered":4,"skipped":0,"pct":100},"branches":{"total":0,"covered":0,"skipped":0,"pct":100}}
,"/home/mingzhenjia/Extension-for-vscode/iflow-for-vscode/src/protocol/stream.ts": {"lines":{"total":33,"covered":33,"skipped":0,"pct":100},"functions":{"total":0,"covered":0,"skipped":0,"pct":100},"statements":{"total":33,"covered":33,"skipped":0,"pct":100},"branches":{"total":0,"covered":0,"skipped":0,"pct":100}}
,"/home/mingzhenjia/Extension-for-vscode/iflow-for-vscode/src/protocol/webviewMessages.ts": {"lines":{"total":45,"covered":45,"skipped":0,"pct":100},"functions":{"total":0,"covered":0,"skipped":0,"pct":100},"statements":{"total":45,"covered":45,"skipped":0,"pct":100},"branches":{"total":0,"covered":0,"skipped":0,"pct":100}}
,"/home/mingzhenjia/Extension-for-vscode/iflow-for-vscode/src/shared/logger.ts": {"lines":{"total":123,"covered":80,"skipped":0,"pct":65.04},"functions":{"total":11,"covered":5,"skipped":0,"pct":45.45},"statements":{"total":123,"covered":80,"skipped":0,"pct":65.04},"branches":{"total":10,"covered":7,"skipped":0,"pct":70}}
,"/home/mingzhenjia/Extension-for-vscode/iflow-for-vscode/src/shared/questionPanelState.ts": {"lines":{"total":435,"covered":351,"skipped":0,"pct":80.68},"functions":{"total":22,"covered":21,"skipped":0,"pct":95.45},"statements":{"total":435,"covered":351,"skipped":0,"pct":80.68},"branches":{"total":88,"covered":55,"skipped":0,"pct":62.5}}
,"/home/mingzhenjia/Extension-for-vscode/iflow-for-vscode/src/shared/typeGuards.ts": {"lines":{"total":19,"covered":7,"skipped":0,"pct":36.84},"functions":{"total":5,"covered":1,"skipped":0,"pct":20},"statements":{"total":19,"covered":7,"skipped":0,"pct":36.84},"branches":{"total":3,"covered":3,"skipped":0,"pct":100}}
,"/home/mingzhenjia/Extension-for-vscode/iflow-for-vscode/src/shared/visualUpdateScheduler.ts": {"lines":{"total":62,"covered":62,"skipped":0,"pct":100},"functions":{"total":5,"covered":5,"skipped":0,"pct":100},"statements":{"total":62,"covered":62,"skipped":0,"pct":100},"branches":{"total":9,"covered":9,"skipped":0,"pct":100}}
,"/home/mingzhenjia/Extension-for-vscode/iflow-for-vscode/src/store/chunkReducer.ts": {"lines":{"total":225,"covered":179,"skipped":0,"pct":79.55},"functions":{"total":5,"covered":5,"skipped":0,"pct":100},"statements":{"total":225,"covered":179,"skipped":0,"pct":79.55},"branches":{"total":61,"covered":41,"skipped":0,"pct":67.21}}
,"/home/mingzhenjia/Extension-for-vscode/iflow-for-vscode/src/store/contextUsageEstimator.ts": {"lines":{"total":52,"covered":43,"skipped":0,"pct":82.69},"functions":{"total":2,"covered":2,"skipped":0,"pct":100},"statements":{"total":52,"covered":43,"skipped":0,"pct":82.69},"branches":{"total":15,"covered":8,"skipped":0,"pct":53.33}}
,"/home/mingzhenjia/Extension-for-vscode/iflow-for-vscode/src/store/conversationMutations.ts": {"lines":{"total":41,"covered":35,"skipped":0,"pct":85.36},"functions":{"total":3,"covered":3,"skipped":0,"pct":100},"statements":{"total":41,"covered":35,"skipped":0,"pct":85.36},"branches":{"total":8,"covered":4,"skipped":0,"pct":50}}
,"/home/mingzhenjia/Extension-for-vscode/iflow-for-vscode/src/store/conversationRepository.ts": {"lines":{"total":16,"covered":16,"skipped":0,"pct":100},"functions":{"total":4,"covered":4,"skipped":0,"pct":100},"statements":{"total":16,"covered":16,"skipped":0,"pct":100},"branches":{"total":4,"covered":4,"skipped":0,"pct":100}}
,"/home/mingzhenjia/Extension-for-vscode/iflow-for-vscode/src/store/conversationService.ts": {"lines":{"total":421,"covered":399,"skipped":0,"pct":94.77},"functions":{"total":25,"covered":25,"skipped":0,"pct":100},"statements":{"total":421,"covered":399,"skipped":0,"pct":94.77},"branches":{"total":85,"covered":63,"skipped":0,"pct":74.11}}
,"/home/mingzhenjia/Extension-for-vscode/iflow-for-vscode/src/store/runtimeStateSource.ts": {"lines":{"total":83,"covered":81,"skipped":0,"pct":97.59},"functions":{"total":9,"covered":8,"skipped":0,"pct":88.88},"statements":{"total":83,"covered":81,"skipped":0,"pct":97.59},"branches":{"total":12,"covered":11,"skipped":0,"pct":91.66}}
,"/home/mingzhenjia/Extension-for-vscode/iflow-for-vscode/src/store/runtimeStateStore.ts": {"lines":{"total":93,"covered":76,"skipped":0,"pct":81.72},"functions":{"total":8,"covered":7,"skipped":0,"pct":87.5},"statements":{"total":93,"covered":76,"skipped":0,"pct":81.72},"branches":{"total":14,"covered":12,"skipped":0,"pct":85.71}}
,"/home/mingzhenjia/Extension-for-vscode/iflow-for-vscode/src/test/realCliTestHelper.ts": {"lines":{"total":28,"covered":2,"skipped":0,"pct":7.14},"functions":{"total":1,"covered":0,"skipped":0,"pct":0},"statements":{"total":28,"covered":2,"skipped":0,"pct":7.14},"branches":{"total":0,"covered":0,"skipped":0,"pct":100}}
,"/home/mingzhenjia/Extension-for-vscode/iflow-for-vscode/src/webview/cliStatusService.ts": {"lines":{"total":75,"covered":29,"skipped":0,"pct":38.66},"functions":{"total":8,"covered":3,"skipped":0,"pct":37.5},"statements":{"total":75,"covered":29,"skipped":0,"pct":38.66},"branches":{"total":3,"covered":3,"skipped":0,"pct":100}}
,"/home/mingzhenjia/Extension-for-vscode/iflow-for-vscode/src/webview/fileChangeReviewService.ts": {"lines":{"total":185,"covered":161,"skipped":0,"pct":87.02},"functions":{"total":7,"covered":6,"skipped":0,"pct":85.71},"statements":{"total":185,"covered":161,"skipped":0,"pct":87.02},"branches":{"total":23,"covered":17,"skipped":0,"pct":73.91}}
,"/home/mingzhenjia/Extension-for-vscode/iflow-for-vscode/src/webview/htmlTemplate.ts": {"lines":{"total":42,"covered":3,"skipped":0,"pct":7.14},"functions":{"total":2,"covered":0,"skipped":0,"pct":0},"statements":{"total":42,"covered":3,"skipped":0,"pct":7.14},"branches":{"total":0,"covered":0,"skipped":0,"pct":100}}
,"/home/mingzhenjia/Extension-for-vscode/iflow-for-vscode/src/webview/ideContextService.ts": {"lines":{"total":33,"covered":7,"skipped":0,"pct":21.21},"functions":{"total":1,"covered":0,"skipped":0,"pct":0},"statements":{"total":33,"covered":7,"skipped":0,"pct":21.21},"branches":{"total":0,"covered":0,"skipped":0,"pct":100}}
,"/home/mingzhenjia/Extension-for-vscode/iflow-for-vscode/src/webview/ideContextSyncService.ts": {"lines":{"total":19,"covered":13,"skipped":0,"pct":68.42},"functions":{"total":3,"covered":2,"skipped":0,"pct":66.66},"statements":{"total":19,"covered":13,"skipped":0,"pct":68.42},"branches":{"total":2,"covered":2,"skipped":0,"pct":100}}
,"/home/mingzhenjia/Extension-for-vscode/iflow-for-vscode/src/webview/messageRouter.ts": {"lines":{"total":23,"covered":23,"skipped":0,"pct":100},"functions":{"total":1,"covered":1,"skipped":0,"pct":100},"statements":{"total":23,"covered":23,"skipped":0,"pct":100},"branches":{"total":4,"covered":4,"skipped":0,"pct":100}}
,"/home/mingzhenjia/Extension-for-vscode/iflow-for-vscode/src/webview/planApprovalCoordinator.ts": {"lines":{"total":75,"covered":68,"skipped":0,"pct":90.66},"functions":{"total":9,"covered":9,"skipped":0,"pct":100},"statements":{"total":75,"covered":68,"skipped":0,"pct":90.66},"branches":{"total":19,"covered":17,"skipped":0,"pct":89.47}}
,"/home/mingzhenjia/Extension-for-vscode/iflow-for-vscode/src/webview/planModeOrchestrator.ts": {"lines":{"total":98,"covered":81,"skipped":0,"pct":82.65},"functions":{"total":11,"covered":10,"skipped":0,"pct":90.9},"statements":{"total":98,"covered":81,"skipped":0,"pct":82.65},"branches":{"total":20,"covered":13,"skipped":0,"pct":65}}
,"/home/mingzhenjia/Extension-for-vscode/iflow-for-vscode/src/webview/sendMessagePipeline.ts": {"lines":{"total":349,"covered":325,"skipped":0,"pct":93.12},"functions":{"total":13,"covered":13,"skipped":0,"pct":100},"statements":{"total":349,"covered":325,"skipped":0,"pct":93.12},"branches":{"total":65,"covered":55,"skipped":0,"pct":84.61}}
,"/home/mingzhenjia/Extension-for-vscode/iflow-for-vscode/src/webview/workspaceFileService.ts": {"lines":{"total":188,"covered":126,"skipped":0,"pct":67.02},"functions":{"total":12,"covered":8,"skipped":0,"pct":66.66},"statements":{"total":188,"covered":126,"skipped":0,"pct":67.02},"branches":{"total":32,"covered":20,"skipped":0,"pct":62.5}}
,"/home/mingzhenjia/Extension-for-vscode/iflow-for-vscode/src/webview/fileChange/chunkTracker.ts": {"lines":{"total":104,"covered":95,"skipped":0,"pct":91.34},"functions":{"total":6,"covered":6,"skipped":0,"pct":100},"statements":{"total":104,"covered":95,"skipped":0,"pct":91.34},"branches":{"total":19,"covered":15,"skipped":0,"pct":78.94}}
,"/home/mingzhenjia/Extension-for-vscode/iflow-for-vscode/src/webview/fileChange/diffService.ts": {"lines":{"total":213,"covered":186,"skipped":0,"pct":87.32},"functions":{"total":10,"covered":10,"skipped":0,"pct":100},"statements":{"total":213,"covered":186,"skipped":0,"pct":87.32},"branches":{"total":29,"covered":23,"skipped":0,"pct":79.31}}
,"/home/mingzhenjia/Extension-for-vscode/iflow-for-vscode/src/webview/fileChange/snapshotManager.ts": {"lines":{"total":69,"covered":62,"skipped":0,"pct":89.85},"functions":{"total":4,"covered":4,"skipped":0,"pct":100},"statements":{"total":69,"covered":62,"skipped":0,"pct":89.85},"branches":{"total":15,"covered":11,"skipped":0,"pct":73.33}}
,"/home/mingzhenjia/Extension-for-vscode/iflow-for-vscode/src/webview/fileChange/types.ts": {"lines":{"total":165,"covered":134,"skipped":0,"pct":81.21},"functions":{"total":7,"covered":6,"skipped":0,"pct":85.71},"statements":{"total":165,"covered":134,"skipped":0,"pct":81.21},"branches":{"total":33,"covered":22,"skipped":0,"pct":66.66}}
}
