{"total": {"lines":{"total":6143,"covered":4472,"skipped":0,"pct":72.79},"statements":{"total":6143,"covered":4472,"skipped":0,"pct":72.79},"functions":{"total":347,"covered":241,"skipped":0,"pct":69.45},"branches":{"total":894,"covered":626,"skipped":0,"pct":70.02},"branchesTrue":{"total":0,"covered":0,"skipped":0,"pct":100}}
,"/home/mingzhenjia/Extension-for-vscode/iflow-for-vscode/src/acpClient.ts": {"lines":{"total":592,"covered":389,"skipped":0,"pct":65.7},"functions":{"total":45,"covered":28,"skipped":0,"pct":62.22},"statements":{"total":592,"covered":389,"skipped":0,"pct":65.7},"branches":{"total":76,"covered":55,"skipped":0,"pct":72.36}}
,"/home/mingzhenjia/Extension-for-vscode/iflow-for-vscode/src/acpProtocol.ts": {"lines":{"total":279,"covered":249,"skipped":0,"pct":89.24},"functions":{"total":16,"covered":16,"skipped":0,"pct":100},"statements":{"total":279,"covered":249,"skipped":0,"pct":89.24},"branches":{"total":60,"covered":45,"skipped":0,"pct":75}}
,"/home/mingzhenjia/Extension-for-vscode/iflow-for-vscode/src/acpTransport.ts": {"lines":{"total":199,"covered":186,"skipped":0,"pct":93.46},"functions":{"total":13,"covered":12,"skipped":0,"pct":92.3},"statements":{"total":199,"covered":186,"skipped":0,"pct":93.46},"branches":{"total":37,"covered":31,"skipped":0,"pct":83.78}}
,"/home/mingzhenjia/Extension-for-vscode/iflow-for-vscode/src/authConstants.ts": {"lines":{"total":15,"covered":15,"skipped":0,"pct":100},"functions":{"total":0,"covered":0,"skipped":0,"pct":100},"statements":{"total":15,"covered":15,"skipped":0,"pct":100},"branches":{"total":0,"covered":0,"skipped":0,"pct":100}}
,"/home/mingzhenjia/Extension-for-vscode/iflow-for-vscode/src/authService.ts": {"lines":{"total":666,"covered":307,"skipped":0,"pct":46.09},"functions":{"total":34,"covered":17,"skipped":0,"pct":50},"statements":{"total":666,"covered":307,"skipped":0,"pct":46.09},"branches":{"total":35,"covered":22,"skipped":0,"pct":62.85}}
,"/home/mingzhenjia/Extension-for-vscode/iflow-for-vscode/src/chunkMapper.ts": {"lines":{"total":582,"covered":436,"skipped":0,"pct":74.91},"functions":{"total":17,"covered":17,"skipped":0,"pct":100},"statements":{"total":582,"covered":436,"skipped":0,"pct":74.91},"branches":{"total":113,"covered":68,"skipped":0,"pct":60.17}}
,"/home/mingzhenjia/Extension-for-vscode/iflow-for-vscode/src/cliDiscovery.ts": {"lines":{"total":225,"covered":122,"skipped":0,"pct":54.22},"functions":{"total":8,"covered":3,"skipped":0,"pct":37.5},"statements":{"total":225,"covered":122,"skipped":0,"pct":54.22},"branches":{"total":31,"covered":25,"skipped":0,"pct":80.64}}
,"/home/mingzhenjia/Extension-for-vscode/iflow-for-vscode/src/errorUtils.ts": {"lines":{"total":30,"covered":24,"skipped":0,"pct":80},"functions":{"total":1,"covered":1,"skipped":0,"pct":100},"statements":{"total":30,"covered":24,"skipped":0,"pct":80},"branches":{"total":8,"covered":6,"skipped":0,"pct":75}}
,"/home/mingzhenjia/Extension-for-vscode/iflow-for-vscode/src/markdownUrlPolicy.ts": {"lines":{"total":33,"covered":25,"skipped":0,"pct":75.75},"functions":{"total":1,"covered":1,"skipped":0,"pct":100},"statements":{"total":33,"covered":25,"skipped":0,"pct":75.75},"branches":{"total":7,"covered":3,"skipped":0,"pct":42.85}}
,"/home/mingzhenjia/Extension-for-vscode/iflow-for-vscode/src/processManager.ts": {"lines":{"total":393,"covered":256,"skipped":0,"pct":65.13},"functions":{"total":12,"covered":7,"skipped":0,"pct":58.33},"statements":{"total":393,"covered":256,"skipped":0,"pct":65.13},"branches":{"total":50,"covered":40,"skipped":0,"pct":80}}
,"/home/mingzhenjia/Extension-for-vscode/iflow-for-vscode/src/protocol.ts": {"lines":{"total":157,"covered":157,"skipped":0,"pct":100},"functions":{"total":0,"covered":0,"skipped":0,"pct":100},"statements":{"total":157,"covered":157,"skipped":0,"pct":100},"branches":{"total":0,"covered":0,"skipped":0,"pct":100}}
,"/home/mingzhenjia/Extension-for-vscode/iflow-for-vscode/src/store.ts": {"lines":{"total":453,"covered":411,"skipped":0,"pct":90.72},"functions":{"total":28,"covered":26,"skipped":0,"pct":92.85},"statements":{"total":453,"covered":411,"skipped":0,"pct":90.72},"branches":{"total":86,"covered":61,"skipped":0,"pct":70.93}}
,"/home/mingzhenjia/Extension-for-vscode/iflow-for-vscode/src/streamStatusUtils.ts": {"lines":{"total":38,"covered":37,"skipped":0,"pct":97.36},"functions":{"total":2,"covered":2,"skipped":0,"pct":100},"statements":{"total":38,"covered":37,"skipped":0,"pct":97.36},"branches":{"total":10,"covered":9,"skipped":0,"pct":90}}
,"/home/mingzhenjia/Extension-for-vscode/iflow-for-vscode/src/thinkingParser.ts": {"lines":{"total":68,"covered":62,"skipped":0,"pct":91.17},"functions":{"total":2,"covered":2,"skipped":0,"pct":100},"statements":{"total":68,"covered":62,"skipped":0,"pct":91.17},"branches":{"total":16,"covered":15,"skipped":0,"pct":93.75}}
,"/home/mingzhenjia/Extension-for-vscode/iflow-for-vscode/src/webviewHandler.ts": {"lines":{"total":465,"covered":254,"skipped":0,"pct":54.62},"functions":{"total":56,"covered":15,"skipped":0,"pct":26.78},"statements":{"total":465,"covered":254,"skipped":0,"pct":54.62},"branches":{"total":48,"covered":28,"skipped":0,"pct":58.33}}
,"/home/mingzhenjia/Extension-for-vscode/iflow-for-vscode/src/acp/interactionBridge.ts": {"lines":{"total":336,"covered":286,"skipped":0,"pct":85.11},"functions":{"total":17,"covered":17,"skipped":0,"pct":100},"statements":{"total":336,"covered":286,"skipped":0,"pct":85.11},"branches":{"total":69,"covered":43,"skipped":0,"pct":62.31}}
,"/home/mingzhenjia/Extension-for-vscode/iflow-for-vscode/src/acp/pathPolicy.ts": {"lines":{"total":80,"covered":76,"skipped":0,"pct":95},"functions":{"total":9,"covered":9,"skipped":0,"pct":100},"statements":{"total":80,"covered":76,"skipped":0,"pct":95},"branches":{"total":22,"covered":19,"skipped":0,"pct":86.36}}
,"/home/mingzhenjia/Extension-for-vscode/iflow-for-vscode/src/acp/runtimeConfigApplier.ts": {"lines":{"total":132,"covered":121,"skipped":0,"pct":91.66},"functions":{"total":7,"covered":6,"skipped":0,"pct":85.71},"statements":{"total":132,"covered":121,"skipped":0,"pct":91.66},"branches":{"total":14,"covered":10,"skipped":0,"pct":71.42}}
,"/home/mingzhenjia/Extension-for-vscode/iflow-for-vscode/src/acp/sessionCoordinator.ts": {"lines":{"total":383,"covered":347,"skipped":0,"pct":90.6},"functions":{"total":17,"covered":17,"skipped":0,"pct":100},"statements":{"total":383,"covered":347,"skipped":0,"pct":90.6},"branches":{"total":54,"covered":44,"skipped":0,"pct":81.48}}
,"/home/mingzhenjia/Extension-for-vscode/iflow-for-vscode/src/acp/settingsRepository.ts": {"lines":{"total":72,"covered":18,"skipped":0,"pct":25},"functions":{"total":7,"covered":2,"skipped":0,"pct":28.57},"statements":{"total":72,"covered":18,"skipped":0,"pct":25},"branches":{"total":2,"covered":2,"skipped":0,"pct":100}}
,"/home/mingzhenjia/Extension-for-vscode/iflow-for-vscode/src/store/chunkReducer.ts": {"lines":{"total":203,"covered":130,"skipped":0,"pct":64.03},"functions":{"total":4,"covered":3,"skipped":0,"pct":75},"statements":{"total":203,"covered":130,"skipped":0,"pct":64.03},"branches":{"total":42,"covered":16,"skipped":0,"pct":38.09}}
,"/home/mingzhenjia/Extension-for-vscode/iflow-for-vscode/src/store/contextUsageEstimator.ts": {"lines":{"total":52,"covered":43,"skipped":0,"pct":82.69},"functions":{"total":2,"covered":2,"skipped":0,"pct":100},"statements":{"total":52,"covered":43,"skipped":0,"pct":82.69},"branches":{"total":15,"covered":8,"skipped":0,"pct":53.33}}
,"/home/mingzhenjia/Extension-for-vscode/iflow-for-vscode/src/store/conversationMutations.ts": {"lines":{"total":41,"covered":35,"skipped":0,"pct":85.36},"functions":{"total":3,"covered":3,"skipped":0,"pct":100},"statements":{"total":41,"covered":35,"skipped":0,"pct":85.36},"branches":{"total":8,"covered":4,"skipped":0,"pct":50}}
,"/home/mingzhenjia/Extension-for-vscode/iflow-for-vscode/src/webview/cliStatusService.ts": {"lines":{"total":75,"covered":29,"skipped":0,"pct":38.66},"functions":{"total":7,"covered":2,"skipped":0,"pct":28.57},"statements":{"total":75,"covered":29,"skipped":0,"pct":38.66},"branches":{"total":2,"covered":2,"skipped":0,"pct":100}}
,"/home/mingzhenjia/Extension-for-vscode/iflow-for-vscode/src/webview/htmlTemplate.ts": {"lines":{"total":42,"covered":3,"skipped":0,"pct":7.14},"functions":{"total":2,"covered":0,"skipped":0,"pct":0},"statements":{"total":42,"covered":3,"skipped":0,"pct":7.14},"branches":{"total":0,"covered":0,"skipped":0,"pct":100}}
,"/home/mingzhenjia/Extension-for-vscode/iflow-for-vscode/src/webview/ideContextService.ts": {"lines":{"total":33,"covered":7,"skipped":0,"pct":21.21},"functions":{"total":1,"covered":0,"skipped":0,"pct":0},"statements":{"total":33,"covered":7,"skipped":0,"pct":21.21},"branches":{"total":0,"covered":0,"skipped":0,"pct":100}}
,"/home/mingzhenjia/Extension-for-vscode/iflow-for-vscode/src/webview/messageRouter.ts": {"lines":{"total":23,"covered":23,"skipped":0,"pct":100},"functions":{"total":1,"covered":1,"skipped":0,"pct":100},"statements":{"total":23,"covered":23,"skipped":0,"pct":100},"branches":{"total":3,"covered":3,"skipped":0,"pct":100}}
,"/home/mingzhenjia/Extension-for-vscode/iflow-for-vscode/src/webview/planApprovalCoordinator.ts": {"lines":{"total":75,"covered":59,"skipped":0,"pct":78.66},"functions":{"total":9,"covered":8,"skipped":0,"pct":88.88},"statements":{"total":75,"covered":59,"skipped":0,"pct":78.66},"branches":{"total":14,"covered":11,"skipped":0,"pct":78.57}}
,"/home/mingzhenjia/Extension-for-vscode/iflow-for-vscode/src/webview/planModeOrchestrator.ts": {"lines":{"total":98,"covered":79,"skipped":0,"pct":80.61},"functions":{"total":11,"covered":9,"skipped":0,"pct":81.81},"statements":{"total":98,"covered":79,"skipped":0,"pct":80.61},"branches":{"total":18,"covered":9,"skipped":0,"pct":50}}
,"/home/mingzhenjia/Extension-for-vscode/iflow-for-vscode/src/webview/sendMessagePipeline.ts": {"lines":{"total":303,"covered":286,"skipped":0,"pct":94.38},"functions":{"total":15,"covered":15,"skipped":0,"pct":100},"statements":{"total":303,"covered":286,"skipped":0,"pct":94.38},"branches":{"total":54,"covered":47,"skipped":0,"pct":87.03}}
}
