TN:
SF:src/acpClient.ts
FN:1,get
FNF:1
FNH:1
FNDA:24,get
DA:1,1
LF:1
LH:1
BRDA:1,0,0,24
BRF:1
BRH:1
end_of_record
TN:
SF:src/acpProtocol.ts
FN:33,<instance_members_initializer>
FN:52,AcpProtocol
FN:63,sendRequest
FN:84,sendResult
FN:92,sendError
FN:107,onServerMethod
FN:114,onNotification
FN:124,startReceiveLoop
FN:133,stopReceiveLoop
FN:140,dispose
FN:151,receiveLoop
FN:177,routeMessage
FN:228,formatJsonRpcError
FN:251,summarizeErrorData
FN:271,truncateForError
FN:279,isRecord
FNF:16
FNH:16
FNDA:15,<instance_members_initializer>
FNDA:15,AcpProtocol
FNDA:7,sendRequest
FNDA:2,sendResult
FNDA:3,sendError
FNDA:2,onServerMethod
FNDA:1,onNotification
FNDA:15,startReceiveLoop
FNDA:15,stopReceiveLoop
FNDA:15,dispose
FNDA:15,receiveLoop
FNDA:11,routeMessage
FNDA:3,formatJsonRpcError
FNDA:3,summarizeErrorData
FNDA:1,truncateForError
FNDA:3,isRecord
DA:1,1
DA:2,1
DA:3,1
DA:4,1
DA:5,1
DA:6,1
DA:7,1
DA:8,1
DA:9,1
DA:10,1
DA:11,1
DA:12,1
DA:13,1
DA:14,1
DA:15,1
DA:16,1
DA:17,1
DA:18,1
DA:19,1
DA:20,1
DA:21,1
DA:22,1
DA:23,1
DA:24,1
DA:25,1
DA:26,1
DA:27,1
DA:28,1
DA:29,1
DA:30,1
DA:31,1
DA:32,1
DA:33,1
DA:34,15
DA:35,15
DA:36,15
DA:37,15
DA:38,15
DA:39,15
DA:40,15
DA:41,15
DA:42,15
DA:43,15
DA:44,15
DA:45,15
DA:46,15
DA:47,15
DA:48,15
DA:49,15
DA:50,1
DA:51,1
DA:52,1
DA:53,15
DA:54,15
DA:55,15
DA:56,1
DA:57,1
DA:58,1
DA:59,1
DA:60,1
DA:61,1
DA:62,1
DA:63,1
DA:64,7
DA:65,7
DA:66,7
DA:67,7
DA:68,7
DA:69,7
DA:70,7
DA:71,7
DA:72,7
DA:73,7
DA:74,7
DA:75,1
DA:76,1
DA:77,7
DA:78,7
DA:79,7
DA:80,1
DA:81,1
DA:82,1
DA:83,1
DA:84,1
DA:85,2
DA:86,2
DA:87,2
DA:88,1
DA:89,1
DA:90,1
DA:91,1
DA:92,1
DA:93,3
DA:94,3
DA:95,3
DA:96,3
DA:97,3
DA:98,3
DA:99,3
DA:100,1
DA:101,1
DA:102,1
DA:103,1
DA:104,1
DA:105,1
DA:106,1
DA:107,1
DA:108,2
DA:109,2
DA:110,1
DA:111,1
DA:112,1
DA:113,1
DA:114,1
DA:115,1
DA:116,1
DA:117,1
DA:118,1
DA:119,1
DA:120,1
DA:121,1
DA:122,1
DA:123,1
DA:124,1
DA:125,15
DA:126,15
DA:127,15
DA:128,15
DA:129,1
DA:130,1
DA:131,1
DA:132,1
DA:133,1
DA:134,15
DA:135,15
DA:136,1
DA:137,1
DA:138,1
DA:139,1
DA:140,1
DA:141,15
DA:142,15
DA:143,15
DA:144,0
DA:145,0
DA:146,15
DA:147,15
DA:148,1
DA:149,1
DA:150,1
DA:151,1
DA:152,15
DA:153,27
DA:154,27
DA:155,27
DA:156,27
DA:157,0
DA:158,0
DA:159,0
DA:160,0
DA:161,13
DA:162,13
DA:163,13
DA:164,13
DA:165,27
DA:166,2
DA:167,2
DA:168,2
DA:169,0
DA:170,0
DA:171,0
DA:172,11
DA:173,11
DA:174,11
DA:175,15
DA:176,1
DA:177,1
DA:178,11
DA:179,11
DA:180,11
DA:181,11
DA:182,11
DA:183,6
DA:184,6
DA:185,0
DA:186,0
DA:187,0
DA:188,6
DA:189,6
DA:190,6
DA:191,3
DA:192,3
DA:193,3
DA:194,3
DA:195,6
DA:196,6
DA:197,5
DA:198,5
DA:199,11
DA:200,3
DA:201,3
DA:202,1
DA:203,1
DA:204,1
DA:205,1
DA:206,2
DA:207,2
DA:208,2
DA:209,2
DA:210,2
DA:211,2
DA:212,2
DA:213,2
DA:214,2
DA:215,2
DA:216,11
DA:217,2
DA:218,2
DA:219,1
DA:220,1
DA:221,2
DA:222,2
DA:223,2
DA:224,0
DA:225,0
DA:226,0
DA:227,1
DA:228,1
DA:229,3
DA:230,0
DA:231,0
DA:232,3
DA:233,3
DA:234,3
DA:235,3
DA:236,3
DA:237,3
DA:238,3
DA:239,3
DA:240,3
DA:241,2
DA:242,3
DA:243,0
DA:244,0
DA:245,3
DA:246,3
DA:247,3
DA:248,3
DA:249,3
DA:250,1
DA:251,1
DA:252,3
DA:253,2
DA:254,2
DA:255,1
DA:256,3
DA:257,0
DA:258,0
DA:259,0
DA:260,0
DA:261,0
DA:262,0
DA:263,1
DA:264,1
DA:265,1
DA:266,3
DA:267,0
DA:268,0
DA:269,3
DA:270,1
DA:271,1
DA:272,1
DA:273,1
DA:274,1
DA:275,0
DA:276,0
DA:277,0
DA:278,1
DA:279,1
DA:280,3
DA:281,3
DA:282,1
LF:282
LH:252
BRDA:33,0,0,15
BRDA:52,1,0,15
BRDA:63,2,0,7
BRDA:69,3,0,1
BRDA:69,4,0,6
BRDA:72,5,0,7
BRDA:74,6,0,1
BRDA:76,7,0,0
BRDA:84,8,0,2
BRDA:92,9,0,3
BRDA:107,10,0,2
BRDA:114,11,0,1
BRDA:124,12,0,15
BRDA:125,13,0,0
BRDA:133,14,0,15
BRDA:140,15,0,15
BRDA:143,16,0,0
BRDA:151,17,0,15
BRDA:152,18,0,27
BRDA:156,19,0,13
BRDA:156,20,0,0
BRDA:161,21,0,13
BRDA:165,22,0,2
BRDA:169,23,0,0
BRDA:172,24,0,11
BRDA:177,25,0,11
BRDA:182,26,0,9
BRDA:182,27,0,6
BRDA:184,28,0,0
BRDA:190,29,0,3
BRDA:197,30,0,5
BRDA:199,31,0,3
BRDA:199,32,0,3
BRDA:201,33,0,1
BRDA:206,34,0,2
BRDA:214,35,0,2
BRDA:216,36,0,2
BRDA:218,37,0,1
BRDA:224,38,0,0
BRDA:208,39,0,1
BRDA:209,40,0,1
BRDA:210,41,0,0
BRDA:228,42,0,3
BRDA:229,43,0,0
BRDA:233,44,0,0
BRDA:235,45,0,2
BRDA:236,46,0,1
BRDA:240,47,0,2
BRDA:241,48,0,1
BRDA:242,49,0,1
BRDA:242,50,0,0
BRDA:248,51,0,0
BRDA:251,52,0,3
BRDA:252,53,0,2
BRDA:255,54,0,1
BRDA:256,55,0,0
BRDA:263,56,0,1
BRDA:266,57,0,0
BRDA:271,58,0,1
BRDA:275,59,0,0
BRDA:279,60,0,3
BRF:61
BRH:46
end_of_record
TN:
SF:src/acpTransport.ts
FN:33,<instance_members_initializer>
FN:45,AcpTransport
FN:49,get isConnected
FN:61,connect
FN:85,onOpen
FN:94,onError
FN:100,cleanup
FN:114,disconnect
FN:134,send
FN:148,receive
FN:164,installListeners
FN:189,rejectAllWaiters
FN:195,createRealWebSocket
FNF:13
FNH:12
FNDA:13,<instance_members_initializer>
FNDA:13,AcpTransport
FNDA:5,get isConnected
FNDA:11,connect
FNDA:9,onOpen
FNDA:1,onError
FNDA:11,cleanup
FNDA:14,disconnect
FNDA:2,send
FNDA:8,receive
FNDA:9,installListeners
FNDA:15,rejectAllWaiters
FNDA:0,createRealWebSocket
DA:1,1
DA:2,1
DA:3,1
DA:4,1
DA:5,1
DA:6,1
DA:7,1
DA:8,1
DA:9,1
DA:10,1
DA:11,1
DA:12,1
DA:13,1
DA:14,1
DA:15,1
DA:16,1
DA:17,1
DA:18,1
DA:19,1
DA:20,1
DA:21,1
DA:22,1
DA:23,1
DA:24,1
DA:25,1
DA:26,1
DA:27,1
DA:28,1
DA:29,1
DA:30,1
DA:31,1
DA:32,1
DA:33,1
DA:34,13
DA:35,13
DA:36,13
DA:37,13
DA:38,13
DA:39,13
DA:40,13
DA:41,13
DA:42,13
DA:43,1
DA:44,1
DA:45,1
DA:46,13
DA:47,13
DA:48,1
DA:49,1
DA:50,5
DA:51,5
DA:52,1
DA:53,1
DA:54,1
DA:55,1
DA:56,1
DA:57,1
DA:58,1
DA:59,1
DA:60,1
DA:61,1
DA:62,11
DA:63,11
DA:64,11
DA:65,11
DA:66,0
DA:67,0
DA:68,11
DA:69,11
DA:70,11
DA:71,11
DA:72,0
DA:73,0
DA:74,11
DA:75,1
DA:76,1
DA:77,1
DA:78,1
DA:79,1
DA:80,0
DA:81,0
DA:82,1
DA:83,11
DA:84,11
DA:85,11
DA:86,9
DA:87,9
DA:88,9
DA:89,9
DA:90,9
DA:91,9
DA:92,11
DA:93,11
DA:94,11
DA:95,1
DA:96,1
DA:97,1
DA:98,11
DA:99,11
DA:100,11
DA:101,11
DA:102,11
DA:103,11
DA:104,11
DA:105,11
DA:106,11
DA:107,11
DA:108,0
DA:109,0
DA:110,1
DA:111,1
DA:112,1
DA:113,1
DA:114,1
DA:115,14
DA:116,14
DA:117,6
DA:118,6
DA:119,6
DA:120,6
DA:121,6
DA:122,6
DA:123,6
DA:124,14
DA:125,0
DA:126,0
DA:127,6
DA:128,6
DA:129,6
DA:130,1
DA:131,1
DA:132,1
DA:133,1
DA:134,1
DA:135,2
DA:136,1
DA:137,1
DA:138,1
DA:139,1
DA:140,1
DA:141,1
DA:142,1
DA:143,1
DA:144,1
DA:145,1
DA:146,1
DA:147,1
DA:148,1
DA:149,8
DA:150,1
DA:151,1
DA:152,7
DA:153,8
DA:154,4
DA:155,4
DA:156,3
DA:157,3
DA:158,3
DA:159,3
DA:160,3
DA:161,1
DA:162,1
DA:163,1
DA:164,1
DA:165,9
DA:166,5
DA:167,5
DA:168,1
DA:169,5
DA:170,4
DA:171,4
DA:172,9
DA:173,9
DA:174,9
DA:175,8
DA:176,8
DA:177,8
DA:178,8
DA:179,9
DA:180,9
DA:181,9
DA:182,1
DA:183,1
DA:184,1
DA:185,1
DA:186,9
DA:187,9
DA:188,1
DA:189,1
DA:190,15
DA:191,2
DA:192,2
DA:193,15
DA:194,1
DA:195,1
DA:196,0
DA:197,0
DA:198,0
DA:199,1
LF:199
LH:186
BRDA:33,0,0,13
BRDA:45,1,0,13
BRDA:49,2,0,5
BRDA:61,3,0,11
BRDA:65,4,0,0
BRDA:71,5,0,0
BRDA:72,6,0,0
BRDA:73,7,0,11
BRDA:74,8,0,1
BRDA:79,9,0,0
BRDA:85,10,0,9
BRDA:94,11,0,1
BRDA:100,12,0,11
BRDA:114,13,0,14
BRDA:116,14,0,8
BRDA:117,15,0,6
BRDA:124,16,0,0
BRDA:127,17,0,6
BRDA:134,18,0,2
BRDA:135,19,0,1
BRDA:135,20,0,1
BRDA:148,21,0,8
BRDA:149,22,0,1
BRDA:152,23,0,7
BRDA:153,24,0,4
BRDA:156,25,0,3
BRDA:157,26,0,3
BRDA:164,27,0,9
BRDA:165,28,0,5
BRDA:167,29,0,1
BRDA:169,30,0,4
BRDA:174,31,0,8
BRDA:178,32,0,1
BRDA:181,33,0,1
BRDA:185,34,0,0
BRDA:189,35,0,15
BRDA:190,36,0,2
BRF:37
BRH:31
end_of_record
TN:
SF:src/authConstants.ts
FNF:0
FNH:0
DA:1,1
DA:2,1
DA:3,1
DA:4,1
DA:5,1
DA:6,1
DA:7,1
DA:8,1
DA:9,1
DA:10,1
DA:11,1
DA:12,1
DA:13,1
DA:14,1
DA:15,1
LF:15
LH:15
BRF:0
BRH:0
end_of_record
TN:
SF:src/authService.ts
FN:33,<instance_members_initializer>
FN:41,AuthService
FN:46,info
FN:47,warn
FN:48,error
FN:53,getOAuthClientId
FN:54,parseExpiresInSeconds
FN:55,httpsPost
FN:60,startLogin
FN:103,logout
FN:116,ensureValidToken
FN:119,readCredentials
FN:120,refreshCredentials
FN:121,writeCredentials
FN:122,updateSettings
FN:123,logout
FN:124,logInfo
FN:125,logWarn
FN:126,logError
FN:130,isLoggedIn
FN:135,dispose
FN:139,logInfo
FN:143,logWarn
FN:147,logError
FN:151,appendLog
FN:159,migrateLegacyCredentialsIfNeeded
FN:163,readCredentials
FN:167,writeCredentials
FN:171,clearStoredCredentials
FN:175,removeLegacyCredentialsFile
FN:179,updateSettings
FN:183,clearSettings
FN:187,getOAuthClientId
FN:191,generateCodeVerifier
FN:195,generateCodeChallenge
FN:199,buildAuthorizeUrl
FN:203,startCallbackServer
FN:283,stopCallbackServer
FN:294,exchangeCodeForTokens
FN:302,fetchUserInfo
FN:322,refreshAccessToken
FN:326,httpsPost
FN:346,httpsGet
FN:361,sendHttpsRequest
FN:411,getOAuthRequestTimeoutMs
FN:421,parseExpiresInSeconds
FNF:46
FNH:25
FNDA:7,<instance_members_initializer>
FNDA:7,AuthService
FNDA:0,info
FNDA:0,warn
FNDA:0,error
FNDA:1,getOAuthClientId
FNDA:1,parseExpiresInSeconds
FNDA:1,httpsPost
FNDA:1,startLogin
FNDA:0,logout
FNDA:3,ensureValidToken
FNDA:3,readCredentials
FNDA:1,refreshCredentials
FNDA:1,writeCredentials
FNDA:1,updateSettings
FNDA:1,logout
FNDA:2,logInfo
FNDA:1,logWarn
FNDA:0,logError
FNDA:1,isLoggedIn
FNDA:0,dispose
FNDA:3,logInfo
FNDA:1,logWarn
FNDA:0,logError
FNDA:4,appendLog
FNDA:0,migrateLegacyCredentialsIfNeeded
FNDA:0,readCredentials
FNDA:0,writeCredentials
FNDA:0,clearStoredCredentials
FNDA:0,removeLegacyCredentialsFile
FNDA:0,updateSettings
FNDA:0,clearSettings
FNDA:1,getOAuthClientId
FNDA:1,generateCodeVerifier
FNDA:1,generateCodeChallenge
FNDA:0,buildAuthorizeUrl
FNDA:0,startCallbackServer
FNDA:1,stopCallbackServer
FNDA:1,exchangeCodeForTokens
FNDA:1,fetchUserInfo
FNDA:0,refreshAccessToken
FNDA:0,httpsPost
FNDA:0,httpsGet
FNDA:0,sendHttpsRequest
FNDA:0,getOAuthRequestTimeoutMs
FNDA:1,parseExpiresInSeconds
DA:1,1
DA:2,1
DA:3,1
DA:4,1
DA:5,1
DA:6,1
DA:7,1
DA:8,1
DA:9,1
DA:10,1
DA:11,1
DA:12,1
DA:13,1
DA:14,1
DA:15,1
DA:16,1
DA:17,1
DA:18,1
DA:19,1
DA:20,1
DA:21,1
DA:22,1
DA:23,1
DA:24,1
DA:25,1
DA:26,1
DA:27,1
DA:28,1
DA:29,1
DA:30,1
DA:31,1
DA:32,1
DA:33,1
DA:34,7
DA:35,7
DA:36,7
DA:37,7
DA:38,7
DA:39,1
DA:40,1
DA:41,1
DA:42,7
DA:43,7
DA:44,7
DA:45,7
DA:46,7
DA:47,7
DA:48,7
DA:49,7
DA:50,7
DA:51,7
DA:52,7
DA:53,7
DA:54,7
DA:55,7
DA:56,7
DA:57,7
DA:58,7
DA:59,1
DA:60,1
DA:61,1
DA:62,1
DA:63,1
DA:64,0
DA:65,0
DA:66,1
DA:67,1
DA:68,1
DA:69,1
DA:70,1
DA:71,1
DA:72,1
DA:73,1
DA:74,1
DA:75,1
DA:76,1
DA:77,1
DA:78,1
DA:79,1
DA:80,1
DA:81,1
DA:82,1
DA:83,1
DA:84,1
DA:85,1
DA:86,1
DA:87,1
DA:88,1
DA:89,1
DA:90,1
DA:91,1
DA:92,1
DA:93,1
DA:94,1
DA:95,1
DA:96,1
DA:97,1
DA:98,1
DA:99,1
DA:100,1
DA:101,1
DA:102,1
DA:103,1
DA:104,0
DA:105,0
DA:106,0
DA:107,0
DA:108,0
DA:109,0
DA:110,0
DA:111,0
DA:112,0
DA:113,0
DA:114,0
DA:115,1
DA:116,1
DA:117,3
DA:118,3
DA:119,3
DA:120,3
DA:121,3
DA:122,3
DA:123,3
DA:124,3
DA:125,3
DA:126,3
DA:127,3
DA:128,3
DA:129,1
DA:130,1
DA:131,1
DA:132,1
DA:133,1
DA:134,1
DA:135,1
DA:136,0
DA:137,0
DA:138,1
DA:139,1
DA:140,3
DA:141,3
DA:142,1
DA:143,1
DA:144,1
DA:145,1
DA:146,1
DA:147,1
DA:148,0
DA:149,0
DA:150,1
DA:151,1
DA:152,4
DA:153,3
DA:154,3
DA:155,4
DA:156,4
DA:157,4
DA:158,1
DA:159,1
DA:160,0
DA:161,0
DA:162,1
DA:163,1
DA:164,0
DA:165,0
DA:166,1
DA:167,1
DA:168,0
DA:169,0
DA:170,1
DA:171,1
DA:172,0
DA:173,0
DA:174,1
DA:175,1
DA:176,0
DA:177,0
DA:178,1
DA:179,1
DA:180,0
DA:181,0
DA:182,1
DA:183,1
DA:184,0
DA:185,0
DA:186,1
DA:187,1
DA:188,1
DA:189,1
DA:190,1
DA:191,1
DA:192,1
DA:193,1
DA:194,1
DA:195,1
DA:196,1
DA:197,1
DA:198,1
DA:199,1
DA:200,0
DA:201,0
DA:202,1
DA:203,1
DA:204,0
DA:205,0
DA:206,0
DA:207,0
DA:208,0
DA:209,0
DA:210,0
DA:211,0
DA:212,0
DA:213,0
DA:214,0
DA:215,0
DA:216,0
DA:217,0
DA:218,0
DA:219,0
DA:220,0
DA:221,0
DA:222,0
DA:223,0
DA:224,0
DA:225,0
DA:226,0
DA:227,0
DA:228,0
DA:229,0
DA:230,0
DA:231,0
DA:232,0
DA:233,0
DA:234,0
DA:235,0
DA:236,0
DA:237,0
DA:238,0
DA:239,0
DA:240,0
DA:241,0
DA:242,0
DA:243,0
DA:244,0
DA:245,0
DA:246,0
DA:247,0
DA:248,0
DA:249,0
DA:250,0
DA:251,0
DA:252,0
DA:253,0
DA:254,0
DA:255,0
DA:256,0
DA:257,0
DA:258,0
DA:259,0
DA:260,0
DA:261,0
DA:262,0
DA:263,0
DA:264,0
DA:265,0
DA:266,0
DA:267,0
DA:268,0
DA:269,0
DA:270,0
DA:271,0
DA:272,0
DA:273,0
DA:274,0
DA:275,0
DA:276,0
DA:277,0
DA:278,0
DA:279,0
DA:280,0
DA:281,0
DA:282,1
DA:283,1
DA:284,1
DA:285,0
DA:286,0
DA:287,0
DA:288,0
DA:289,0
DA:290,0
DA:291,0
DA:292,1
DA:293,1
DA:294,1
DA:295,1
DA:296,1
DA:297,1
DA:298,1
DA:299,1
DA:300,1
DA:301,1
DA:302,1
DA:303,1
DA:304,1
DA:305,1
DA:306,1
DA:307,1
DA:308,1
DA:309,0
DA:310,0
DA:311,1
DA:312,1
DA:313,1
DA:314,1
DA:315,1
DA:316,1
DA:317,1
DA:318,1
DA:319,1
DA:320,1
DA:321,1
DA:322,1
DA:323,0
DA:324,0
DA:325,1
DA:326,1
DA:327,0
DA:328,0
DA:329,0
DA:330,0
DA:331,0
DA:332,0
DA:333,0
DA:334,0
DA:335,0
DA:336,0
DA:337,0
DA:338,0
DA:339,0
DA:340,0
DA:341,0
DA:342,0
DA:343,0
DA:344,0
DA:345,1
DA:346,1
DA:347,0
DA:348,0
DA:349,0
DA:350,0
DA:351,0
DA:352,0
DA:353,0
DA:354,0
DA:355,0
DA:356,0
DA:357,0
DA:358,0
DA:359,0
DA:360,1
DA:361,1
DA:362,0
DA:363,0
DA:364,0
DA:365,0
DA:366,0
DA:367,0
DA:368,0
DA:369,0
DA:370,0
DA:371,0
DA:372,0
DA:373,0
DA:374,0
DA:375,0
DA:376,0
DA:377,0
DA:378,0
DA:379,0
DA:380,0
DA:381,0
DA:382,0
DA:383,0
DA:384,0
DA:385,0
DA:386,0
DA:387,0
DA:388,0
DA:389,0
DA:390,0
DA:391,0
DA:392,0
DA:393,0
DA:394,0
DA:395,0
DA:396,0
DA:397,0
DA:398,0
DA:399,0
DA:400,0
DA:401,0
DA:402,0
DA:403,0
DA:404,0
DA:405,0
DA:406,0
DA:407,0
DA:408,0
DA:409,0
DA:410,1
DA:411,1
DA:412,0
DA:413,0
DA:414,0
DA:415,0
DA:416,0
DA:417,0
DA:418,0
DA:419,0
DA:420,1
DA:421,1
DA:422,1
DA:423,0
DA:424,0
DA:425,1
DA:426,1
DA:427,1
DA:428,1
DA:429,1
DA:430,1
DA:431,0
DA:432,0
DA:433,1
LF:433
LH:220
BRDA:33,0,0,7
BRDA:41,1,0,7
BRDA:53,2,0,1
BRDA:54,3,0,1
BRDA:55,4,0,1
BRDA:60,5,0,1
BRDA:63,6,0,0
BRDA:116,7,0,3
BRDA:119,8,0,3
BRDA:120,9,0,1
BRDA:121,10,0,1
BRDA:122,11,0,1
BRDA:123,12,0,1
BRDA:124,13,0,2
BRDA:125,14,0,1
BRDA:130,15,0,1
BRDA:139,16,0,3
BRDA:143,17,0,1
BRDA:151,18,0,4
BRDA:152,19,0,3
BRDA:187,20,0,1
BRDA:191,21,0,1
BRDA:195,22,0,1
BRDA:283,23,0,1
BRDA:284,24,0,0
BRDA:294,25,0,1
BRDA:302,26,0,1
BRDA:307,27,0,0
BRDA:308,28,0,0
BRDA:421,29,0,1
BRDA:422,30,0,0
BRDA:422,31,0,0
BRDA:422,32,0,0
BRDA:431,33,0,0
BRF:34
BRH:26
end_of_record
TN:
SF:src/chunkMapper.ts
FN:1,get
FNF:1
FNH:1
FNDA:39,get
DA:1,1
LF:1
LH:1
BRDA:1,0,0,39
BRF:1
BRH:1
end_of_record
TN:
SF:src/cliDiscovery.ts
FN:15,findIFlowPathCrossPlatform
FN:22,findIFlowPathWindows
FN:61,collectWindowsIFlowCandidates
FN:86,findIFlowPathUnix
FN:113,findIFlowPathUnixFromKnownLocations
FN:122,collectUnixIFlowCandidates
FN:167,collectIfloFromVersionManagerDirs
FN:188,resolveIFlowScriptCrossPlatform
FN:234,parseCmdWrapper
FN:263,parsePs1Wrapper
FN:302,deriveNodePathFromIFlow
FN:337,inferNodePathFromScript
FN:354,findNodePathWindows
FN:374,collectWindowsNodeCandidates
FN:401,collectNodeExeFromVersionRoot
FN:415,findNodePathUnix
FN:443,collectUnixNodeCandidates
FNF:17
FNH:5
FNDA:0,findIFlowPathCrossPlatform
FNDA:0,findIFlowPathWindows
FNDA:0,collectWindowsIFlowCandidates
FNDA:0,findIFlowPathUnix
FNDA:0,findIFlowPathUnixFromKnownLocations
FNDA:0,collectUnixIFlowCandidates
FNDA:0,collectIfloFromVersionManagerDirs
FNDA:10,resolveIFlowScriptCrossPlatform
FNDA:2,parseCmdWrapper
FNDA:8,parsePs1Wrapper
FNDA:2,deriveNodePathFromIFlow
FNDA:1,inferNodePathFromScript
FNDA:0,findNodePathWindows
FNDA:0,collectWindowsNodeCandidates
FNDA:0,collectNodeExeFromVersionRoot
FNDA:0,findNodePathUnix
FNDA:0,collectUnixNodeCandidates
DA:1,1
DA:2,1
DA:3,1
DA:4,1
DA:5,1
DA:6,1
DA:7,1
DA:8,1
DA:9,1
DA:10,1
DA:11,1
DA:12,1
DA:13,1
DA:14,1
DA:15,1
DA:16,0
DA:17,0
DA:18,0
DA:19,0
DA:20,0
DA:21,1
DA:22,0
DA:23,0
DA:24,0
DA:25,0
DA:26,0
DA:27,0
DA:28,0
DA:29,0
DA:30,0
DA:31,0
DA:32,0
DA:33,0
DA:34,0
DA:35,0
DA:36,0
DA:37,0
DA:38,0
DA:39,0
DA:40,0
DA:41,0
DA:42,0
DA:43,0
DA:44,0
DA:45,0
DA:46,0
DA:47,0
DA:48,0
DA:49,0
DA:50,0
DA:51,0
DA:52,0
DA:53,0
DA:54,0
DA:55,0
DA:56,0
DA:57,0
DA:58,0
DA:59,0
DA:60,1
DA:61,0
DA:62,0
DA:63,0
DA:64,0
DA:65,0
DA:66,0
DA:67,0
DA:68,0
DA:69,0
DA:70,0
DA:71,0
DA:72,0
DA:73,0
DA:74,0
DA:75,0
DA:76,0
DA:77,0
DA:78,0
DA:79,0
DA:80,0
DA:81,0
DA:82,0
DA:83,0
DA:84,0
DA:85,1
DA:86,0
DA:87,0
DA:88,0
DA:89,0
DA:90,0
DA:91,0
DA:92,0
DA:93,0
DA:94,0
DA:95,0
DA:96,0
DA:97,0
DA:98,0
DA:99,0
DA:100,0
DA:101,0
DA:102,0
DA:103,0
DA:104,0
DA:105,0
DA:106,0
DA:107,0
DA:108,0
DA:109,0
DA:110,0
DA:111,0
DA:112,1
DA:113,0
DA:114,0
DA:115,0
DA:116,0
DA:117,0
DA:118,0
DA:119,0
DA:120,0
DA:121,1
DA:122,0
DA:123,0
DA:124,0
DA:125,0
DA:126,0
DA:127,0
DA:128,0
DA:129,0
DA:130,0
DA:131,0
DA:132,0
DA:133,0
DA:134,0
DA:135,0
DA:136,0
DA:137,0
DA:138,0
DA:139,0
DA:140,0
DA:141,0
DA:142,0
DA:143,0
DA:144,0
DA:145,0
DA:146,0
DA:147,0
DA:148,0
DA:149,0
DA:150,0
DA:151,0
DA:152,0
DA:153,0
DA:154,0
DA:155,0
DA:156,0
DA:157,0
DA:158,0
DA:159,0
DA:160,0
DA:161,0
DA:162,0
DA:163,0
DA:164,0
DA:165,0
DA:166,1
DA:167,0
DA:168,0
DA:169,0
DA:170,0
DA:171,0
DA:172,0
DA:173,0
DA:174,0
DA:175,0
DA:176,0
DA:177,0
DA:178,0
DA:179,0
DA:180,1
DA:181,1
DA:182,1
DA:183,1
DA:184,1
DA:185,1
DA:186,1
DA:187,1
DA:188,10
DA:189,10
DA:190,10
DA:191,10
DA:192,10
DA:193,10
DA:194,10
DA:195,10
DA:196,10
DA:197,10
DA:198,8
DA:199,8
DA:200,6
DA:201,6
DA:202,6
DA:203,8
DA:204,4
DA:205,4
DA:206,10
DA:207,10
DA:208,10
DA:209,10
DA:210,2
DA:211,2
DA:212,2
DA:213,2
DA:214,2
DA:215,2
DA:216,2
DA:217,2
DA:218,2
DA:219,2
DA:220,2
DA:221,0
DA:222,0
DA:223,0
DA:224,0
DA:225,0
DA:226,0
DA:227,0
DA:228,0
DA:229,0
DA:230,0
DA:231,10
DA:232,1
DA:233,1
DA:234,2
DA:235,2
DA:236,2
DA:237,2
DA:238,2
DA:239,2
DA:240,2
DA:241,2
DA:242,2
DA:243,2
DA:244,2
DA:245,2
DA:246,2
DA:247,2
DA:248,2
DA:249,2
DA:250,2
DA:251,2
DA:252,2
DA:253,2
DA:254,0
DA:255,0
DA:256,2
DA:257,0
DA:258,0
DA:259,0
DA:260,0
DA:261,1
DA:262,1
DA:263,8
DA:264,8
DA:265,8
DA:266,8
DA:267,8
DA:268,8
DA:269,8
DA:270,8
DA:271,6
DA:272,6
DA:273,6
DA:274,5
DA:275,5
DA:276,1
DA:277,8
DA:278,2
DA:279,2
DA:280,2
DA:281,2
DA:282,2
DA:283,2
DA:284,2
DA:285,1
DA:286,1
DA:287,2
DA:288,2
DA:289,8
DA:290,0
DA:291,0
DA:292,2
DA:293,2
DA:294,1
DA:295,1
DA:296,1
DA:297,1
DA:298,1
DA:299,1
DA:300,1
DA:301,1
DA:302,1
DA:303,2
DA:304,2
DA:305,2
DA:306,2
DA:307,2
DA:308,2
DA:309,2
DA:310,2
DA:311,2
DA:312,2
DA:313,1
DA:314,1
DA:315,1
DA:316,1
DA:317,1
DA:318,1
DA:319,1
DA:320,1
DA:321,1
DA:322,0
DA:323,0
DA:324,0
DA:325,0
DA:326,0
DA:327,0
DA:328,0
DA:329,0
DA:330,0
DA:331,0
DA:332,0
DA:333,0
DA:334,0
DA:335,0
DA:336,1
DA:337,1
DA:338,1
DA:339,0
DA:340,0
DA:341,1
DA:342,1
DA:343,1
DA:344,1
DA:345,1
DA:346,1
DA:347,1
DA:348,1
DA:349,1
DA:350,1
DA:351,0
DA:352,0
DA:353,1
DA:354,0
DA:355,0
DA:356,0
DA:357,0
DA:358,0
DA:359,0
DA:360,0
DA:361,0
DA:362,0
DA:363,0
DA:364,0
DA:365,0
DA:366,0
DA:367,0
DA:368,0
DA:369,0
DA:370,0
DA:371,0
DA:372,0
DA:373,1
DA:374,0
DA:375,0
DA:376,0
DA:377,0
DA:378,0
DA:379,0
DA:380,0
DA:381,0
DA:382,0
DA:383,0
DA:384,0
DA:385,0
DA:386,0
DA:387,0
DA:388,0
DA:389,0
DA:390,0
DA:391,0
DA:392,0
DA:393,0
DA:394,0
DA:395,0
DA:396,0
DA:397,0
DA:398,0
DA:399,0
DA:400,1
DA:401,0
DA:402,0
DA:403,0
DA:404,0
DA:405,0
DA:406,0
DA:407,0
DA:408,0
DA:409,0
DA:410,0
DA:411,0
DA:412,0
DA:413,0
DA:414,1
DA:415,0
DA:416,0
DA:417,0
DA:418,0
DA:419,0
DA:420,0
DA:421,0
DA:422,0
DA:423,0
DA:424,0
DA:425,0
DA:426,0
DA:427,0
DA:428,0
DA:429,0
DA:430,0
DA:431,0
DA:432,0
DA:433,0
DA:434,0
DA:435,0
DA:436,0
DA:437,0
DA:438,0
DA:439,0
DA:440,0
DA:441,0
DA:442,1
DA:443,0
DA:444,0
DA:445,0
DA:446,0
DA:447,0
DA:448,0
DA:449,0
DA:450,0
DA:451,0
DA:452,0
DA:453,0
DA:454,0
DA:455,0
DA:456,0
DA:457,0
DA:458,0
DA:459,0
DA:460,0
DA:461,0
DA:462,0
DA:463,0
DA:464,0
DA:465,0
DA:466,0
DA:467,0
DA:468,0
DA:469,0
DA:470,0
DA:471,0
DA:472,0
DA:473,0
DA:474,0
DA:475,0
DA:476,0
DA:477,0
DA:478,0
DA:479,0
DA:480,0
DA:481,0
DA:482,0
DA:483,0
DA:484,0
LF:484
LH:163
BRDA:188,0,0,10
BRDA:191,1,0,2
BRDA:194,2,0,8
BRDA:194,3,0,2
BRDA:195,4,0,2
BRDA:195,5,0,8
BRDA:196,6,0,2
BRDA:196,7,0,0
BRDA:197,8,0,8
BRDA:199,9,0,6
BRDA:204,10,0,4
BRDA:206,11,0,2
BRDA:206,12,0,2
BRDA:207,13,0,2
BRDA:207,14,0,2
BRDA:208,15,0,2
BRDA:208,16,0,0
BRDA:209,17,0,2
BRDA:221,18,0,0
BRDA:234,19,0,2
BRDA:254,20,0,0
BRDA:256,21,0,0
BRDA:263,22,0,8
BRDA:270,23,0,6
BRDA:273,24,0,5
BRDA:276,25,0,1
BRDA:277,26,0,2
BRDA:284,27,0,1
BRDA:284,28,0,1
BRDA:289,29,0,0
BRDA:292,30,0,2
BRDA:302,31,0,2
BRDA:308,32,0,0
BRDA:312,33,0,1
BRDA:322,34,0,0
BRDA:337,35,0,1
BRDA:338,36,0,0
BRDA:351,37,0,0
BRF:38
BRH:28
end_of_record
TN:
SF:src/errorUtils.ts
FN:18,<instance_members_initializer>
FN:21,AppError
FN:29,normalizeErrorMessage
FN:60,classifyAppErrorCode
FN:116,toAppError
FNF:5
FNH:5
FNDA:10,<instance_members_initializer>
FNDA:10,AppError
FNDA:23,normalizeErrorMessage
FNDA:12,classifyAppErrorCode
FNDA:9,toAppError
DA:1,1
DA:2,1
DA:3,1
DA:4,1
DA:5,1
DA:6,1
DA:7,1
DA:8,1
DA:9,1
DA:10,1
DA:11,1
DA:12,1
DA:13,1
DA:14,1
DA:15,1
DA:16,1
DA:17,1
DA:18,1
DA:19,1
DA:20,1
DA:21,1
DA:22,10
DA:23,10
DA:24,10
DA:25,10
DA:26,10
DA:27,1
DA:28,1
DA:29,23
DA:30,23
DA:31,13
DA:32,13
DA:33,13
DA:34,10
DA:35,23
DA:36,7
DA:37,7
DA:38,7
DA:39,3
DA:40,23
DA:41,0
DA:42,0
DA:43,3
DA:44,3
DA:45,3
DA:46,3
DA:47,3
DA:48,3
DA:49,3
DA:50,3
DA:51,3
DA:52,23
DA:53,0
DA:54,0
DA:55,0
DA:56,0
DA:57,23
DA:58,23
DA:59,1
DA:60,12
DA:61,12
DA:62,12
DA:63,1
DA:64,1
DA:65,11
DA:66,11
DA:67,12
DA:68,4
DA:69,4
DA:70,7
DA:71,7
DA:72,12
DA:73,12
DA:74,12
DA:75,12
DA:76,12
DA:77,12
DA:78,3
DA:79,3
DA:80,4
DA:81,12
DA:82,0
DA:83,0
DA:84,4
DA:85,4
DA:86,4
DA:87,12
DA:88,12
DA:89,0
DA:90,0
DA:91,4
DA:92,4
DA:93,4
DA:94,12
DA:95,0
DA:96,0
DA:97,4
DA:98,4
DA:99,4
DA:100,12
DA:101,0
DA:102,0
DA:103,4
DA:104,4
DA:105,4
DA:106,12
DA:107,12
DA:108,12
DA:109,12
DA:110,0
DA:111,0
DA:112,4
DA:113,4
DA:114,4
DA:115,1
DA:116,9
DA:117,9
DA:118,1
DA:119,0
DA:120,0
DA:121,1
DA:122,1
DA:123,1
DA:124,1
DA:125,1
DA:126,1
DA:127,1
DA:128,8
DA:129,8
DA:130,8
DA:131,9
DA:132,2
DA:133,2
DA:134,6
DA:135,6
DA:136,6
LF:136
LH:118
BRDA:18,0,0,10
BRDA:21,1,0,10
BRDA:22,2,0,8
BRDA:22,3,0,2
BRDA:24,4,0,0
BRDA:29,5,0,23
BRDA:30,6,0,13
BRDA:32,7,0,2
BRDA:34,8,0,10
BRDA:35,9,0,7
BRDA:37,10,0,1
BRDA:39,11,0,3
BRDA:40,12,0,0
BRDA:43,13,0,3
BRDA:52,14,0,0
BRDA:60,15,0,12
BRDA:62,16,0,1
BRDA:65,17,0,11
BRDA:67,18,0,7
BRDA:67,19,0,0
BRDA:67,20,0,4
BRDA:70,21,0,7
BRDA:72,22,0,4
BRDA:73,23,0,4
BRDA:74,24,0,4
BRDA:75,25,0,4
BRDA:76,26,0,4
BRDA:77,27,0,4
BRDA:77,28,0,3
BRDA:80,29,0,4
BRDA:81,30,0,0
BRDA:84,31,0,4
BRDA:87,32,0,4
BRDA:88,33,0,4
BRDA:88,34,0,0
BRDA:91,35,0,4
BRDA:94,36,0,4
BRDA:94,37,0,0
BRDA:97,38,0,4
BRDA:100,39,0,4
BRDA:100,40,0,0
BRDA:103,41,0,4
BRDA:106,42,0,4
BRDA:107,43,0,4
BRDA:108,44,0,4
BRDA:109,45,0,4
BRDA:109,46,0,0
BRDA:112,47,0,4
BRDA:116,48,0,9
BRDA:117,49,0,1
BRDA:118,50,0,0
BRDA:128,51,0,8
BRDA:131,52,0,2
BRDA:134,53,0,6
BRF:54
BRH:44
end_of_record
TN:
SF:src/markdownUrlPolicy.ts
FN:7,sanitizeMarkdownLinkHref
FNF:1
FNH:1
FNDA:6,sanitizeMarkdownLinkHref
DA:1,1
DA:2,1
DA:3,1
DA:4,1
DA:5,1
DA:6,1
DA:7,6
DA:8,6
DA:9,6
DA:10,0
DA:11,0
DA:12,6
DA:13,6
DA:14,6
DA:15,6
DA:16,0
DA:17,0
DA:18,6
DA:19,6
DA:20,6
DA:21,3
DA:22,3
DA:23,3
DA:24,3
DA:25,3
DA:26,6
DA:27,0
DA:28,0
DA:29,3
DA:30,6
DA:31,0
DA:32,0
DA:33,6
LF:33
LH:25
BRDA:7,0,0,6
BRDA:9,1,0,0
BRDA:15,2,0,0
BRDA:20,3,0,3
BRDA:26,4,0,0
BRDA:29,5,0,3
BRDA:30,6,0,0
BRF:7
BRH:3
end_of_record
TN:
SF:src/processManager.ts
FN:55,ProcessManager
FN:67,get hasProcess
FN:72,get currentPort
FN:82,autoDetectNodePath
FN:125,resolveStartMode
FN:158,clearAutoDetectCache
FN:168,startManagedProcess
FN:229,startManagedProcessOnPort
FN:262,settleResolve
FN:273,settleReject
FN:283,ingestOutput
FN:357,checkWebSocketReady
FN:360,getWebSocketUrl
FN:365,isCancelled
FN:366,onFirstFailure
FN:406,stopManagedProcess
FN:426,createDefaultWebSocket
FNF:17
FNH:12
FNDA:34,ProcessManager
FNDA:0,get hasProcess
FNDA:3,get currentPort
FNDA:0,autoDetectNodePath
FNDA:0,resolveStartMode
FNDA:0,clearAutoDetectCache
FNDA:10,startManagedProcess
FNDA:10,startManagedProcessOnPort
FNDA:13,settleResolve
FNDA:2,settleReject
FNDA:10,ingestOutput
FNDA:8,checkWebSocketReady
FNDA:11,getWebSocketUrl
FNDA:16,isCancelled
FNDA:1,onFirstFailure
FNDA:17,stopManagedProcess
FNDA:0,createDefaultWebSocket
DA:1,1
DA:2,1
DA:3,1
DA:4,1
DA:5,1
DA:6,1
DA:7,1
DA:8,1
DA:9,1
DA:10,1
DA:11,1
DA:12,1
DA:13,1
DA:14,1
DA:15,1
DA:16,1
DA:17,1
DA:18,1
DA:19,1
DA:20,1
DA:21,1
DA:22,1
DA:23,1
DA:24,1
DA:25,1
DA:26,1
DA:27,1
DA:28,1
DA:29,1
DA:30,1
DA:31,1
DA:32,1
DA:33,1
DA:34,1
DA:35,1
DA:36,1
DA:37,1
DA:38,1
DA:39,1
DA:40,1
DA:41,1
DA:42,1
DA:43,1
DA:44,1
DA:45,1
DA:46,1
DA:47,1
DA:48,1
DA:49,1
DA:50,1
DA:51,1
DA:52,1
DA:53,1
DA:54,1
DA:55,1
DA:56,34
DA:57,34
DA:58,34
DA:59,34
DA:60,34
DA:61,34
DA:62,34
DA:63,34
DA:64,34
DA:65,1
DA:66,1
DA:67,1
DA:68,0
DA:69,0
DA:70,1
DA:71,1
DA:72,1
DA:73,3
DA:74,3
DA:75,1
DA:76,1
DA:77,1
DA:78,1
DA:79,1
DA:80,1
DA:81,1
DA:82,1
DA:83,0
DA:84,0
DA:85,0
DA:86,0
DA:87,0
DA:88,0
DA:89,0
DA:90,0
DA:91,0
DA:92,0
DA:93,0
DA:94,0
DA:95,0
DA:96,0
DA:97,0
DA:98,0
DA:99,0
DA:100,0
DA:101,0
DA:102,0
DA:103,0
DA:104,0
DA:105,0
DA:106,0
DA:107,0
DA:108,0
DA:109,0
DA:110,0
DA:111,0
DA:112,0
DA:113,0
DA:114,0
DA:115,0
DA:116,0
DA:117,0
DA:118,1
DA:119,1
DA:120,1
DA:121,1
DA:122,1
DA:123,1
DA:124,1
DA:125,1
DA:126,0
DA:127,0
DA:128,0
DA:129,0
DA:130,0
DA:131,0
DA:132,0
DA:133,0
DA:134,0
DA:135,0
DA:136,0
DA:137,0
DA:138,0
DA:139,0
DA:140,0
DA:141,0
DA:142,0
DA:143,0
DA:144,0
DA:145,0
DA:146,0
DA:147,0
DA:148,0
DA:149,0
DA:150,0
DA:151,0
DA:152,0
DA:153,0
DA:154,0
DA:155,0
DA:156,0
DA:157,1
DA:158,1
DA:159,0
DA:160,0
DA:161,1
DA:162,1
DA:163,1
DA:164,1
DA:165,1
DA:166,1
DA:167,1
DA:168,1
DA:169,10
DA:170,10
DA:171,10
DA:172,10
DA:173,10
DA:174,10
DA:175,10
DA:176,10
DA:177,0
DA:178,0
DA:179,0
DA:180,0
DA:181,0
DA:182,0
DA:183,0
DA:184,0
DA:185,0
DA:186,0
DA:187,0
DA:188,10
DA:189,10
DA:190,10
DA:191,9
DA:192,9
DA:193,9
DA:194,9
DA:195,9
DA:196,1
DA:197,1
DA:198,9
DA:199,10
DA:200,10
DA:201,10
DA:202,10
DA:203,10
DA:204,10
DA:205,10
DA:206,10
DA:207,10
DA:208,10
DA:209,2
DA:210,2
DA:211,2
DA:212,0
DA:213,0
DA:214,0
DA:215,0
DA:216,0
DA:217,0
DA:218,0
DA:219,0
DA:220,0
DA:221,0
DA:222,0
DA:223,0
DA:224,0
DA:225,0
DA:226,0
DA:227,10
DA:228,1
DA:229,1
DA:230,10
DA:231,10
DA:232,10
DA:233,10
DA:234,10
DA:235,10
DA:236,10
DA:237,10
DA:238,10
DA:239,10
DA:240,10
DA:241,10
DA:242,10
DA:243,10
DA:244,10
DA:245,10
DA:246,9
DA:247,9
DA:248,10
DA:249,10
DA:250,10
DA:251,10
DA:252,10
DA:253,10
DA:254,10
DA:255,10
DA:256,10
DA:257,10
DA:258,10
DA:259,10
DA:260,10
DA:261,10
DA:262,10
DA:263,13
DA:264,5
DA:265,5
DA:266,8
DA:267,8
DA:268,8
DA:269,8
DA:270,8
DA:271,10
DA:272,10
DA:273,10
DA:274,2
DA:275,0
DA:276,0
DA:277,2
DA:278,2
DA:279,2
DA:280,2
DA:281,10
DA:282,10
DA:283,10
DA:284,10
DA:285,10
DA:286,1
DA:287,1
DA:288,1
DA:289,10
DA:290,10
DA:291,10
DA:292,0
DA:293,0
DA:294,0
DA:295,10
DA:296,10
DA:297,10
DA:298,9
DA:299,9
DA:300,9
DA:301,9
DA:302,0
DA:303,0
DA:304,9
DA:305,9
DA:306,9
DA:307,6
DA:308,6
DA:309,6
DA:310,6
DA:311,6
DA:312,10
DA:313,10
DA:314,10
DA:315,1
DA:316,1
DA:317,1
DA:318,1
DA:319,0
DA:320,0
DA:321,1
DA:322,1
DA:323,1
DA:324,1
DA:325,1
DA:326,1
DA:327,1
DA:328,10
DA:329,10
DA:330,10
DA:331,0
DA:332,0
DA:333,10
DA:334,10
DA:335,10
DA:336,2
DA:337,2
DA:338,2
DA:339,2
DA:340,2
DA:341,2
DA:342,2
DA:343,2
DA:344,2
DA:345,2
DA:346,2
DA:347,0
DA:348,0
DA:349,2
DA:350,1
DA:351,1
DA:352,2
DA:353,2
DA:354,10
DA:355,10
DA:356,10
DA:357,10
DA:358,8
DA:359,8
DA:360,8
DA:361,8
DA:362,8
DA:363,8
DA:364,8
DA:365,8
DA:366,8
DA:367,1
DA:368,8
DA:369,8
DA:370,8
DA:371,8
DA:372,7
DA:373,6
DA:374,6
DA:375,6
DA:376,6
DA:377,6
DA:378,6
DA:379,7
DA:380,7
DA:381,1
DA:382,8
DA:383,0
DA:384,0
DA:385,0
DA:386,10
DA:387,10
DA:388,10
DA:389,10
DA:390,8
DA:391,8
DA:392,8
DA:393,10
DA:394,10
DA:395,10
DA:396,10
DA:397,2
DA:398,10
DA:399,10
DA:400,10
DA:401,1
DA:402,1
DA:403,1
DA:404,1
DA:405,1
DA:406,1
DA:407,17
DA:408,6
DA:409,6
DA:410,0
DA:411,0
DA:412,0
DA:413,0
DA:414,0
DA:415,0
DA:416,0
DA:417,0
DA:418,6
DA:419,6
DA:420,6
DA:421,6
DA:422,6
DA:423,6
DA:424,17
DA:425,1
DA:426,1
DA:427,0
DA:428,0
DA:429,0
DA:430,0
DA:431,0
DA:432,0
DA:433,1
LF:433
LH:307
BRDA:55,0,0,34
BRDA:60,1,0,24
BRDA:61,2,0,25
BRDA:62,3,0,25
BRDA:63,4,0,26
BRDA:61,5,0,0
BRDA:72,6,0,3
BRDA:168,7,0,10
BRDA:176,8,0,0
BRDA:190,9,0,9
BRDA:195,10,0,1
BRDA:208,11,0,2
BRDA:209,12,0,1
BRDA:212,13,0,0
BRDA:229,14,0,10
BRDA:240,15,0,9
BRDA:240,16,0,1
BRDA:243,17,0,10
BRDA:245,18,0,9
BRDA:253,19,0,7
BRDA:262,20,0,13
BRDA:263,21,0,5
BRDA:266,22,0,8
BRDA:273,23,0,2
BRDA:274,24,0,0
BRDA:283,25,0,10
BRDA:285,26,0,3
BRDA:285,27,0,1
BRDA:297,28,0,9
BRDA:301,29,0,0
BRDA:306,30,0,6
BRDA:309,31,0,6
BRDA:314,32,0,1
BRDA:318,33,0,0
BRDA:325,34,0,1
BRDA:335,35,0,2
BRDA:346,36,0,0
BRDA:349,37,0,1
BRDA:357,38,0,8
BRDA:371,39,0,7
BRDA:372,40,0,6
BRDA:381,41,0,1
BRDA:382,42,0,0
BRDA:382,43,0,0
BRDA:360,44,0,11
BRDA:365,45,0,16
BRDA:365,46,0,15
BRDA:365,47,0,15
BRDA:365,48,0,15
BRDA:366,49,0,1
BRDA:389,50,0,8
BRDA:396,51,0,2
BRDA:406,52,0,17
BRDA:407,53,0,6
BRDA:409,54,0,0
BRF:55
BRH:45
end_of_record
TN:
SF:src/protocol.ts
FNF:0
FNH:0
DA:1,1
LF:1
LH:1
BRF:0
BRH:0
end_of_record
TN:
SF:src/store.ts
FN:25,<instance_members_initializer>
FN:31,ConversationStore
FN:48,onPersist
FN:49,onChange
FN:53,getState
FN:64,getCurrentConversation
FN:68,setCliStatus
FN:76,setWorkspaceFolders
FN:81,setConversationWorkspaceFolder
FN:85,setStreaming
FN:90,newConversation
FN:94,switchConversation
FN:98,deleteConversation
FN:102,clearCurrentConversation
FN:106,setMode
FN:110,setThink
FN:114,setModel
FN:118,setSessionId
FN:122,clearSessionId
FN:126,addUserMessage
FN:130,startAssistantMessage
FN:134,appendToAssistantMessage
FN:138,publishState
FN:142,endAssistantMessage
FN:146,batchUpdate
FN:158,persist
FN:168,notifyChange
FN:174,resolveContextUsage
FNF:28
FNH:27
FNDA:35,<instance_members_initializer>
FNDA:35,ConversationStore
FNDA:91,onPersist
FNDA:98,onChange
FNDA:102,getState
FNDA:130,getCurrentConversation
FNDA:2,setCliStatus
FNDA:0,setWorkspaceFolders
FNDA:12,setConversationWorkspaceFolder
FNDA:26,setStreaming
FNDA:24,newConversation
FNDA:2,switchConversation
FNDA:1,deleteConversation
FNDA:1,clearCurrentConversation
FNDA:7,setMode
FNDA:2,setThink
FNDA:3,setModel
FNDA:9,setSessionId
FNDA:1,clearSessionId
FNDA:13,addUserMessage
FNDA:16,startAssistantMessage
FNDA:17,appendToAssistantMessage
FNDA:7,publishState
FNDA:13,endAssistantMessage
FNDA:29,batchUpdate
FNDA:92,persist
FNDA:154,notifyChange
FNDA:102,resolveContextUsage
DA:1,1
DA:2,1
DA:3,1
DA:4,1
DA:5,1
DA:6,1
DA:7,1
DA:8,1
DA:9,1
DA:10,1
DA:11,1
DA:12,1
DA:13,1
DA:14,1
DA:15,1
DA:16,1
DA:17,1
DA:18,1
DA:19,1
DA:20,1
DA:21,1
DA:22,1
DA:23,1
DA:24,1
DA:25,1
DA:26,35
DA:27,35
DA:28,35
DA:29,1
DA:30,1
DA:31,1
DA:32,35
DA:33,35
DA:34,35
DA:35,35
DA:36,35
DA:37,35
DA:38,35
DA:39,35
DA:40,35
DA:41,35
DA:42,35
DA:43,35
DA:44,35
DA:45,35
DA:46,35
DA:47,35
DA:48,35
DA:49,35
DA:50,35
DA:51,35
DA:52,1
DA:53,1
DA:54,102
DA:55,102
DA:56,102
DA:57,102
DA:58,102
DA:59,102
DA:60,102
DA:61,102
DA:62,102
DA:63,1
DA:64,1
DA:65,130
DA:66,130
DA:67,1
DA:68,1
DA:69,2
DA:70,2
DA:71,1
DA:72,1
DA:73,2
DA:74,2
DA:75,1
DA:76,1
DA:77,0
DA:78,0
DA:79,0
DA:80,1
DA:81,1
DA:82,12
DA:83,12
DA:84,1
DA:85,1
DA:86,26
DA:87,26
DA:88,26
DA:89,1
DA:90,1
DA:91,24
DA:92,24
DA:93,1
DA:94,1
DA:95,2
DA:96,2
DA:97,1
DA:98,1
DA:99,1
DA:100,1
DA:101,1
DA:102,1
DA:103,1
DA:104,1
DA:105,1
DA:106,1
DA:107,7
DA:108,7
DA:109,1
DA:110,1
DA:111,2
DA:112,2
DA:113,1
DA:114,1
DA:115,3
DA:116,3
DA:117,1
DA:118,1
DA:119,9
DA:120,9
DA:121,1
DA:122,1
DA:123,1
DA:124,1
DA:125,1
DA:126,1
DA:127,13
DA:128,13
DA:129,1
DA:130,1
DA:131,16
DA:132,16
DA:133,1
DA:134,1
DA:135,17
DA:136,17
DA:137,1
DA:138,1
DA:139,7
DA:140,7
DA:141,1
DA:142,1
DA:143,13
DA:144,13
DA:145,1
DA:146,1
DA:147,29
DA:148,29
DA:149,29
DA:150,29
DA:151,29
DA:152,29
DA:153,29
DA:154,28
DA:155,28
DA:156,29
DA:157,1
DA:158,1
DA:159,92
DA:160,92
DA:161,92
DA:162,92
DA:163,92
DA:164,92
DA:165,92
DA:166,92
DA:167,1
DA:168,1
DA:169,154
DA:170,100
DA:171,100
DA:172,154
DA:173,1
DA:174,1
DA:175,102
DA:176,102
DA:177,1
LF:177
LH:174
BRDA:25,0,0,35
BRDA:31,1,0,35
BRDA:41,2,0,34
BRDA:42,3,0,0
BRDA:45,4,0,34
BRDA:48,5,0,91
BRDA:49,6,0,98
BRDA:53,7,0,102
BRDA:64,8,0,130
BRDA:68,9,0,2
BRDA:70,10,0,1
BRDA:81,11,0,12
BRDA:85,12,0,26
BRDA:90,13,0,24
BRDA:94,14,0,2
BRDA:98,15,0,1
BRDA:102,16,0,1
BRDA:106,17,0,7
BRDA:110,18,0,2
BRDA:114,19,0,3
BRDA:118,20,0,9
BRDA:122,21,0,1
BRDA:126,22,0,13
BRDA:130,23,0,16
BRDA:134,24,0,17
BRDA:138,25,0,7
BRDA:142,26,0,13
BRDA:146,27,0,29
BRDA:153,28,0,28
BRDA:158,29,0,92
BRDA:168,30,0,154
BRDA:169,31,0,100
BRDA:174,32,0,102
BRF:33
BRH:32
end_of_record
TN:
SF:src/streamStatusUtils.ts
FN:15,reduceStreamStatus
FN:36,formatStreamStatusText
FNF:2
FNH:2
FNDA:6,reduceStreamStatus
FNDA:4,formatStreamStatusText
DA:1,1
DA:2,1
DA:3,1
DA:4,1
DA:5,1
DA:6,1
DA:7,1
DA:8,1
DA:9,1
DA:10,1
DA:11,1
DA:12,1
DA:13,1
DA:14,1
DA:15,6
DA:16,6
DA:17,6
DA:18,6
DA:19,6
DA:20,6
DA:21,2
DA:22,6
DA:23,1
DA:24,1
DA:25,1
DA:26,1
DA:27,6
DA:28,6
DA:29,6
DA:30,3
DA:31,6
DA:32,0
DA:33,6
DA:34,6
DA:35,1
DA:36,4
DA:37,4
DA:38,4
LF:38
LH:37
BRDA:15,0,0,6
BRDA:20,1,0,2
BRDA:21,2,0,1
BRDA:21,3,0,1
BRDA:22,4,0,1
BRDA:27,5,0,1
BRDA:28,6,0,2
BRDA:29,7,0,3
BRDA:31,8,0,0
BRDA:36,9,0,4
BRF:10
BRH:9
end_of_record
TN:
SF:src/thinkingParser.ts
FN:4,<instance_members_initializer>
FN:7,parse
FNF:2
FNH:2
FNDA:29,<instance_members_initializer>
FNDA:29,parse
DA:1,1
DA:2,1
DA:3,1
DA:4,1
DA:5,1
DA:6,1
DA:7,1
DA:8,29
DA:9,29
DA:10,29
DA:11,29
DA:12,35
DA:13,31
DA:14,31
DA:15,3
DA:16,1
DA:17,1
DA:18,3
DA:19,3
DA:20,3
DA:21,31
DA:22,28
DA:23,28
DA:24,28
DA:25,1
DA:26,1
DA:27,1
DA:28,1
DA:29,1
DA:30,28
DA:31,27
DA:32,16
DA:33,16
DA:34,16
DA:35,27
DA:36,27
DA:37,28
DA:38,35
DA:39,4
DA:40,4
DA:41,3
DA:42,2
DA:43,2
DA:44,3
DA:45,3
DA:46,3
DA:47,4
DA:48,1
DA:49,1
DA:50,1
DA:51,1
DA:52,1
DA:53,1
DA:54,1
DA:55,1
DA:56,1
DA:57,0
DA:58,0
DA:59,0
DA:60,0
DA:61,0
DA:62,0
DA:63,1
DA:64,4
DA:65,35
DA:66,29
DA:67,29
DA:68,1
LF:68
LH:62
BRDA:4,0,0,29
BRDA:7,1,0,29
BRDA:11,2,0,35
BRDA:12,3,0,31
BRDA:14,4,0,3
BRDA:15,5,0,1
BRDA:21,6,0,28
BRDA:24,7,0,1
BRDA:24,8,0,1
BRDA:30,9,0,27
BRDA:31,10,0,16
BRDA:38,11,0,4
BRDA:40,12,0,3
BRDA:41,13,0,2
BRDA:47,14,0,1
BRDA:56,15,0,0
BRF:16
BRH:15
end_of_record
TN:
SF:src/webviewHandler.ts
FN:48,createDefaultDeps
FN:50,getConfig
FN:52,getWorkspaceFolders
FN:53,onDidChangeConfiguration
FN:54,onDidChangeWorkspaceFolders
FN:55,findFiles
FN:57,getWorkspaceFolder
FN:58,getActiveTextEditor
FN:59,onDidChangeActiveTextEditor
FN:60,onDidChangeTextEditorSelection
FN:61,showOpenDialog
FN:62,showInformationMessage
FN:63,showErrorMessage
FN:64,createOutputChannel
FN:65,executeCommand
FN:66,registerTextDocumentContentProvider
FN:76,<instance_members_initializer>
FN:91,WebviewHandler
FN:104,getConfig
FN:105,getWorkspaceFolders
FN:106,getWorkspaceFolder
FN:107,findFiles
FN:109,executeCommand
FN:110,debug
FN:113,postContextMessage
FN:114,debug
FN:117,executeCommand
FN:118,registerTextDocumentContentProvider
FN:120,log
FN:133,postMessage
FN:134,markCliUnavailable
FN:135,clearSessionId
FN:136,resolveWorkspaceFolder
FN:138,getAllWorkspaceFolderPaths
FN:139,getWorkspaceFileList
FN:140,shouldIncludeWorkspaceFiles
FN:141,getWorkspaceFilesLimit
FN:142,getStreamRenderIntervalMs
FN:144,debug
FN:145,setSessionId
FN:146,onRunStart
FN:149,onChunk
FN:152,onRunFinalize
FN:163,bindWebview
FN:217,getStore
FN:221,handleMessage
FN:225,ready
FN:230,recheckCli
FN:236,pickFiles
FN:237,listWorkspaceFiles
FN:241,readFiles
FN:245,openFile
FN:253,newConversation
FN:260,switchConversation
FN:261,deleteConversation
FN:262,clearConversation
FN:263,setMode
FN:264,setThink
FN:265,setModel
FN:266,setWorkspaceFolder
FN:267,sendMessage
FN:268,toolApproval
FN:280,questionAnswer
FN:281,fileChangeAction
FN:291,planApproval
FN:308,cancelCurrent
FN:330,checkCliAvailability
FN:334,handlePickFiles
FN:352,handleSendMessage
FN:361,markCliUnavailable
FN:366,syncWorkspaceFolders
FN:372,postMessage
FN:376,getHtmlForWebview
FN:380,disposeListeners
FN:387,dispose
FN:401,debug
FNF:76
FNH:19
FNDA:9,createDefaultDeps
FNDA:0,getConfig
FNDA:0,getWorkspaceFolders
FNDA:0,onDidChangeConfiguration
FNDA:0,onDidChangeWorkspaceFolders
FNDA:0,findFiles
FNDA:0,getWorkspaceFolder
FNDA:0,getActiveTextEditor
FNDA:0,onDidChangeActiveTextEditor
FNDA:0,onDidChangeTextEditorSelection
FNDA:0,showOpenDialog
FNDA:0,showInformationMessage
FNDA:0,showErrorMessage
FNDA:0,createOutputChannel
FNDA:0,executeCommand
FNDA:0,registerTextDocumentContentProvider
FNDA:9,<instance_members_initializer>
FNDA:9,WebviewHandler
FNDA:2,getConfig
FNDA:5,getWorkspaceFolders
FNDA:2,getWorkspaceFolder
FNDA:2,findFiles
FNDA:0,executeCommand
FNDA:3,debug
FNDA:0,postContextMessage
FNDA:0,debug
FNDA:0,executeCommand
FNDA:9,registerTextDocumentContentProvider
FNDA:0,log
FNDA:0,postMessage
FNDA:0,markCliUnavailable
FNDA:0,clearSessionId
FNDA:0,resolveWorkspaceFolder
FNDA:0,getAllWorkspaceFolderPaths
FNDA:0,getWorkspaceFileList
FNDA:0,shouldIncludeWorkspaceFiles
FNDA:0,getWorkspaceFilesLimit
FNDA:0,getStreamRenderIntervalMs
FNDA:0,debug
FNDA:0,setSessionId
FNDA:0,onRunStart
FNDA:0,onChunk
FNDA:0,onRunFinalize
FNDA:0,bindWebview
FNDA:1,getStore
FNDA:4,handleMessage
FNDA:0,ready
FNDA:0,recheckCli
FNDA:0,pickFiles
FNDA:0,listWorkspaceFiles
FNDA:0,readFiles
FNDA:0,openFile
FNDA:0,newConversation
FNDA:0,switchConversation
FNDA:0,deleteConversation
FNDA:0,clearConversation
FNDA:0,setMode
FNDA:0,setThink
FNDA:0,setModel
FNDA:0,setWorkspaceFolder
FNDA:1,sendMessage
FNDA:0,toolApproval
FNDA:0,questionAnswer
FNDA:2,fileChangeAction
FNDA:1,planApproval
FNDA:0,cancelCurrent
FNDA:0,checkCliAvailability
FNDA:0,handlePickFiles
FNDA:1,handleSendMessage
FNDA:0,markCliUnavailable
FNDA:0,syncWorkspaceFolders
FNDA:3,postMessage
FNDA:0,getHtmlForWebview
FNDA:9,disposeListeners
FNDA:9,dispose
FNDA:18,debug
DA:1,1
DA:2,1
DA:3,1
DA:4,1
DA:5,1
DA:6,1
DA:7,1
DA:8,1
DA:9,1
DA:10,1
DA:11,1
DA:12,1
DA:13,1
DA:14,1
DA:15,1
DA:16,1
DA:17,1
DA:18,1
DA:19,1
DA:20,1
DA:21,1
DA:22,1
DA:23,1
DA:24,1
DA:25,1
DA:26,1
DA:27,1
DA:28,1
DA:29,1
DA:30,1
DA:31,1
DA:32,1
DA:33,1
DA:34,1
DA:35,1
DA:36,1
DA:37,1
DA:38,1
DA:39,1
DA:40,1
DA:41,1
DA:42,1
DA:43,1
DA:44,1
DA:45,1
DA:46,1
DA:47,1
DA:48,9
DA:49,9
DA:50,9
DA:51,9
DA:52,9
DA:53,9
DA:54,9
DA:55,9
DA:56,9
DA:57,9
DA:58,9
DA:59,9
DA:60,9
DA:61,9
DA:62,9
DA:63,9
DA:64,9
DA:65,9
DA:66,9
DA:67,9
DA:68,9
DA:69,9
DA:70,1
DA:71,1
DA:72,1
DA:73,1
DA:74,1
DA:75,1
DA:76,1
DA:77,9
DA:78,9
DA:79,9
DA:80,9
DA:81,9
DA:82,9
DA:83,9
DA:84,9
DA:85,9
DA:86,9
DA:87,9
DA:88,9
DA:89,1
DA:90,1
DA:91,1
DA:92,9
DA:93,9
DA:94,9
DA:95,9
DA:96,9
DA:97,9
DA:98,9
DA:99,9
DA:100,9
DA:101,2
DA:102,9
DA:103,9
DA:104,9
DA:105,9
DA:106,9
DA:107,9
DA:108,9
DA:109,9
DA:110,9
DA:111,9
DA:112,9
DA:113,9
DA:114,9
DA:115,9
DA:116,9
DA:117,9
DA:118,9
DA:119,9
DA:120,9
DA:121,9
DA:122,9
DA:123,9
DA:124,9
DA:125,9
DA:126,9
DA:127,9
DA:128,9
DA:129,9
DA:130,9
DA:131,9
DA:132,9
DA:133,9
DA:134,9
DA:135,9
DA:136,9
DA:137,9
DA:138,9
DA:139,9
DA:140,9
DA:141,9
DA:142,9
DA:143,9
DA:144,9
DA:145,9
DA:146,9
DA:147,0
DA:148,9
DA:149,9
DA:150,0
DA:151,9
DA:152,9
DA:153,0
DA:154,0
DA:155,9
DA:156,9
DA:157,9
DA:158,1
DA:159,1
DA:160,1
DA:161,1
DA:162,1
DA:163,1
DA:164,0
DA:165,0
DA:166,0
DA:167,0
DA:168,0
DA:169,0
DA:170,0
DA:171,0
DA:172,0
DA:173,0
DA:174,0
DA:175,0
DA:176,0
DA:177,0
DA:178,0
DA:179,0
DA:180,0
DA:181,0
DA:182,0
DA:183,0
DA:184,0
DA:185,0
DA:186,0
DA:187,0
DA:188,0
DA:189,0
DA:190,0
DA:191,0
DA:192,0
DA:193,0
DA:194,0
DA:195,0
DA:196,0
DA:197,0
DA:198,0
DA:199,0
DA:200,0
DA:201,0
DA:202,0
DA:203,0
DA:204,0
DA:205,0
DA:206,0
DA:207,0
DA:208,0
DA:209,0
DA:210,0
DA:211,0
DA:212,0
DA:213,0
DA:214,0
DA:215,0
DA:216,1
DA:217,1
DA:218,1
DA:219,1
DA:220,1
DA:221,1
DA:222,4
DA:223,4
DA:224,4
DA:225,4
DA:226,0
DA:227,0
DA:228,0
DA:229,4
DA:230,4
DA:231,0
DA:232,0
DA:233,0
DA:234,0
DA:235,4
DA:236,4
DA:237,4
DA:238,0
DA:239,0
DA:240,4
DA:241,4
DA:242,0
DA:243,0
DA:244,4
DA:245,4
DA:246,0
DA:247,0
DA:248,0
DA:249,0
DA:250,0
DA:251,0
DA:252,4
DA:253,4
DA:254,0
DA:255,0
DA:256,0
DA:257,0
DA:258,0
DA:259,4
DA:260,4
DA:261,4
DA:262,4
DA:263,4
DA:264,4
DA:265,4
DA:266,4
DA:267,4
DA:268,4
DA:269,0
DA:270,0
DA:271,0
DA:272,0
DA:273,0
DA:274,0
DA:275,0
DA:276,0
DA:277,0
DA:278,0
DA:279,4
DA:280,4
DA:281,4
DA:282,2
DA:283,2
DA:284,1
DA:285,1
DA:286,1
DA:287,1
DA:288,1
DA:289,1
DA:290,4
DA:291,4
DA:292,1
DA:293,1
DA:294,1
DA:295,1
DA:296,1
DA:297,1
DA:298,1
DA:299,0
DA:300,0
DA:301,0
DA:302,0
DA:303,0
DA:304,0
DA:305,0
DA:306,0
DA:307,4
DA:308,4
DA:309,0
DA:310,0
DA:311,0
DA:312,0
DA:313,4
DA:314,4
DA:315,0
DA:316,4
DA:317,4
DA:318,1
DA:319,1
DA:320,1
DA:321,0
DA:322,0
DA:323,0
DA:324,0
DA:325,0
DA:326,1
DA:327,1
DA:328,4
DA:329,1
DA:330,1
DA:331,0
DA:332,0
DA:333,1
DA:334,1
DA:335,0
DA:336,0
DA:337,0
DA:338,0
DA:339,0
DA:340,0
DA:341,0
DA:342,0
DA:343,0
DA:344,0
DA:345,0
DA:346,0
DA:347,0
DA:348,0
DA:349,0
DA:350,0
DA:351,1
DA:352,1
DA:353,1
DA:354,1
DA:355,1
DA:356,1
DA:357,1
DA:358,1
DA:359,0
DA:360,1
DA:361,1
DA:362,0
DA:363,0
DA:364,0
DA:365,1
DA:366,1
DA:367,0
DA:368,0
DA:369,0
DA:370,0
DA:371,1
DA:372,1
DA:373,3
DA:374,3
DA:375,1
DA:376,1
DA:377,0
DA:378,0
DA:379,1
DA:380,1
DA:381,9
DA:382,0
DA:383,0
DA:384,0
DA:385,9
DA:386,1
DA:387,1
DA:388,9
DA:389,0
DA:390,0
DA:391,0
DA:392,9
DA:393,9
DA:394,9
DA:395,9
DA:396,9
DA:397,9
DA:398,9
DA:399,9
DA:400,1
DA:401,1
DA:402,18
DA:403,18
DA:404,18
DA:405,0
DA:406,0
DA:407,0
DA:408,0
DA:409,0
DA:410,0
DA:411,0
DA:412,0
DA:413,1
LF:413
LH:265
BRDA:48,0,0,9
BRDA:76,1,0,9
BRDA:91,2,0,9
BRDA:100,3,0,2
BRDA:104,4,0,2
BRDA:105,5,0,5
BRDA:106,6,0,2
BRDA:107,7,0,2
BRDA:110,8,0,3
BRDA:118,9,0,9
BRDA:217,10,0,1
BRDA:221,11,0,4
BRDA:317,12,0,3
BRDA:317,13,0,1
BRDA:320,14,0,0
BRDA:267,15,0,1
BRDA:281,16,0,2
BRDA:284,17,0,1
BRDA:291,18,0,1
BRDA:294,19,0,0
BRDA:299,20,0,0
BRDA:352,21,0,1
BRDA:359,22,0,0
BRDA:372,23,0,3
BRDA:373,24,0,0
BRDA:380,25,0,9
BRDA:381,26,0,0
BRDA:387,27,0,9
BRDA:388,28,0,0
BRDA:396,29,0,0
BRDA:401,30,0,18
BRDA:405,31,0,0
BRF:32
BRH:23
end_of_record
TN:
SF:src/acp/debugLogger.ts
FN:14,AcpDebugLogger
FN:20,createChannel
FN:21,getDebugLoggingEnabled
FN:26,log
FN:34,dispose
FN:38,logSessionUpdateDebug
FN:51,summarizeSessionUpdate
FN:92,extractDebugFilePath
FN:103,stringifyForLog
FN:119,truncateText
FNF:10
FNH:4
FNDA:24,AcpDebugLogger
FNDA:24,createChannel
FNDA:0,getDebugLoggingEnabled
FNDA:110,log
FNDA:24,dispose
FNDA:0,logSessionUpdateDebug
FNDA:0,summarizeSessionUpdate
FNDA:0,extractDebugFilePath
FNDA:0,stringifyForLog
FNDA:0,truncateText
DA:1,1
DA:2,1
DA:3,1
DA:4,1
DA:5,1
DA:6,1
DA:7,1
DA:8,1
DA:9,1
DA:10,1
DA:11,1
DA:12,1
DA:13,1
DA:14,1
DA:15,24
DA:16,24
DA:17,24
DA:18,24
DA:19,24
DA:20,24
DA:21,24
DA:22,24
DA:23,24
DA:24,24
DA:25,1
DA:26,1
DA:27,110
DA:28,110
DA:29,110
DA:30,0
DA:31,0
DA:32,110
DA:33,1
DA:34,1
DA:35,24
DA:36,24
DA:37,1
DA:38,1
DA:39,0
DA:40,0
DA:41,0
DA:42,0
DA:43,0
DA:44,0
DA:45,0
DA:46,0
DA:47,0
DA:48,0
DA:49,0
DA:50,1
DA:51,1
DA:52,0
DA:53,0
DA:54,0
DA:55,0
DA:56,0
DA:57,0
DA:58,0
DA:59,0
DA:60,0
DA:61,0
DA:62,0
DA:63,0
DA:64,0
DA:65,0
DA:66,0
DA:67,0
DA:68,0
DA:69,0
DA:70,0
DA:71,0
DA:72,0
DA:73,0
DA:74,0
DA:75,0
DA:76,0
DA:77,0
DA:78,0
DA:79,0
DA:80,0
DA:81,0
DA:82,0
DA:83,0
DA:84,0
DA:85,0
DA:86,0
DA:87,0
DA:88,0
DA:89,0
DA:90,0
DA:91,1
DA:92,1
DA:93,0
DA:94,0
DA:95,0
DA:96,0
DA:97,0
DA:98,0
DA:99,0
DA:100,0
DA:101,0
DA:102,1
DA:103,1
DA:104,0
DA:105,0
DA:106,0
DA:107,0
DA:108,0
DA:109,0
DA:110,0
DA:111,0
DA:112,0
DA:113,0
DA:114,0
DA:115,0
DA:116,0
DA:117,0
DA:118,1
DA:119,1
DA:120,0
DA:121,0
DA:122,0
DA:123,0
DA:124,0
DA:125,1
LF:125
LH:45
BRDA:14,0,0,24
BRDA:20,1,0,24
BRDA:26,2,0,110
BRDA:29,3,0,0
BRDA:34,4,0,24
BRF:5
BRH:4
end_of_record
TN:
SF:src/acp/inactivityGuard.ts
FN:15,InactivityGuard
FN:22,markActivity
FN:40,start
FN:66,stop
FN:73,get didTrigger
FN:77,get lastTool
FNF:6
FNH:5
FNDA:10,InactivityGuard
FNDA:9,markActivity
FNDA:10,start
FNDA:20,stop
FNDA:10,get didTrigger
FNDA:0,get lastTool
DA:1,1
DA:2,1
DA:3,1
DA:4,1
DA:5,1
DA:6,1
DA:7,1
DA:8,1
DA:9,1
DA:10,1
DA:11,1
DA:12,1
DA:13,1
DA:14,1
DA:15,1
DA:16,10
DA:17,10
DA:18,10
DA:19,10
DA:20,10
DA:21,1
DA:22,1
DA:23,9
DA:24,9
DA:25,0
DA:26,0
DA:27,9
DA:28,9
DA:29,9
DA:30,9
DA:31,9
DA:32,9
DA:33,0
DA:34,0
DA:35,0
DA:36,0
DA:37,0
DA:38,9
DA:39,1
DA:40,1
DA:41,10
DA:42,10
DA:43,10
DA:44,10
DA:45,10
DA:46,0
DA:47,0
DA:48,10
DA:49,10
DA:50,0
DA:51,0
DA:52,0
DA:53,0
DA:54,0
DA:55,0
DA:56,0
DA:57,0
DA:58,0
DA:59,0
DA:60,0
DA:61,0
DA:62,0
DA:63,10
DA:64,10
DA:65,1
DA:66,1
DA:67,20
DA:68,10
DA:69,10
DA:70,10
DA:71,20
DA:72,1
DA:73,1
DA:74,10
DA:75,10
DA:76,1
DA:77,1
DA:78,0
DA:79,0
DA:80,1
LF:80
LH:56
BRDA:15,0,0,10
BRDA:22,1,0,9
BRDA:24,2,0,0
BRDA:30,3,0,0
BRDA:31,4,0,0
BRDA:32,5,0,0
BRDA:40,6,0,10
BRDA:45,7,0,0
BRDA:66,8,0,20
BRDA:67,9,0,10
BRDA:73,10,0,10
BRF:11
BRH:6
end_of_record
TN:
SF:src/acp/interactionBridge.ts
FN:51,InteractionBridge
FN:62,clearPendingInteractions
FN:73,getPendingInteractionsForTests
FN:78,replacePendingInteractionsForTests
FN:88,registerServerHandlers
FN:204,approveToolCall
FN:223,rejectToolCall
FN:232,answerQuestions
FN:244,approvePlan
FN:253,registerPendingInteraction
FN:269,expirePendingInteraction
FN:288,clearTimer
FN:296,consumePending
FN:311,resolveCancelled
FN:332,pickPermissionOptionId
FNF:15
FNH:15
FNDA:44,InteractionBridge
FNDA:84,clearPendingInteractions
FNDA:9,getPendingInteractionsForTests
FNDA:4,replacePendingInteractionsForTests
FNDA:33,registerServerHandlers
FNDA:6,approveToolCall
FNDA:2,rejectToolCall
FNDA:1,answerQuestions
FNDA:1,approvePlan
FNDA:6,registerPendingInteraction
FNDA:1,expirePendingInteraction
FNDA:11,clearTimer
FNDA:10,consumePending
FNDA:2,resolveCancelled
FNDA:5,pickPermissionOptionId
DA:1,1
DA:2,1
DA:3,1
DA:4,1
DA:5,1
DA:6,1
DA:7,1
DA:8,1
DA:9,1
DA:10,1
DA:11,1
DA:12,1
DA:13,1
DA:14,1
DA:15,1
DA:16,1
DA:17,1
DA:18,1
DA:19,1
DA:20,1
DA:21,1
DA:22,1
DA:23,1
DA:24,1
DA:25,1
DA:26,1
DA:27,1
DA:28,1
DA:29,1
DA:30,1
DA:31,1
DA:32,1
DA:33,1
DA:34,1
DA:35,1
DA:36,1
DA:37,1
DA:38,1
DA:39,1
DA:40,1
DA:41,1
DA:42,1
DA:43,1
DA:44,1
DA:45,1
DA:46,1
DA:47,1
DA:48,1
DA:49,1
DA:50,1
DA:51,1
DA:52,44
DA:53,44
DA:54,44
DA:55,44
DA:56,44
DA:57,44
DA:58,44
DA:59,44
DA:60,44
DA:61,1
DA:62,1
DA:63,84
DA:64,1
DA:65,1
DA:66,1
DA:67,84
DA:68,84
DA:69,84
DA:70,84
DA:71,1
DA:72,1
DA:73,1
DA:74,9
DA:75,9
DA:76,1
DA:77,1
DA:78,1
DA:79,4
DA:80,4
DA:81,4
DA:82,4
DA:83,4
DA:84,0
DA:85,0
DA:86,4
DA:87,1
DA:88,1
DA:89,33
DA:90,33
DA:91,33
DA:92,4
DA:93,4
DA:94,4
DA:95,4
DA:96,4
DA:97,4
DA:98,4
DA:99,4
DA:100,4
DA:101,4
DA:102,4
DA:103,4
DA:104,4
DA:105,4
DA:106,4
DA:107,4
DA:108,4
DA:109,4
DA:110,4
DA:111,4
DA:112,33
DA:113,33
DA:114,33
DA:115,33
DA:116,1
DA:117,1
DA:118,1
DA:119,1
DA:120,1
DA:121,1
DA:122,1
DA:123,1
DA:124,1
DA:125,1
DA:126,1
DA:127,1
DA:128,1
DA:129,1
DA:130,1
DA:131,1
DA:132,1
DA:133,1
DA:134,1
DA:135,1
DA:136,1
DA:137,1
DA:138,1
DA:139,1
DA:140,1
DA:141,1
DA:142,1
DA:143,33
DA:144,33
DA:145,1
DA:146,1
DA:147,1
DA:148,1
DA:149,1
DA:150,1
DA:151,1
DA:152,1
DA:153,1
DA:154,1
DA:155,1
DA:156,1
DA:157,1
DA:158,1
DA:159,1
DA:160,1
DA:161,1
DA:162,1
DA:163,33
DA:164,33
DA:165,33
DA:166,33
DA:167,0
DA:168,0
DA:169,0
DA:170,0
DA:171,0
DA:172,0
DA:173,0
DA:174,0
DA:175,0
DA:176,0
DA:177,0
DA:178,0
DA:179,0
DA:180,33
DA:181,33
DA:182,33
DA:183,33
DA:184,33
DA:185,33
DA:186,0
DA:187,0
DA:188,0
DA:189,0
DA:190,0
DA:191,0
DA:192,0
DA:193,0
DA:194,0
DA:195,0
DA:196,0
DA:197,0
DA:198,0
DA:199,0
DA:200,33
DA:201,33
DA:202,33
DA:203,1
DA:204,1
DA:205,6
DA:206,6
DA:207,1
DA:208,1
DA:209,5
DA:210,5
DA:211,5
DA:212,6
DA:213,6
DA:214,6
DA:215,6
DA:216,4
DA:217,4
DA:218,4
DA:219,1
DA:220,1
DA:221,1
DA:222,1
DA:223,1
DA:224,2
DA:225,2
DA:226,0
DA:227,0
DA:228,2
DA:229,2
DA:230,2
DA:231,1
DA:232,1
DA:233,1
DA:234,1
DA:235,1
DA:236,1
DA:237,1
DA:238,0
DA:239,0
DA:240,1
DA:241,1
DA:242,1
DA:243,1
DA:244,1
DA:245,1
DA:246,1
DA:247,0
DA:248,0
DA:249,1
DA:250,1
DA:251,1
DA:252,1
DA:253,1
DA:254,6
DA:255,6
DA:256,0
DA:257,0
DA:258,0
DA:259,6
DA:260,6
DA:261,6
DA:262,6
DA:263,6
DA:264,1
DA:265,6
DA:266,6
DA:267,6
DA:268,1
DA:269,1
DA:270,1
DA:271,1
DA:272,0
DA:273,0
DA:274,1
DA:275,1
DA:276,1
DA:277,1
DA:278,1
DA:279,1
DA:280,1
DA:281,1
DA:282,1
DA:283,1
DA:284,1
DA:285,1
DA:286,1
DA:287,1
DA:288,1
DA:289,11
DA:290,11
DA:291,6
DA:292,6
DA:293,6
DA:294,11
DA:295,1
DA:296,1
DA:297,10
DA:298,10
DA:299,10
DA:300,10
DA:301,10
DA:302,1
DA:303,1
DA:304,9
DA:305,9
DA:306,9
DA:307,9
DA:308,9
DA:309,9
DA:310,1
DA:311,1
DA:312,2
DA:313,2
DA:314,2
DA:315,0
DA:316,0
DA:317,2
DA:318,1
DA:319,1
DA:320,2
DA:321,1
DA:322,1
DA:323,2
DA:324,2
DA:325,0
DA:326,0
DA:327,0
DA:328,2
DA:329,2
DA:330,2
DA:331,1
DA:332,1
DA:333,5
DA:334,6
DA:335,6
DA:336,4
DA:337,4
DA:338,6
DA:339,1
DA:340,1
DA:341,1
DA:342,1
LF:342
LH:297
BRDA:51,0,0,44
BRDA:57,1,0,14
BRDA:58,2,0,19
BRDA:59,3,0,19
BRDA:62,4,0,84
BRDA:63,5,0,1
BRDA:73,6,0,9
BRDA:78,7,0,4
BRDA:83,8,0,0
BRDA:88,9,0,33
BRDA:115,10,0,1
BRDA:144,11,0,1
BRDA:91,12,0,4
BRDA:92,13,0,0
BRDA:94,14,0,0
BRDA:95,15,0,0
BRDA:100,16,0,1
BRDA:101,17,0,1
BRDA:104,18,0,4
BRDA:108,19,0,0
BRDA:118,20,0,1
BRDA:119,21,0,0
BRDA:120,22,0,0
BRDA:120,23,0,1
BRDA:121,24,0,0
BRDA:122,25,0,0
BRDA:123,26,0,0
BRDA:127,27,0,0
BRDA:123,28,0,1
BRDA:124,29,0,0
BRDA:125,30,0,0
BRDA:136,31,0,1
BRDA:147,32,0,1
BRDA:148,33,0,0
BRDA:153,34,0,0
BRDA:156,35,0,1
BRDA:204,36,0,6
BRDA:206,37,0,1
BRDA:209,38,0,5
BRDA:212,39,0,1
BRDA:212,40,0,4
BRDA:215,41,0,4
BRDA:219,42,0,1
BRDA:223,43,0,2
BRDA:225,44,0,0
BRDA:232,45,0,1
BRDA:237,46,0,0
BRDA:244,47,0,1
BRDA:246,48,0,0
BRDA:253,49,0,6
BRDA:255,50,0,0
BRDA:263,51,0,1
BRDA:269,52,0,1
BRDA:271,53,0,0
BRDA:277,54,0,0
BRDA:288,55,0,11
BRDA:290,56,0,6
BRDA:296,57,0,10
BRDA:301,58,0,9
BRDA:301,59,0,1
BRDA:304,60,0,9
BRDA:311,61,0,2
BRDA:314,62,0,0
BRDA:317,63,0,1
BRDA:320,64,0,1
BRDA:324,65,0,0
BRDA:332,66,0,5
BRDA:333,67,0,6
BRDA:335,68,0,4
BRDA:339,69,0,1
BRDA:334,70,0,7
BRDA:334,71,0,4
BRF:72
BRH:49
end_of_record
TN:
SF:src/acp/pathPolicy.ts
FN:5,<instance_members_initializer>
FN:8,setBaseDir
FN:12,setAllowedDirs
FN:24,reset
FN:29,ensureAllowedPath
FN:45,toComparablePath
FN:49,isSubPath
FN:54,findNearestExistingPath
FN:68,canonicalizePath
FNF:9
FNH:9
FNDA:29,<instance_members_initializer>
FNDA:15,setBaseDir
FNDA:14,setAllowedDirs
FNDA:24,reset
FNDA:5,ensureAllowedPath
FNDA:8,toComparablePath
FNDA:4,isSubPath
FNDA:2,findNearestExistingPath
FNDA:19,canonicalizePath
DA:1,1
DA:2,1
DA:3,1
DA:4,1
DA:5,1
DA:6,1
DA:7,1
DA:8,1
DA:9,15
DA:10,15
DA:11,1
DA:12,1
DA:13,14
DA:14,14
DA:15,14
DA:16,14
DA:17,14
DA:18,0
DA:19,0
DA:20,14
DA:21,14
DA:22,14
DA:23,1
DA:24,1
DA:25,24
DA:26,24
DA:27,24
DA:28,1
DA:29,1
DA:30,5
DA:31,5
DA:32,5
DA:33,5
DA:34,1
DA:35,1
DA:36,4
DA:37,4
DA:38,5
DA:39,3
DA:40,3
DA:41,1
DA:42,1
DA:43,1
DA:44,1
DA:45,1
DA:46,8
DA:47,8
DA:48,1
DA:49,1
DA:50,4
DA:51,4
DA:52,4
DA:53,1
DA:54,1
DA:55,2
DA:56,2
DA:57,2
DA:58,2
DA:59,2
DA:60,0
DA:61,0
DA:62,2
DA:63,2
DA:64,2
DA:65,2
DA:66,2
DA:67,1
DA:68,1
DA:69,19
DA:70,19
DA:71,19
DA:72,17
DA:73,17
DA:74,2
DA:75,2
DA:76,2
DA:77,2
DA:78,2
DA:79,2
DA:80,1
LF:80
LH:76
BRDA:5,0,0,29
BRDA:8,1,0,15
BRDA:12,2,0,14
BRDA:17,3,0,0
BRDA:24,4,0,24
BRDA:29,5,0,5
BRDA:30,6,0,4
BRDA:30,7,0,1
BRDA:33,8,0,1
BRDA:36,9,0,4
BRDA:38,10,0,3
BRDA:41,11,0,1
BRDA:37,12,0,4
BRDA:45,13,0,8
BRDA:46,14,0,0
BRDA:49,15,0,4
BRDA:51,16,0,1
BRDA:54,17,0,2
BRDA:59,18,0,0
BRDA:68,19,0,19
BRDA:71,20,0,17
BRDA:74,21,0,2
BRF:22
BRH:19
end_of_record
TN:
SF:src/acp/runtimeConfigApplier.ts
FN:27,<instance_members_initializer>
FN:27,RuntimeConfigApplier
FN:29,buildSessionSettings
FN:45,applySessionRuntimeSettings
FN:86,modelIdCandidates
FN:95,needsReconnect
FN:99,normalizeCwd
FNF:7
FNH:6
FNDA:40,<instance_members_initializer>
FNDA:40,RuntimeConfigApplier
FNDA:32,buildSessionSettings
FNDA:28,applySessionRuntimeSettings
FNDA:28,modelIdCandidates
FNDA:0,needsReconnect
FNDA:30,normalizeCwd
DA:1,1
DA:2,1
DA:3,1
DA:4,1
DA:5,1
DA:6,1
DA:7,1
DA:8,1
DA:9,1
DA:10,1
DA:11,1
DA:12,1
DA:13,1
DA:14,1
DA:15,1
DA:16,1
DA:17,1
DA:18,1
DA:19,1
DA:20,1
DA:21,1
DA:22,1
DA:23,1
DA:24,1
DA:25,1
DA:26,1
DA:27,1
DA:28,1
DA:29,1
DA:30,32
DA:31,32
DA:32,32
DA:33,32
DA:34,32
DA:35,1
DA:36,1
DA:37,32
DA:38,32
DA:39,2
DA:40,2
DA:41,32
DA:42,32
DA:43,32
DA:44,1
DA:45,1
DA:46,28
DA:47,28
DA:48,28
DA:49,28
DA:50,28
DA:51,28
DA:52,28
DA:53,28
DA:54,28
DA:55,28
DA:56,28
DA:57,28
DA:58,28
DA:59,28
DA:60,28
DA:61,28
DA:62,28
DA:63,28
DA:64,28
DA:65,28
DA:66,28
DA:67,0
DA:68,0
DA:69,28
DA:70,28
DA:71,28
DA:72,0
DA:73,0
DA:74,28
DA:75,28
DA:76,28
DA:77,28
DA:78,28
DA:79,28
DA:80,1
DA:81,1
DA:82,28
DA:83,28
DA:84,28
DA:85,1
DA:86,1
DA:87,28
DA:88,28
DA:89,28
DA:90,28
DA:91,0
DA:92,0
DA:93,1
DA:94,1
DA:95,0
DA:96,0
DA:97,0
DA:98,1
DA:99,30
DA:100,30
DA:101,10
DA:102,10
DA:103,20
DA:104,20
DA:105,20
DA:106,20
DA:107,20
DA:108,30
DA:109,30
DA:110,30
DA:111,0
DA:112,0
DA:113,20
DA:114,20
DA:115,20
DA:116,1
DA:117,1
LF:117
LH:106
BRDA:27,0,0,40
BRDA:27,1,0,40
BRDA:29,2,0,32
BRDA:34,3,0,1
BRDA:38,4,0,2
BRDA:38,5,0,2
BRDA:45,6,0,28
BRDA:66,7,0,0
BRDA:71,8,0,0
BRDA:79,9,0,1
BRDA:86,10,0,28
BRDA:91,11,0,0
BRDA:99,12,0,30
BRDA:100,13,0,10
BRDA:103,14,0,20
BRDA:108,15,0,0
BRDA:110,16,0,0
BRDA:113,17,0,20
BRF:18
BRH:13
end_of_record
TN:
SF:src/acp/sessionCoordinator.ts
FN:47,SessionCoordinator
FN:51,get currentSessionId
FN:55,get currentProtocol
FN:59,get currentIsConnected
FN:63,get currentCwd
FN:67,get connectionSnapshot
FN:72,setConnectionForTests
FN:103,cancel
FN:113,reset
FN:127,dispose
FN:139,ensureConnected
FN:199,transport.onClose
FN:322,ensureSessionLoadedForReusableConnection
FN:384,extractAuthMethodIds
FN:405,resolveAuthMethodOrder
FN:432,handleTransportClosed
FN:448,teardownConnection
FN:466,updateSnapshot
FN:475,notifyState
FNF:19
FNH:19
FNDA:38,SessionCoordinator
FNDA:27,get currentSessionId
FNDA:13,get currentProtocol
FNDA:4,get currentIsConnected
FNDA:2,get currentCwd
FNDA:5,get connectionSnapshot
FNDA:3,setConnectionForTests
FNDA:1,cancel
FNDA:1,reset
FNDA:25,dispose
FNDA:31,ensureConnected
FNDA:1,transport.onClose
FNDA:3,ensureSessionLoadedForReusableConnection
FNDA:27,extractAuthMethodIds
FNDA:27,resolveAuthMethodOrder
FNDA:1,handleTransportClosed
FNDA:29,teardownConnection
FNDA:118,updateSnapshot
FNDA:156,notifyState
DA:1,1
DA:2,1
DA:3,1
DA:4,1
DA:5,1
DA:6,1
DA:7,1
DA:8,1
DA:9,1
DA:10,1
DA:11,1
DA:12,1
DA:13,1
DA:14,1
DA:15,1
DA:16,1
DA:17,1
DA:18,1
DA:19,1
DA:20,1
DA:21,1
DA:22,1
DA:23,1
DA:24,1
DA:25,1
DA:26,1
DA:27,1
DA:28,1
DA:29,1
DA:30,1
DA:31,1
DA:32,1
DA:33,1
DA:34,1
DA:35,1
DA:36,1
DA:37,1
DA:38,1
DA:39,1
DA:40,1
DA:41,1
DA:42,1
DA:43,1
DA:44,1
DA:45,1
DA:46,1
DA:47,1
DA:48,38
DA:49,38
DA:50,1
DA:51,1
DA:52,27
DA:53,27
DA:54,1
DA:55,1
DA:56,13
DA:57,13
DA:58,1
DA:59,1
DA:60,4
DA:61,4
DA:62,1
DA:63,1
DA:64,2
DA:65,2
DA:66,1
DA:67,1
DA:68,5
DA:69,5
DA:70,1
DA:71,1
DA:72,1
DA:73,3
DA:74,3
DA:75,3
DA:76,3
DA:77,3
DA:78,3
DA:79,1
DA:80,1
DA:81,3
DA:82,3
DA:83,3
DA:84,3
DA:85,3
DA:86,3
DA:87,3
DA:88,3
DA:89,3
DA:90,3
DA:91,3
DA:92,3
DA:93,3
DA:94,3
DA:95,3
DA:96,3
DA:97,3
DA:98,3
DA:99,3
DA:100,3
DA:101,3
DA:102,1
DA:103,1
DA:104,1
DA:105,1
DA:106,1
DA:107,1
DA:108,1
DA:109,1
DA:110,1
DA:111,1
DA:112,1
DA:113,1
DA:114,1
DA:115,0
DA:116,0
DA:117,1
DA:118,1
DA:119,1
DA:120,1
DA:121,1
DA:122,1
DA:123,1
DA:124,1
DA:125,1
DA:126,1
DA:127,1
DA:128,25
DA:129,25
DA:130,25
DA:131,25
DA:132,25
DA:133,25
DA:134,25
DA:135,25
DA:136,25
DA:137,25
DA:138,1
DA:139,1
DA:140,31
DA:141,1
DA:142,1
DA:143,30
DA:144,30
DA:145,30
DA:146,31
DA:147,31
DA:148,31
DA:149,31
DA:150,3
DA:151,3
DA:152,3
DA:153,27
DA:154,31
DA:155,1
DA:156,1
DA:157,1
DA:158,27
DA:159,27
DA:160,27
DA:161,27
DA:162,27
DA:163,27
DA:164,27
DA:165,27
DA:166,27
DA:167,27
DA:168,27
DA:169,27
DA:170,27
DA:171,27
DA:172,27
DA:173,31
DA:174,3
DA:175,3
DA:176,3
DA:177,3
DA:178,3
DA:179,3
DA:180,3
DA:181,3
DA:182,3
DA:183,3
DA:184,3
DA:185,3
DA:186,3
DA:187,3
DA:188,0
DA:189,0
DA:190,0
DA:191,0
DA:192,31
DA:193,1
DA:194,1
DA:195,27
DA:196,27
DA:197,27
DA:198,27
DA:199,27
DA:200,1
DA:201,27
DA:202,27
DA:203,27
DA:204,27
DA:205,27
DA:206,27
DA:207,27
DA:208,27
DA:209,27
DA:210,27
DA:211,27
DA:212,27
DA:213,27
DA:214,27
DA:215,27
DA:216,27
DA:217,27
DA:218,27
DA:219,27
DA:220,27
DA:221,27
DA:222,27
DA:223,27
DA:224,27
DA:225,27
DA:226,27
DA:227,27
DA:228,27
DA:229,27
DA:230,27
DA:231,27
DA:232,27
DA:233,27
DA:234,27
DA:235,27
DA:236,27
DA:237,27
DA:238,27
DA:239,27
DA:240,27
DA:241,27
DA:242,27
DA:243,27
DA:244,28
DA:245,28
DA:246,27
DA:247,27
DA:248,27
DA:249,28
DA:250,1
DA:251,1
DA:252,1
DA:253,1
DA:254,28
DA:255,27
DA:256,27
DA:257,0
DA:258,0
DA:259,0
DA:260,0
DA:261,0
DA:262,27
DA:263,27
DA:264,31
DA:265,31
DA:266,31
DA:267,31
DA:268,31
DA:269,1
DA:270,1
DA:271,1
DA:272,1
DA:273,1
DA:274,1
DA:275,0
DA:276,31
DA:277,26
DA:278,26
DA:279,26
DA:280,26
DA:281,26
DA:282,25
DA:283,26
DA:284,0
DA:285,0
DA:286,25
DA:287,25
DA:288,25
DA:289,25
DA:290,25
DA:291,25
DA:292,25
DA:293,25
DA:294,25
DA:295,25
DA:296,25
DA:297,25
DA:298,25
DA:299,25
DA:300,25
DA:301,25
DA:302,25
DA:303,25
DA:304,25
DA:305,25
DA:306,31
DA:307,2
DA:308,2
DA:309,2
DA:310,2
DA:311,2
DA:312,2
DA:313,2
DA:314,2
DA:315,2
DA:316,2
DA:317,2
DA:318,2
DA:319,2
DA:320,31
DA:321,1
DA:322,1
DA:323,3
DA:324,0
DA:325,0
DA:326,3
DA:327,3
DA:328,3
DA:329,3
DA:330,3
DA:331,2
DA:332,2
DA:333,2
DA:334,2
DA:335,2
DA:336,2
DA:337,2
DA:338,2
DA:339,2
DA:340,0
DA:341,0
DA:342,2
DA:343,2
DA:344,2
DA:345,2
DA:346,2
DA:347,2
DA:348,2
DA:349,2
DA:350,3
DA:351,1
DA:352,1
DA:353,1
DA:354,1
DA:355,1
DA:356,1
DA:357,1
DA:358,1
DA:359,1
DA:360,1
DA:361,1
DA:362,1
DA:363,1
DA:364,1
DA:365,1
DA:366,1
DA:367,3
DA:368,3
DA:369,3
DA:370,3
DA:371,3
DA:372,3
DA:373,3
DA:374,3
DA:375,3
DA:376,3
DA:377,3
DA:378,3
DA:379,3
DA:380,3
DA:381,3
DA:382,3
DA:383,1
DA:384,1
DA:385,27
DA:386,25
DA:387,25
DA:388,2
DA:389,2
DA:390,2
DA:391,27
DA:392,4
DA:393,0
DA:394,0
DA:395,4
DA:396,4
DA:397,0
DA:398,0
DA:399,4
DA:400,4
DA:401,4
DA:402,2
DA:403,2
DA:404,1
DA:405,1
DA:406,27
DA:407,27
DA:408,27
DA:409,27
DA:410,27
DA:411,27
DA:412,27
DA:413,27
DA:414,27
DA:415,129
DA:416,48
DA:417,48
DA:418,129
DA:419,2
DA:420,2
DA:421,79
DA:422,79
DA:423,79
DA:424,27
DA:425,27
DA:426,27
DA:427,27
DA:428,0
DA:429,27
DA:430,27
DA:431,1
DA:432,1
DA:433,1
DA:434,1
DA:435,1
DA:436,1
DA:437,1
DA:438,1
DA:439,1
DA:440,1
DA:441,1
DA:442,1
DA:443,1
DA:444,1
DA:445,1
DA:446,1
DA:447,1
DA:448,1
DA:449,29
DA:450,29
DA:451,29
DA:452,16
DA:453,16
DA:454,16
DA:455,29
DA:456,29
DA:457,15
DA:458,15
DA:459,15
DA:460,29
DA:461,29
DA:462,27
DA:463,27
DA:464,29
DA:465,1
DA:466,1
DA:467,118
DA:468,118
DA:469,118
DA:470,118
DA:471,118
DA:472,118
DA:473,118
DA:474,1
DA:475,1
DA:476,156
DA:477,156
DA:478,1
LF:478
LH:455
BRDA:47,0,0,38
BRDA:51,1,0,27
BRDA:55,2,0,13
BRDA:59,3,0,4
BRDA:63,4,0,2
BRDA:67,5,0,5
BRDA:72,6,0,3
BRDA:78,7,0,1
BRDA:84,8,0,2
BRDA:85,9,0,2
BRDA:89,10,0,2
BRDA:90,11,0,1
BRDA:91,12,0,2
BRDA:97,13,0,1
BRDA:97,14,0,2
BRDA:103,15,0,1
BRDA:113,16,0,1
BRDA:114,17,0,0
BRDA:127,18,0,25
BRDA:139,19,0,31
BRDA:140,20,0,1
BRDA:143,21,0,30
BRDA:146,22,0,4
BRDA:147,23,0,4
BRDA:149,24,0,3
BRDA:153,25,0,27
BRDA:154,26,0,26
BRDA:154,27,0,1
BRDA:158,28,0,27
BRDA:173,29,0,3
BRDA:187,30,0,0
BRDA:192,31,0,24
BRDA:192,32,0,1
BRDA:195,33,0,27
BRDA:243,34,0,28
BRDA:246,35,0,27
BRDA:249,36,0,1
BRDA:250,37,0,0
BRDA:251,38,0,0
BRDA:256,39,0,0
BRDA:264,40,0,9
BRDA:268,41,0,1
BRDA:275,42,0,0
BRDA:276,43,0,26
BRDA:282,44,0,25
BRDA:283,45,0,0
BRDA:286,46,0,25
BRDA:288,47,0,25
BRDA:306,48,0,2
BRDA:307,49,0,0
BRDA:316,50,0,0
BRDA:199,51,0,1
BRDA:322,52,0,3
BRDA:323,53,0,0
BRDA:327,54,0,1
BRDA:330,55,0,2
BRDA:339,56,0,0
BRDA:350,57,0,1
BRDA:384,58,0,27
BRDA:385,59,0,25
BRDA:388,60,0,2
BRDA:391,61,0,4
BRDA:392,62,0,0
BRDA:396,63,0,0
BRDA:402,64,0,2
BRDA:405,65,0,27
BRDA:406,66,0,11
BRDA:406,67,0,16
BRDA:414,68,0,129
BRDA:415,69,0,48
BRDA:418,70,0,81
BRDA:418,71,0,6
BRDA:418,72,0,2
BRDA:421,73,0,79
BRDA:428,74,0,0
BRDA:429,75,0,0
BRDA:432,76,0,1
BRDA:433,77,0,0
BRDA:448,78,0,29
BRDA:451,79,0,16
BRDA:456,80,0,15
BRDA:461,81,0,27
BRDA:466,82,0,118
BRDA:475,83,0,156
BRDA:476,84,0,95
BRF:85
BRH:69
end_of_record
TN:
SF:src/acp/settingsRepository.ts
FN:7,<instance_members_initializer>
FN:7,SettingsRepository
FN:9,getSelectedAuthType
FN:24,updateModel
FN:35,updateBaseUrl
FN:49,readSettings
FN:70,writeSettings
FN:84,getIFlowSettingsPath
FNF:8
FNH:5
FNDA:24,<instance_members_initializer>
FNDA:24,SettingsRepository
FNDA:11,getSelectedAuthType
FNDA:0,updateModel
FNDA:0,updateBaseUrl
FNDA:11,readSettings
FNDA:0,writeSettings
FNDA:11,getIFlowSettingsPath
DA:1,1
DA:2,1
DA:3,1
DA:4,1
DA:5,1
DA:6,1
DA:7,1
DA:8,1
DA:9,1
DA:10,11
DA:11,11
DA:12,11
DA:13,11
DA:14,0
DA:15,0
DA:16,11
DA:17,11
DA:18,11
DA:19,0
DA:20,0
DA:21,0
DA:22,11
DA:23,1
DA:24,1
DA:25,0
DA:26,0
DA:27,0
DA:28,0
DA:29,0
DA:30,0
DA:31,0
DA:32,0
DA:33,0
DA:34,1
DA:35,1
DA:36,0
DA:37,0
DA:38,0
DA:39,0
DA:40,0
DA:41,0
DA:42,0
DA:43,0
DA:44,0
DA:45,0
DA:46,0
DA:47,0
DA:48,1
DA:49,1
DA:50,11
DA:51,11
DA:52,11
DA:53,11
DA:54,0
DA:55,0
DA:56,11
DA:57,11
DA:58,0
DA:59,0
DA:60,11
DA:61,11
DA:62,11
DA:63,11
DA:64,11
DA:65,0
DA:66,0
DA:67,0
DA:68,11
DA:69,1
DA:70,1
DA:71,0
DA:72,0
DA:73,0
DA:74,0
DA:75,0
DA:76,0
DA:77,0
DA:78,0
DA:79,0
DA:80,0
DA:81,0
DA:82,0
DA:83,1
DA:84,1
DA:85,11
DA:86,11
DA:87,1
LF:87
LH:42
BRDA:7,0,0,24
BRDA:7,1,0,24
BRDA:9,2,0,11
BRDA:13,3,0,0
BRDA:17,4,0,0
BRDA:18,5,0,0
BRDA:49,6,0,11
BRDA:53,7,0,0
BRDA:57,8,0,0
BRDA:64,9,0,0
BRDA:84,10,0,11
BRF:11
BRH:5
end_of_record
TN:
SF:src/acp/client/acpClientFacade.ts
FN:27,getConfig
FN:32,<instance_members_initializer>
FN:46,AcpClient
FN:69,createTransport
FN:70,createProtocol
FN:71,getProcessManager
FN:73,resolveAuthMethodOrder
FN:76,log
FN:77,onConnectionStateChange
FN:94,log
FN:95,updateIFlowCliModel
FN:96,updateIFlowCliApiConfig
FN:97,isRunning
FN:98,setRunning
FN:99,setActiveChunkSink
FN:100,cancel
FN:101,isMissingSessionError
FN:102,recoverMissingSession
FN:107,get pendingPermissions
FN:111,set pendingPermissions
FN:117,get protocol
FN:121,set protocol
FN:125,get isConnected
FN:129,set isConnected
FN:133,get sessionId
FN:137,set sessionId
FN:144,_createTransport
FN:149,_createProtocol
FN:159,checkAvailability
FN:189,run
FN:202,cancel
FN:206,resetConnection
FN:212,dispose
FN:219,isRunning
FN:223,clearAutoDetectCache
FN:229,approveToolCall
FN:233,rejectToolCall
FN:237,answerQuestions
FN:244,approvePlan
FN:251,updateIFlowCliModel
FN:256,updateIFlowCliApiConfig
FN:262,log
FN:266,emitChunk
FN:270,resolveAuthMethodOrder
FN:287,isMissingSessionError
FN:291,recoverMissingSession
FN:306,handleConnectionStateChange
FN:321,getCliVersion
FNF:48
FNH:35
FNDA:187,getConfig
FNDA:24,<instance_members_initializer>
FNDA:24,AcpClient
FNDA:11,createTransport
FNDA:11,createProtocol
FNDA:35,getProcessManager
FNDA:11,resolveAuthMethodOrder
FNDA:11,log
FNDA:86,onConnectionStateChange
FNDA:13,log
FNDA:10,updateIFlowCliModel
FNDA:10,updateIFlowCliApiConfig
FNDA:0,isRunning
FNDA:20,setRunning
FNDA:20,setActiveChunkSink
FNDA:1,cancel
FNDA:2,isMissingSessionError
FNDA:2,recoverMissingSession
FNDA:5,get pendingPermissions
FNDA:4,set pendingPermissions
FNDA:0,get protocol
FNDA:1,set protocol
FNDA:0,get isConnected
FNDA:1,set isConnected
FNDA:0,get sessionId
FNDA:1,set sessionId
FNDA:0,_createTransport
FNDA:0,_createProtocol
FNDA:0,checkAvailability
FNDA:10,run
FNDA:1,cancel
FNDA:0,resetConnection
FNDA:24,dispose
FNDA:0,isRunning
FNDA:0,clearAutoDetectCache
FNDA:3,approveToolCall
FNDA:1,rejectToolCall
FNDA:1,answerQuestions
FNDA:1,approvePlan
FNDA:0,updateIFlowCliModel
FNDA:0,updateIFlowCliApiConfig
FNDA:110,log
FNDA:1,emitChunk
FNDA:11,resolveAuthMethodOrder
FNDA:2,isMissingSessionError
FNDA:2,recoverMissingSession
FNDA:86,handleConnectionStateChange
FNDA:0,getCliVersion
DA:1,1
DA:2,1
DA:3,1
DA:4,1
DA:5,1
DA:6,1
DA:7,1
DA:8,1
DA:9,1
DA:10,1
DA:11,1
DA:12,1
DA:13,1
DA:14,1
DA:15,1
DA:16,1
DA:17,1
DA:18,1
DA:19,1
DA:20,1
DA:21,1
DA:22,1
DA:23,1
DA:24,1
DA:25,1
DA:26,1
DA:27,187
DA:28,187
DA:29,187
DA:30,1
DA:31,1
DA:32,1
DA:33,24
DA:34,24
DA:35,24
DA:36,24
DA:37,24
DA:38,24
DA:39,24
DA:40,24
DA:41,24
DA:42,24
DA:43,24
DA:44,1
DA:45,1
DA:46,1
DA:47,24
DA:48,24
DA:49,24
DA:50,24
DA:51,24
DA:52,24
DA:53,24
DA:54,24
DA:55,24
DA:56,24
DA:57,24
DA:58,24
DA:59,24
DA:60,24
DA:61,24
DA:62,24
DA:63,24
DA:64,24
DA:65,24
DA:66,24
DA:67,24
DA:68,24
DA:69,24
DA:70,24
DA:71,24
DA:72,24
DA:73,24
DA:74,24
DA:75,24
DA:76,24
DA:77,24
DA:78,24
DA:79,24
DA:80,24
DA:81,24
DA:82,24
DA:83,24
DA:84,24
DA:85,24
DA:86,24
DA:87,24
DA:88,24
DA:89,24
DA:90,24
DA:91,24
DA:92,24
DA:93,24
DA:94,24
DA:95,24
DA:96,24
DA:97,24
DA:98,24
DA:99,24
DA:100,24
DA:101,24
DA:102,24
DA:103,24
DA:104,24
DA:105,1
DA:106,1
DA:107,1
DA:108,5
DA:109,5
DA:110,1
DA:111,1
DA:112,4
DA:113,4
DA:114,4
DA:115,4
DA:116,1
DA:117,1
DA:118,0
DA:119,0
DA:120,1
DA:121,1
DA:122,1
DA:123,1
DA:124,1
DA:125,1
DA:126,0
DA:127,0
DA:128,1
DA:129,1
DA:130,1
DA:131,1
DA:132,1
DA:133,1
DA:134,0
DA:135,0
DA:136,1
DA:137,1
DA:138,1
DA:139,1
DA:140,1
DA:141,1
DA:142,1
DA:143,1
DA:144,1
DA:145,0
DA:146,0
DA:147,1
DA:148,1
DA:149,1
DA:150,0
DA:151,0
DA:152,1
DA:153,1
DA:154,1
DA:155,1
DA:156,1
DA:157,1
DA:158,1
DA:159,1
DA:160,0
DA:161,0
DA:162,0
DA:163,0
DA:164,0
DA:165,0
DA:166,0
DA:167,0
DA:168,0
DA:169,0
DA:170,0
DA:171,0
DA:172,0
DA:173,0
DA:174,0
DA:175,0
DA:176,0
DA:177,0
DA:178,0
DA:179,0
DA:180,0
DA:181,0
DA:182,0
DA:183,0
DA:184,0
DA:185,1
DA:186,1
DA:187,1
DA:188,1
DA:189,1
DA:190,10
DA:191,10
DA:192,10
DA:193,10
DA:194,10
DA:195,10
DA:196,10
DA:197,10
DA:198,10
DA:199,10
DA:200,10
DA:201,1
DA:202,1
DA:203,1
DA:204,1
DA:205,1
DA:206,1
DA:207,0
DA:208,0
DA:209,0
DA:210,0
DA:211,1
DA:212,1
DA:213,24
DA:214,24
DA:215,24
DA:216,24
DA:217,24
DA:218,1
DA:219,1
DA:220,0
DA:221,0
DA:222,1
DA:223,1
DA:224,0
DA:225,0
DA:226,1
DA:227,1
DA:228,1
DA:229,1
DA:230,3
DA:231,3
DA:232,1
DA:233,1
DA:234,1
DA:235,1
DA:236,1
DA:237,1
DA:238,1
DA:239,1
DA:240,1
DA:241,1
DA:242,1
DA:243,1
DA:244,1
DA:245,1
DA:246,1
DA:247,1
DA:248,1
DA:249,1
DA:250,1
DA:251,1
DA:252,0
DA:253,0
DA:254,1
DA:255,1
DA:256,1
DA:257,0
DA:258,0
DA:259,1
DA:260,1
DA:261,1
DA:262,1
DA:263,110
DA:264,110
DA:265,1
DA:266,1
DA:267,1
DA:268,1
DA:269,1
DA:270,1
DA:271,11
DA:272,11
DA:273,11
DA:274,11
DA:275,11
DA:276,11
DA:277,11
DA:278,11
DA:279,11
DA:280,11
DA:281,11
DA:282,0
DA:283,0
DA:284,0
DA:285,0
DA:286,1
DA:287,1
DA:288,2
DA:289,2
DA:290,1
DA:291,1
DA:292,2
DA:293,2
DA:294,2
DA:295,2
DA:296,2
DA:297,2
DA:298,2
DA:299,2
DA:300,2
DA:301,0
DA:302,0
DA:303,2
DA:304,2
DA:305,1
DA:306,1
DA:307,86
DA:308,86
DA:309,86
DA:310,86
DA:311,86
DA:312,86
DA:313,0
DA:314,0
DA:315,86
DA:316,86
DA:317,86
DA:318,86
DA:319,1
DA:320,1
DA:321,1
DA:322,0
DA:323,0
DA:324,0
DA:325,0
DA:326,0
DA:327,0
DA:328,0
DA:329,0
DA:330,0
DA:331,0
DA:332,0
DA:333,0
DA:334,0
DA:335,1
LF:335
LH:267
BRDA:27,0,0,187
BRDA:32,1,0,24
BRDA:46,2,0,24
BRDA:58,3,0,1
BRDA:69,4,0,11
BRDA:70,5,0,11
BRDA:71,6,0,35
BRDA:73,7,0,11
BRDA:76,8,0,11
BRDA:77,9,0,86
BRDA:94,10,0,13
BRDA:95,11,0,10
BRDA:96,12,0,10
BRDA:98,13,0,20
BRDA:99,14,0,20
BRDA:100,15,0,1
BRDA:101,16,0,2
BRDA:102,17,0,2
BRDA:107,18,0,5
BRDA:111,19,0,4
BRDA:121,20,0,1
BRDA:129,21,0,1
BRDA:137,22,0,1
BRDA:189,23,0,10
BRDA:202,24,0,1
BRDA:212,25,0,24
BRDA:229,26,0,3
BRDA:233,27,0,1
BRDA:237,28,0,1
BRDA:244,29,0,1
BRDA:262,30,0,110
BRDA:266,31,0,1
BRDA:270,32,0,11
BRDA:282,33,0,0
BRDA:277,34,0,44
BRDA:287,35,0,2
BRDA:291,36,0,2
BRDA:300,37,0,0
BRDA:306,38,0,86
BRDA:307,39,0,73
BRDA:313,40,0,0
BRDA:315,41,0,0
BRDA:316,42,0,0
BRF:43
BRH:38
end_of_record
TN:
SF:src/acp/client/acpNotificationRouter.ts
FN:16,<instance_members_initializer>
FN:16,AcpNotificationRouter
FN:18,registerSessionUpdateHandler
FNF:3
FNH:3
FNDA:24,<instance_members_initializer>
FNDA:24,AcpNotificationRouter
FNDA:11,registerSessionUpdateHandler
DA:1,1
DA:2,1
DA:3,1
DA:4,1
DA:5,1
DA:6,1
DA:7,1
DA:8,1
DA:9,1
DA:10,1
DA:11,1
DA:12,1
DA:13,1
DA:14,1
DA:15,1
DA:16,1
DA:17,1
DA:18,1
DA:19,11
DA:20,11
DA:21,11
DA:22,11
DA:23,11
DA:24,11
DA:25,9
DA:26,9
DA:27,9
DA:28,9
DA:29,9
DA:30,0
DA:31,0
DA:32,9
DA:33,9
DA:34,9
DA:35,10
DA:36,10
DA:37,11
DA:38,11
DA:39,1
LF:39
LH:37
BRDA:16,0,0,24
BRDA:16,1,0,24
BRDA:18,2,0,11
BRDA:24,3,0,9
BRDA:25,4,0,0
BRDA:29,5,0,0
BRDA:34,6,0,10
BRF:7
BRH:5
end_of_record
TN:
SF:src/acp/client/acpRunExecutor.ts
FN:42,<instance_members_initializer>
FN:42,AcpRunExecutor
FN:44,run
FN:100,registerNotificationHandler
FN:222,cancel
FN:226,extractPromptResultChunks
FN:243,extractSessionUpdatesFromPromptResult
FN:249,addCandidate
FN:274,extractPromptResultText
FN:306,extractTextFromCandidate
FN:359,buildPromptPreview
FNF:11
FNH:11
FNDA:24,<instance_members_initializer>
FNDA:24,AcpRunExecutor
FNDA:10,run
FNDA:11,registerNotificationHandler
FNDA:1,cancel
FNDA:1,extractPromptResultChunks
FNDA:1,extractSessionUpdatesFromPromptResult
FNDA:3,addCandidate
FNDA:1,extractPromptResultText
FNDA:8,extractTextFromCandidate
FNDA:10,buildPromptPreview
DA:1,1
DA:2,1
DA:3,1
DA:4,1
DA:5,1
DA:6,1
DA:7,1
DA:8,1
DA:9,1
DA:10,1
DA:11,1
DA:12,1
DA:13,1
DA:14,1
DA:15,1
DA:16,1
DA:17,1
DA:18,1
DA:19,1
DA:20,1
DA:21,1
DA:22,1
DA:23,1
DA:24,1
DA:25,1
DA:26,1
DA:27,1
DA:28,1
DA:29,1
DA:30,1
DA:31,1
DA:32,1
DA:33,1
DA:34,1
DA:35,1
DA:36,1
DA:37,1
DA:38,1
DA:39,1
DA:40,1
DA:41,1
DA:42,1
DA:43,1
DA:44,1
DA:45,10
DA:46,10
DA:47,10
DA:48,10
DA:49,10
DA:50,10
DA:51,10
DA:52,10
DA:53,10
DA:54,10
DA:55,10
DA:56,10
DA:57,10
DA:58,10
DA:59,10
DA:60,10
DA:61,10
DA:62,10
DA:63,10
DA:64,10
DA:65,10
DA:66,10
DA:67,10
DA:68,1
DA:69,1
DA:70,1
DA:71,1
DA:72,1
DA:73,0
DA:74,0
DA:75,1
DA:76,10
DA:77,10
DA:78,10
DA:79,10
DA:80,0
DA:81,0
DA:82,10
DA:83,10
DA:84,10
DA:85,10
DA:86,10
DA:87,10
DA:88,10
DA:89,10
DA:90,10
DA:91,10
DA:92,0
DA:93,0
DA:94,0
DA:95,0
DA:96,10
DA:97,10
DA:98,10
DA:99,10
DA:100,10
DA:101,11
DA:102,11
DA:103,11
DA:104,10
DA:105,10
DA:106,11
DA:107,11
DA:108,11
DA:109,11
DA:110,10
DA:111,10
DA:112,10
DA:113,10
DA:114,10
DA:115,10
DA:116,10
DA:117,10
DA:118,10
DA:119,10
DA:120,10
DA:121,10
DA:122,10
DA:123,10
DA:124,10
DA:125,10
DA:126,10
DA:127,10
DA:128,10
DA:129,10
DA:130,10
DA:131,10
DA:132,10
DA:133,10
DA:134,10
DA:135,10
DA:136,0
DA:137,0
DA:138,10
DA:139,1
DA:140,1
DA:141,1
DA:142,1
DA:143,1
DA:144,1
DA:145,1
DA:146,1
DA:147,1
DA:148,1
DA:149,1
DA:150,1
DA:151,0
DA:152,0
DA:153,1
DA:154,0
DA:155,0
DA:156,0
DA:157,0
DA:158,10
DA:159,10
DA:160,10
DA:161,10
DA:162,10
DA:163,10
DA:164,0
DA:165,0
DA:166,0
DA:167,0
DA:168,0
DA:169,0
DA:170,0
DA:171,0
DA:172,0
DA:173,0
DA:174,0
DA:175,0
DA:176,0
DA:177,0
DA:178,0
DA:179,0
DA:180,0
DA:181,0
DA:182,0
DA:183,0
DA:184,0
DA:185,0
DA:186,0
DA:187,10
DA:188,10
DA:189,10
DA:190,1
DA:191,1
DA:192,10
DA:193,1
DA:194,1
DA:195,1
DA:196,1
DA:197,1
DA:198,1
DA:199,1
DA:200,1
DA:201,1
DA:202,0
DA:203,0
DA:204,1
DA:205,10
DA:206,10
DA:207,0
DA:208,0
DA:209,10
DA:210,10
DA:211,10
DA:212,10
DA:213,0
DA:214,0
DA:215,0
DA:216,0
DA:217,10
DA:218,10
DA:219,10
DA:220,10
DA:221,1
DA:222,1
DA:223,1
DA:224,1
DA:225,1
DA:226,1
DA:227,1
DA:228,1
DA:229,1
DA:230,0
DA:231,0
DA:232,1
DA:233,0
DA:234,0
DA:235,1
DA:236,1
DA:237,1
DA:238,0
DA:239,0
DA:240,1
DA:241,1
DA:242,1
DA:243,1
DA:244,1
DA:245,0
DA:246,0
DA:247,1
DA:248,1
DA:249,1
DA:250,3
DA:251,2
DA:252,2
DA:253,3
DA:254,0
DA:255,0
DA:256,1
DA:257,1
DA:258,1
DA:259,1
DA:260,1
DA:261,1
DA:262,1
DA:263,0
DA:264,0
DA:265,0
DA:266,0
DA:267,0
DA:268,0
DA:269,0
DA:270,1
DA:271,1
DA:272,1
DA:273,1
DA:274,1
DA:275,1
DA:276,0
DA:277,0
DA:278,1
DA:279,0
DA:280,0
DA:281,1
DA:282,1
DA:283,1
DA:284,1
DA:285,1
DA:286,1
DA:287,1
DA:288,1
DA:289,1
DA:290,1
DA:291,1
DA:292,1
DA:293,1
DA:294,1
DA:295,1
DA:296,1
DA:297,8
DA:298,8
DA:299,1
DA:300,1
DA:301,8
DA:302,0
DA:303,0
DA:304,0
DA:305,1
DA:306,1
DA:307,8
DA:308,0
DA:309,0
DA:310,8
DA:311,8
DA:312,0
DA:313,0
DA:314,0
DA:315,0
DA:316,0
DA:317,0
DA:318,0
DA:319,0
DA:320,8
DA:321,8
DA:322,7
DA:323,7
DA:324,1
DA:325,8
DA:326,0
DA:327,0
DA:328,0
DA:329,0
DA:330,0
DA:331,1
DA:332,8
DA:333,1
DA:334,1
DA:335,0
DA:336,0
DA:337,0
DA:338,0
DA:339,0
DA:340,0
DA:341,0
DA:342,0
DA:343,0
DA:344,0
DA:345,0
DA:346,0
DA:347,0
DA:348,0
DA:349,0
DA:350,0
DA:351,0
DA:352,0
DA:353,0
DA:354,0
DA:355,0
DA:356,0
DA:357,0
DA:358,1
DA:359,1
DA:360,10
DA:361,10
DA:362,0
DA:363,0
DA:364,10
DA:365,10
DA:366,10
DA:367,0
DA:368,0
DA:369,1
LF:369
LH:256
BRDA:42,0,0,24
BRDA:42,1,0,24
BRDA:44,2,0,10
BRDA:57,3,0,8
BRDA:58,4,0,1
BRDA:59,5,0,1
BRDA:60,6,0,9
BRDA:67,7,0,9
BRDA:67,8,0,1
BRDA:72,9,0,0
BRDA:79,10,0,0
BRDA:135,11,0,9
BRDA:135,12,0,0
BRDA:138,13,0,1
BRDA:150,14,0,0
BRDA:153,15,0,0
BRDA:163,16,0,0
BRDA:163,17,0,0
BRDA:189,18,0,1
BRDA:192,19,0,1
BRDA:201,20,0,0
BRDA:206,21,0,0
BRDA:211,22,0,0
BRDA:212,23,0,0
BRDA:100,24,0,11
BRDA:103,25,0,10
BRDA:222,26,0,1
BRDA:226,27,0,1
BRDA:229,28,0,0
BRDA:232,29,0,0
BRDA:237,30,0,0
BRDA:243,31,0,1
BRDA:244,32,0,0
BRDA:262,33,0,0
BRDA:249,34,0,3
BRDA:250,35,0,2
BRDA:253,36,0,1
BRDA:253,37,0,0
BRDA:274,38,0,1
BRDA:275,39,0,0
BRDA:278,40,0,0
BRDA:296,41,0,8
BRDA:298,42,0,1
BRDA:302,43,0,0
BRDA:306,44,0,8
BRDA:307,45,0,0
BRDA:311,46,0,0
BRDA:321,47,0,7
BRDA:324,48,0,1
BRDA:325,49,0,0
BRDA:331,50,0,1
BRDA:332,51,0,1
BRDA:335,52,0,0
BRDA:359,53,0,10
BRDA:361,54,0,0
BRDA:367,55,0,0
BRF:56
BRH:30
end_of_record
TN:
SF:src/acp/client/acpUsageExtractor.ts
FN:14,<instance_members_initializer>
FN:16,mergeEnvelopeUsage
FN:32,extractUsageChunk
FNF:3
FNH:3
FNDA:24,<instance_members_initializer>
FNDA:9,mergeEnvelopeUsage
FNDA:10,extractUsageChunk
DA:1,1
DA:2,1
DA:3,1
DA:4,1
DA:5,1
DA:6,1
DA:7,1
DA:8,1
DA:9,1
DA:10,1
DA:11,1
DA:12,1
DA:13,1
DA:14,1
DA:15,1
DA:16,1
DA:17,9
DA:18,9
DA:19,0
DA:20,0
DA:21,9
DA:22,9
DA:23,9
DA:24,27
DA:25,27
DA:26,1
DA:27,1
DA:28,27
DA:29,9
DA:30,9
DA:31,1
DA:32,1
DA:33,10
DA:34,10
DA:35,1
LF:35
LH:33
BRDA:14,0,0,24
BRDA:16,1,0,9
BRDA:17,2,0,0
BRDA:18,3,0,0
BRDA:23,4,0,27
BRDA:25,5,0,1
BRDA:25,6,0,1
BRDA:32,7,0,10
BRF:8
BRH:6
end_of_record
TN:
SF:src/auth/credentialsStore.ts
FN:10,AuthCredentialsStore
FN:15,migrateLegacyCredentialsIfNeeded
FN:37,readCredentials
FN:49,writeCredentials
FN:54,clearCredentials
FN:59,removeLegacyCredentialsFile
FN:69,readCredentialsFromSecretStorage
FN:90,readLegacyCredentialsFromFile
FN:108,isValidCredentials
FNF:9
FNH:1
FNDA:7,AuthCredentialsStore
FNDA:0,migrateLegacyCredentialsIfNeeded
FNDA:0,readCredentials
FNDA:0,writeCredentials
FNDA:0,clearCredentials
FNDA:0,removeLegacyCredentialsFile
FNDA:0,readCredentialsFromSecretStorage
FNDA:0,readLegacyCredentialsFromFile
FNDA:0,isValidCredentials
DA:1,1
DA:2,1
DA:3,1
DA:4,1
DA:5,1
DA:6,1
DA:7,1
DA:8,1
DA:9,1
DA:10,1
DA:11,7
DA:12,7
DA:13,7
DA:14,1
DA:15,1
DA:16,0
DA:17,0
DA:18,0
DA:19,0
DA:20,0
DA:21,0
DA:22,0
DA:23,0
DA:24,0
DA:25,0
DA:26,0
DA:27,0
DA:28,0
DA:29,0
DA:30,0
DA:31,0
DA:32,0
DA:33,0
DA:34,0
DA:35,0
DA:36,1
DA:37,1
DA:38,0
DA:39,0
DA:40,0
DA:41,0
DA:42,0
DA:43,0
DA:44,0
DA:45,0
DA:46,0
DA:47,0
DA:48,1
DA:49,1
DA:50,0
DA:51,0
DA:52,0
DA:53,1
DA:54,1
DA:55,0
DA:56,0
DA:57,0
DA:58,1
DA:59,1
DA:60,0
DA:61,0
DA:62,0
DA:63,0
DA:64,0
DA:65,0
DA:66,0
DA:67,0
DA:68,1
DA:69,1
DA:70,0
DA:71,0
DA:72,0
DA:73,0
DA:74,0
DA:75,0
DA:76,0
DA:77,0
DA:78,0
DA:79,0
DA:80,0
DA:81,0
DA:82,0
DA:83,0
DA:84,0
DA:85,0
DA:86,0
DA:87,0
DA:88,0
DA:89,1
DA:90,1
DA:91,0
DA:92,0
DA:93,0
DA:94,0
DA:95,0
DA:96,0
DA:97,0
DA:98,0
DA:99,0
DA:100,0
DA:101,0
DA:102,0
DA:103,0
DA:104,0
DA:105,0
DA:106,0
DA:107,1
DA:108,1
DA:109,0
DA:110,0
DA:111,0
DA:112,0
DA:113,0
DA:114,0
DA:115,0
DA:116,0
DA:117,0
DA:118,0
DA:119,0
DA:120,1
LF:120
LH:30
BRDA:10,0,0,7
BRF:1
BRH:1
end_of_record
TN:
SF:src/auth/pkceFlow.ts
FN:13,<instance_members_initializer>
FN:13,PkceFlow
FN:15,generateCodeVerifier
FN:19,generateCodeChallenge
FN:23,buildAuthorizeUrl
FN:38,exchangeCodeForTokens
FN:64,refreshCredentials
FN:84,toBase64Url
FNF:8
FNH:6
FNDA:7,<instance_members_initializer>
FNDA:7,PkceFlow
FNDA:1,generateCodeVerifier
FNDA:1,generateCodeChallenge
FNDA:0,buildAuthorizeUrl
FNDA:1,exchangeCodeForTokens
FNDA:0,refreshCredentials
FNDA:2,toBase64Url
DA:1,1
DA:2,1
DA:3,1
DA:4,1
DA:5,1
DA:6,1
DA:7,1
DA:8,1
DA:9,1
DA:10,1
DA:11,1
DA:12,1
DA:13,1
DA:14,1
DA:15,1
DA:16,1
DA:17,1
DA:18,1
DA:19,1
DA:20,1
DA:21,1
DA:22,1
DA:23,1
DA:24,0
DA:25,0
DA:26,0
DA:27,0
DA:28,0
DA:29,0
DA:30,0
DA:31,0
DA:32,0
DA:33,0
DA:34,0
DA:35,0
DA:36,0
DA:37,1
DA:38,1
DA:39,1
DA:40,1
DA:41,1
DA:42,1
DA:43,1
DA:44,1
DA:45,1
DA:46,1
DA:47,1
DA:48,1
DA:49,1
DA:50,1
DA:51,1
DA:52,0
DA:53,0
DA:54,1
DA:55,1
DA:56,1
DA:57,1
DA:58,1
DA:59,1
DA:60,1
DA:61,1
DA:62,1
DA:63,1
DA:64,1
DA:65,0
DA:66,0
DA:67,0
DA:68,0
DA:69,0
DA:70,0
DA:71,0
DA:72,0
DA:73,0
DA:74,0
DA:75,0
DA:76,0
DA:77,0
DA:78,0
DA:79,0
DA:80,0
DA:81,0
DA:82,0
DA:83,1
DA:84,1
DA:85,2
DA:86,2
DA:87,2
DA:88,2
DA:89,2
DA:90,2
DA:91,1
LF:91
LH:58
BRDA:13,0,0,7
BRDA:13,1,0,7
BRDA:15,2,0,1
BRDA:19,3,0,1
BRDA:38,4,0,1
BRDA:51,5,0,0
BRDA:59,6,0,0
BRDA:60,7,0,0
BRDA:84,8,0,2
BRF:9
BRH:6
end_of_record
TN:
SF:src/auth/settingsStore.ts
FN:6,<instance_members_initializer>
FN:6,AuthSettingsStore
FN:8,updateSettings
FN:37,clearSettings
FNF:4
FNH:2
FNDA:7,<instance_members_initializer>
FNDA:7,AuthSettingsStore
FNDA:0,updateSettings
FNDA:0,clearSettings
DA:1,1
DA:2,1
DA:3,1
DA:4,1
DA:5,1
DA:6,1
DA:7,1
DA:8,1
DA:9,0
DA:10,0
DA:11,0
DA:12,0
DA:13,0
DA:14,0
DA:15,0
DA:16,0
DA:17,0
DA:18,0
DA:19,0
DA:20,0
DA:21,0
DA:22,0
DA:23,0
DA:24,0
DA:25,0
DA:26,0
DA:27,0
DA:28,0
DA:29,0
DA:30,0
DA:31,0
DA:32,0
DA:33,0
DA:34,0
DA:35,0
DA:36,1
DA:37,1
DA:38,0
DA:39,0
DA:40,0
DA:41,0
DA:42,0
DA:43,0
DA:44,0
DA:45,0
DA:46,0
DA:47,0
DA:48,0
DA:49,0
DA:50,0
DA:51,0
DA:52,0
DA:53,0
DA:54,0
DA:55,0
DA:56,1
LF:56
LH:11
BRDA:6,0,0,7
BRDA:6,1,0,7
BRF:2
BRH:2
end_of_record
TN:
SF:src/auth/tokenManager.ts
FN:21,isTokenExpiring
FN:25,clearCredentials
FN:31,ensureValidToken
FNF:3
FNH:2
FNDA:2,isTokenExpiring
FNDA:0,clearCredentials
FNDA:3,ensureValidToken
DA:1,1
DA:2,1
DA:3,1
DA:4,1
DA:5,1
DA:6,1
DA:7,1
DA:8,1
DA:9,1
DA:10,1
DA:11,1
DA:12,1
DA:13,1
DA:14,1
DA:15,1
DA:16,1
DA:17,1
DA:18,1
DA:19,1
DA:20,1
DA:21,1
DA:22,2
DA:23,2
DA:24,1
DA:25,1
DA:26,0
DA:27,0
DA:28,0
DA:29,0
DA:30,1
DA:31,1
DA:32,3
DA:33,3
DA:34,3
DA:35,3
DA:36,3
DA:37,1
DA:38,1
DA:39,2
DA:40,2
DA:41,3
DA:42,0
DA:43,0
DA:44,2
DA:45,3
DA:46,1
DA:47,1
DA:48,1
DA:49,1
DA:50,1
DA:51,1
DA:52,1
DA:53,1
DA:54,1
DA:55,1
DA:56,1
DA:57,1
DA:58,1
DA:59,1
DA:60,1
DA:61,1
DA:62,1
DA:63,1
DA:64,1
DA:65,1
DA:66,3
DA:67,0
DA:68,0
DA:69,0
DA:70,3
DA:71,1
LF:71
LH:62
BRDA:21,0,0,2
BRDA:31,1,0,3
BRDA:36,2,0,1
BRDA:39,3,0,2
BRDA:41,4,0,0
BRDA:44,5,0,2
BRDA:45,6,0,1
BRDA:66,7,0,0
BRF:8
BRH:6
end_of_record
TN:
SF:src/chunkMapper/index.ts
FN:20,ChunkMapper
FN:23,reset
FN:28,flushToChunks
FN:33,buildPrompt
FN:41,enrichToolInput
FN:53,mapUpdateToChunks
FNF:6
FNH:6
FNDA:39,ChunkMapper
FNDA:25,reset
FNDA:11,flushToChunks
FNDA:12,buildPrompt
FNDA:2,enrichToolInput
FNDA:22,mapUpdateToChunks
DA:1,1
DA:2,1
DA:3,1
DA:4,1
DA:5,1
DA:6,1
DA:7,1
DA:8,1
DA:9,1
DA:10,1
DA:11,1
DA:12,1
DA:13,1
DA:14,1
DA:15,1
DA:16,1
DA:17,1
DA:18,1
DA:19,1
DA:20,1
DA:21,1
DA:22,1
DA:23,1
DA:24,25
DA:25,25
DA:26,1
DA:27,1
DA:28,1
DA:29,11
DA:30,11
DA:31,1
DA:32,1
DA:33,1
DA:34,12
DA:35,12
DA:36,1
DA:37,1
DA:38,1
DA:39,1
DA:40,1
DA:41,1
DA:42,2
DA:43,2
DA:44,2
DA:45,2
DA:46,2
DA:47,2
DA:48,2
DA:49,1
DA:50,1
DA:51,1
DA:52,1
DA:53,1
DA:54,22
DA:55,0
DA:56,0
DA:57,22
DA:58,22
DA:59,22
DA:60,22
DA:61,22
DA:62,22
DA:63,4
DA:64,4
DA:65,4
DA:66,4
DA:67,22
DA:68,22
DA:69,12
DA:70,12
DA:71,12
DA:72,12
DA:73,22
DA:74,22
DA:75,22
DA:76,4
DA:77,4
DA:78,4
DA:79,22
DA:80,22
DA:81,1
DA:82,1
DA:83,1
DA:84,1
DA:85,1
DA:86,2
DA:87,2
DA:88,2
DA:89,1
DA:90,1
DA:91,1
DA:92,1
DA:93,1
DA:94,22
DA:95,22
DA:96,22
DA:97,1
DA:98,22
DA:99,22
DA:100,0
DA:101,22
DA:102,0
DA:103,0
DA:104,22
DA:105,22
DA:106,22
DA:107,22
DA:108,22
DA:109,0
DA:110,0
DA:111,0
DA:112,0
DA:113,22
DA:114,22
DA:115,0
DA:116,0
DA:117,0
DA:118,0
DA:119,0
DA:120,0
DA:121,0
DA:122,0
DA:123,0
DA:124,0
DA:125,0
DA:126,0
DA:127,0
DA:128,0
DA:129,0
DA:130,0
DA:131,0
DA:132,22
DA:133,22
DA:134,0
DA:135,0
DA:136,0
DA:137,0
DA:138,0
DA:139,0
DA:140,0
DA:141,0
DA:142,0
DA:143,0
DA:144,0
DA:145,22
DA:146,22
DA:147,0
DA:148,0
DA:149,0
DA:150,0
DA:151,0
DA:152,22
DA:153,22
DA:154,0
DA:155,0
DA:156,22
DA:157,22
DA:158,0
DA:159,22
DA:160,0
DA:161,0
DA:162,0
DA:163,1
LF:163
LH:115
BRDA:20,0,0,39
BRDA:23,1,0,25
BRDA:28,2,0,11
BRDA:33,3,0,12
BRDA:41,4,0,2
BRDA:53,5,0,22
BRDA:54,6,0,0
BRDA:62,7,0,4
BRDA:68,8,0,12
BRDA:74,9,0,1
BRDA:75,10,0,4
BRDA:80,11,0,1
BRDA:95,12,0,1
BRDA:96,13,0,1
BRDA:99,14,0,0
BRDA:102,15,0,0
BRDA:104,16,0,0
BRDA:108,17,0,0
BRDA:114,18,0,0
BRDA:133,19,0,0
BRDA:146,20,0,0
BRDA:153,21,0,0
BRDA:157,22,0,0
BRDA:160,23,0,0
BRDA:85,24,0,2
BRDA:86,25,0,0
BRDA:87,26,0,0
BRDA:88,27,0,0
BRF:28
BRH:14
end_of_record
TN:
SF:src/chunkMapper/promptBuilder.ts
FN:3,buildPrompt
FNF:1
FNH:1
FNDA:12,buildPrompt
DA:1,1
DA:2,1
DA:3,12
DA:4,12
DA:5,12
DA:6,12
DA:7,3
DA:8,3
DA:9,12
DA:10,12
DA:11,0
DA:12,0
DA:13,0
DA:14,0
DA:15,12
DA:16,12
DA:17,12
DA:18,0
DA:19,0
DA:20,0
DA:21,0
DA:22,0
DA:23,0
DA:24,0
[...]
DA:1,1
DA:2,1
DA:3,1
DA:4,1
DA:5,1
DA:6,1
DA:7,0
DA:8,0
DA:9,0
DA:10,0
DA:11,0
DA:12,0
DA:13,0
DA:14,0
DA:15,0
DA:16,0
DA:17,0
DA:18,0
DA:19,0
DA:20,0
DA:21,0
DA:22,0
DA:23,0
DA:24,0
DA:25,0
DA:26,0
DA:27,0
DA:28,0
DA:29,0
DA:30,0
DA:31,0
DA:32,0
DA:33,1
LF:33
LH:7
BRF:0
BRH:0
end_of_record
TN:
SF:src/webview/ideContextSyncService.ts
FN:10,<instance_members_initializer>
FN:10,IDEContextSyncService
FN:12,push
FNF:3
FNH:2
FNDA:9,<instance_members_initializer>
FNDA:9,IDEContextSyncService
FNDA:0,push
DA:1,1
DA:2,1
DA:3,1
DA:4,1
DA:5,1
DA:6,1
DA:7,1
DA:8,1
DA:9,1
DA:10,1
DA:11,1
DA:12,1
DA:13,0
DA:14,0
DA:15,0
DA:16,0
DA:17,0
DA:18,0
DA:19,1
LF:19
LH:13
BRDA:10,0,0,9
BRDA:10,1,0,9
BRF:2
BRH:2
end_of_record
TN:
SF:src/webview/messageRouter.ts
FN:11,routeWebviewMessage
FNF:1
FNH:1
FNDA:6,routeWebviewMessage
DA:1,1
DA:2,1
DA:3,1
DA:4,1
DA:5,1
DA:6,1
DA:7,1
DA:8,1
DA:9,1
DA:10,1
DA:11,1
DA:12,6
DA:13,6
DA:14,6
DA:15,6
DA:16,6
DA:17,6
DA:18,1
DA:19,1
DA:20,1
DA:21,5
DA:22,4
DA:23,4
LF:23
LH:23
BRDA:11,0,0,6
BRDA:17,1,0,1
BRDA:21,2,0,5
BRDA:22,3,0,4
BRF:4
BRH:4
end_of_record
TN:
SF:src/webview/planApprovalCoordinator.ts
FN:10,<instance_members_initializer>
FN:10,PlanApprovalCoordinator
FN:12,startRun
FN:16,onChunk
FN:22,registerSyntheticApproval
FN:26,registerServerApproval
FN:30,resolveAfterRun
FN:68,markReplaying
FN:72,cancelWait
FNF:9
FNH:9
FNDA:21,<instance_members_initializer>
FNDA:21,PlanApprovalCoordinator
FNDA:13,startRun
FNDA:9,onChunk
FNDA:2,registerSyntheticApproval
FNDA:1,registerServerApproval
FNDA:8,resolveAfterRun
FNDA:1,markReplaying
FNDA:5,cancelWait
DA:1,1
DA:2,1
DA:3,1
DA:4,1
DA:5,1
DA:6,1
DA:7,1
DA:8,1
DA:9,1
DA:10,1
DA:11,1
DA:12,1
DA:13,13
DA:14,13
DA:15,1
DA:16,1
DA:17,9
DA:18,1
DA:19,1
DA:20,9
DA:21,1
DA:22,1
DA:23,2
DA:24,2
DA:25,1
DA:26,1
DA:27,1
DA:28,1
DA:29,1
DA:30,1
DA:31,8
DA:32,8
DA:33,8
DA:34,8
DA:35,6
DA:36,6
DA:37,6
DA:38,2
DA:39,8
DA:40,1
DA:41,1
DA:42,1
DA:43,2
DA:44,2
DA:45,2
DA:46,2
DA:47,8
DA:48,0
DA:49,0
DA:50,2
DA:51,8
DA:52,1
DA:53,1
DA:54,1
DA:55,1
DA:56,1
DA:57,1
DA:58,8
DA:59,0
DA:60,0
DA:61,0
DA:62,0
DA:63,0
DA:64,1
DA:65,1
DA:66,1
DA:67,1
DA:68,1
DA:69,1
DA:70,1
DA:71,1
DA:72,1
DA:73,5
DA:74,5
DA:75,1
LF:75
LH:68
BRDA:10,0,0,21
BRDA:10,1,0,21
BRDA:12,2,0,13
BRDA:16,3,0,9
BRDA:17,4,0,1
BRDA:22,5,0,2
BRDA:26,6,0,1
BRDA:30,7,0,8
BRDA:34,8,0,6
BRDA:38,9,0,2
BRDA:39,10,0,1
BRDA:43,11,0,2
BRDA:47,12,0,0
BRDA:50,13,0,2
BRDA:51,14,0,1
BRDA:58,15,0,0
BRDA:64,16,0,1
BRDA:68,17,0,1
BRDA:72,18,0,5
BRF:19
BRH:17
end_of_record
TN:
SF:src/webview/planModeOrchestrator.ts
FN:14,<instance_members_initializer>
FN:19,onRunStart
FN:26,onPlanApprovalChunk
FN:30,hasPlanApprovalChunk
FN:34,registerApproval
FN:57,waitForSyntheticApproval
FN:68,consumeDecision
FN:74,markReplaying
FN:78,cancelWait
FN:88,reset
FN:95,getStateForTests
FNF:11
FNH:10
FNDA:21,<instance_members_initializer>
FNDA:13,onRunStart
FNDA:1,onPlanApprovalChunk
FNDA:2,hasPlanApprovalChunk
FNDA:3,registerApproval
FNDA:1,waitForSyntheticApproval
FNDA:2,consumeDecision
FNDA:1,markReplaying
FNDA:13,cancelWait
FNDA:8,reset
FNDA:0,getStateForTests
DA:1,1
DA:2,1
DA:3,1
DA:4,1
DA:5,1
DA:6,1
DA:7,1
DA:8,1
DA:9,1
DA:10,1
DA:11,1
DA:12,1
DA:13,1
DA:14,1
DA:15,21
DA:16,21
DA:17,1
DA:18,1
DA:19,1
DA:20,13
DA:21,13
DA:22,13
DA:23,13
DA:24,13
DA:25,1
DA:26,1
DA:27,1
DA:28,1
DA:29,1
DA:30,1
DA:31,2
DA:32,2
DA:33,1
DA:34,1
DA:35,3
DA:36,3
DA:37,3
DA:38,3
DA:39,3
DA:40,3
DA:41,3
DA:42,3
DA:43,3
DA:44,3
DA:45,3
DA:46,3
DA:47,3
DA:48,3
DA:49,0
DA:50,0
DA:51,0
DA:52,0
DA:53,3
DA:54,3
DA:55,3
DA:56,1
DA:57,1
DA:58,1
DA:59,1
DA:60,1
DA:61,0
DA:62,0
DA:63,0
DA:64,0
DA:65,0
DA:66,0
DA:67,1
DA:68,1
DA:69,2
DA:70,2
DA:71,2
DA:72,2
DA:73,1
DA:74,1
DA:75,1
DA:76,1
DA:77,1
DA:78,1
DA:79,13
DA:80,0
DA:81,0
DA:82,0
DA:83,13
DA:84,0
DA:85,0
DA:86,13
DA:87,1
DA:88,1
DA:89,8
DA:90,8
DA:91,8
DA:92,8
DA:93,8
DA:94,1
DA:95,1
DA:96,0
DA:97,0
DA:98,1
LF:98
LH:81
BRDA:14,0,0,21
BRDA:19,1,0,13
BRDA:26,2,0,1
BRDA:30,3,0,2
BRDA:34,4,0,3
BRDA:35,5,0,1
BRDA:36,6,0,2
BRDA:37,7,0,1
BRDA:38,8,0,0
BRDA:39,9,0,0
BRDA:45,10,0,0
BRDA:48,11,0,0
BRDA:57,12,0,1
BRDA:61,13,0,0
BRDA:68,14,0,2
BRDA:74,15,0,1
BRDA:78,16,0,13
BRDA:79,17,0,0
BRDA:83,18,0,0
BRDA:88,19,0,8
BRF:20
BRH:13
end_of_record
TN:
SF:src/webview/sendMessagePipeline.ts
FN:57,SendMessagePipeline
FN:61,execute
FN:75,executeSingle
FN:137,clearStatePublishTimer
FN:145,flushPendingStatePublish
FN:154,scheduleStatePublish
FN:173,finalizeRunHook
FN:209,returnedSessionId.deps.client.run.runCompleted
FN:220,returnedSessionId.deps.client.run.runCompleted
FN:314,emitStreamStatus
FN:322,appendCliReconnectHint
FN:329,logPerf
FN:342,resolveStreamRenderIntervalMs
FNF:13
FNH:13
FNDA:21,SendMessagePipeline
FNDA:13,execute
FNDA:14,executeSingle
FNDA:26,clearStatePublishTimer
FNDA:13,flushPendingStatePublish
FNDA:9,scheduleStatePublish
FNDA:13,finalizeRunHook
FNDA:9,returnedSessionId.deps.client.run.runCompleted
FNDA:8,returnedSessionId.deps.client.run.runCompleted
FNDA:27,emitStreamStatus
FNDA:2,appendCliReconnectHint
FNDA:13,logPerf
FNDA:13,resolveStreamRenderIntervalMs
DA:1,1
DA:2,1
DA:3,1
DA:4,1
DA:5,1
DA:6,1
DA:7,1
DA:8,1
DA:9,1
DA:10,1
DA:11,1
DA:12,1
DA:13,1
DA:14,1
DA:15,1
DA:16,1
DA:17,1
DA:18,1
DA:19,1
DA:20,1
DA:21,1
DA:22,1
DA:23,1
DA:24,1
DA:25,1
DA:26,1
DA:27,1
DA:28,1
DA:29,1
DA:30,1
DA:31,1
DA:32,1
DA:33,1
DA:34,1
DA:35,1
DA:36,1
DA:37,1
DA:38,1
DA:39,1
DA:40,1
DA:41,1
DA:42,1
DA:43,1
DA:44,1
DA:45,1
DA:46,1
DA:47,1
DA:48,1
DA:49,1
DA:50,1
DA:51,1
DA:52,1
DA:53,1
DA:54,1
DA:55,1
DA:56,1
DA:57,1
DA:58,21
DA:59,21
DA:60,1
DA:61,1
DA:62,13
DA:63,13
DA:64,13
DA:65,14
DA:66,14
DA:67,0
DA:68,0
DA:69,14
DA:70,14
DA:71,13
DA:72,13
DA:73,13
DA:74,1
DA:75,1
DA:76,14
DA:77,14
DA:78,14
DA:79,14
DA:80,14
DA:81,14
DA:82,14
DA:83,14
DA:84,14
DA:85,14
DA:86,14
DA:87,14
DA:88,13
DA:89,12
DA:90,12
DA:91,13
DA:92,13
DA:93,13
DA:94,14
DA:95,14
DA:96,14
DA:97,14
DA:98,0
DA:99,0
DA:100,0
DA:101,13
DA:102,13
DA:103,14
DA:104,12
DA:105,12
DA:106,13
DA:107,13
DA:108,13
DA:109,13
DA:110,13
DA:111,13
DA:112,14
DA:113,1
DA:114,1
DA:115,1
DA:116,1
DA:117,13
DA:118,13
DA:119,14
DA:120,14
DA:121,14
DA:122,14
DA:123,14
DA:124,14
DA:125,14
DA:126,14
DA:127,14
DA:128,14
DA:129,14
DA:130,14
DA:131,14
DA:132,14
DA:133,14
DA:134,14
DA:135,14
DA:136,14
DA:137,14
DA:138,26
DA:139,21
DA:140,21
DA:141,5
DA:142,5
DA:143,14
DA:144,14
DA:145,14
DA:146,13
DA:147,13
DA:148,8
DA:149,8
DA:150,5
DA:151,5
DA:152,14
DA:153,14
DA:154,14
DA:155,9
DA:156,9
DA:157,3
DA:158,3
DA:159,6
DA:160,1
DA:161,1
DA:162,0
DA:163,0
DA:164,1
DA:165,1
DA:166,6
DA:167,14
DA:168,14
DA:169,14
DA:170,14
DA:171,14
DA:172,14
DA:173,14
DA:174,13
DA:175,0
DA:176,0
DA:177,13
DA:178,13
DA:179,13
DA:180,2
DA:181,2
DA:182,13
DA:183,13
DA:184,0
DA:185,0
DA:186,0
DA:187,14
DA:188,14
DA:189,14
DA:190,1
DA:191,1
DA:192,1
DA:193,14
DA:194,14
DA:195,14
DA:196,14
DA:197,14
DA:198,14
DA:199,14
DA:200,14
DA:201,14
DA:202,14
DA:203,14
DA:204,14
DA:205,14
DA:206,14
DA:207,14
DA:208,14
DA:209,14
DA:210,9
DA:211,5
DA:212,5
DA:213,5
DA:214,9
DA:215,9
DA:216,9
DA:217,9
DA:218,9
DA:219,14
DA:220,14
DA:221,8
DA:222,8
DA:223,8
DA:224,8
DA:225,8
DA:226,8
DA:227,8
DA:228,8
DA:229,8
DA:230,8
DA:231,8
DA:232,14
DA:233,14
DA:234,5
DA:235,5
DA:236,5
DA:237,5
DA:238,5
DA:239,5
DA:240,1
DA:241,1
DA:242,5
DA:243,2
DA:244,2
DA:245,2
DA:246,5
DA:247,5
DA:248,5
DA:249,5
DA:250,5
DA:251,5
DA:252,5
DA:253,5
DA:254,5
DA:255,14
DA:256,14
DA:257,13
DA:258,14
DA:259,7
DA:260,7
DA:261,7
DA:262,14
DA:263,13
DA:264,13
DA:265,13
DA:266,14
DA:267,0
DA:268,0
DA:269,13
DA:270,14
DA:271,5
DA:272,5
DA:273,5
DA:274,8
DA:275,8
DA:276,8
DA:277,8
DA:278,1
DA:279,1
DA:280,1
DA:281,1
DA:282,1
DA:283,1
DA:284,1
DA:285,1
DA:286,8
DA:287,8
DA:288,8
DA:289,8
DA:290,14
DA:291,1
DA:292,1
DA:293,1
DA:294,1
DA:295,1
DA:296,1
DA:297,1
DA:298,1
DA:299,14
DA:300,14
DA:301,0
DA:302,0
DA:303,0
DA:304,0
DA:305,0
DA:306,0
DA:307,14
DA:308,14
DA:309,14
DA:310,7
DA:311,14
DA:312,14
DA:313,1
DA:314,1
DA:315,27
DA:316,27
DA:317,27
DA:318,27
DA:319,27
DA:320,27
DA:321,1
DA:322,1
DA:323,2
DA:324,0
DA:325,0
DA:326,2
DA:327,2
DA:328,1
DA:329,1
DA:330,13
DA:331,13
DA:332,13
DA:333,13
DA:334,13
DA:335,13
DA:336,13
DA:337,13
DA:338,13
DA:339,13
DA:340,13
DA:341,1
DA:342,1
DA:343,13
DA:344,13
DA:345,0
DA:346,0
DA:347,13
DA:348,13
DA:349,1
LF:349
LH:325
BRDA:57,0,0,21
BRDA:58,1,0,74
BRDA:61,2,0,13
BRDA:64,3,0,14
BRDA:66,4,0,0
BRDA:71,5,0,13
BRDA:75,6,0,14
BRDA:97,7,0,0
BRDA:101,8,0,13
BRDA:103,9,0,12
BRDA:106,10,0,13
BRDA:112,11,0,1
BRDA:117,12,0,13
BRDA:119,13,0,0
BRDA:127,14,0,2
BRDA:257,15,0,13
BRDA:258,16,0,7
BRDA:262,17,0,13
BRDA:266,18,0,0
BRDA:269,19,0,13
BRDA:270,20,0,5
BRDA:274,21,0,8
BRDA:290,22,0,1
BRDA:300,23,0,0
BRDA:308,24,0,7
BRDA:309,25,0,7
BRDA:87,26,0,13
BRDA:88,27,0,12
BRDA:137,28,0,26
BRDA:138,29,0,21
BRDA:141,30,0,5
BRDA:145,31,0,13
BRDA:147,32,0,8
BRDA:150,33,0,5
BRDA:154,34,0,9
BRDA:156,35,0,3
BRDA:159,36,0,6
BRDA:159,37,0,1
BRDA:161,38,0,0
BRDA:173,39,0,13
BRDA:174,40,0,0
BRDA:179,41,0,2
BRDA:183,42,0,0
BRDA:189,43,0,1
BRDA:209,44,0,9
BRDA:210,45,0,5
BRDA:214,46,0,1
BRDA:220,47,0,8
BRDA:226,48,0,8
BRDA:233,49,0,5
BRDA:239,50,0,1
BRDA:242,51,0,4
BRDA:242,52,0,2
BRDA:248,53,0,5
BRDA:277,54,0,1
BRDA:314,55,0,27
BRDA:322,56,0,2
BRDA:323,57,0,0
BRDA:329,58,0,13
BRDA:337,59,0,8
BRDA:337,60,0,5
BRDA:338,61,0,12
BRDA:338,62,0,1
BRDA:342,63,0,13
BRDA:344,64,0,0
BRF:65
BRH:55
end_of_record
TN:
SF:src/webview/workspaceFileService.ts
FN:30,<instance_members_initializer>
FN:30,WorkspaceFileService
FN:32,listWorkspaceFiles
FN:51,readFiles
FN:87,openFile
FN:92,getWorkspaceFileList
FN:119,syncWorkspaceFolders
FN:126,resolveWorkspaceFolder
FN:149,getAllWorkspaceFolderPaths
FN:153,validateWorkspacePath
FN:173,canonicalizePath
FN:182,isSubPath
FNF:12
FNH:8
FNDA:9,<instance_members_initializer>
FNDA:9,WorkspaceFileService
FNDA:0,listWorkspaceFiles
FNDA:2,readFiles
FNDA:1,openFile
FNDA:2,getWorkspaceFileList
FNDA:0,syncWorkspaceFolders
FNDA:0,resolveWorkspaceFolder
FNDA:0,getAllWorkspaceFolderPaths
FNDA:3,validateWorkspacePath
FNDA:6,canonicalizePath
FNDA:3,isSubPath
DA:1,1
DA:2,1
DA:3,1
DA:4,1
DA:5,1
DA:6,1
DA:7,1
DA:8,1
DA:9,1
DA:10,1
DA:11,1
DA:12,1
DA:13,1
DA:14,1
DA:15,1
DA:16,1
DA:17,1
DA:18,1
DA:19,1
DA:20,1
DA:21,1
DA:22,1
DA:23,1
DA:24,1
DA:25,1
DA:26,1
DA:27,1
DA:28,1
DA:29,1
DA:30,1
DA:31,1
DA:32,1
DA:33,0
DA:34,0
DA:35,0
DA:36,0
DA:37,0
DA:38,0
DA:39,0
DA:40,0
DA:41,0
DA:42,0
DA:43,0
DA:44,0
DA:45,0
DA:46,0
DA:47,0
DA:48,0
DA:49,0
DA:50,1
DA:51,1
DA:52,2
DA:53,2
DA:54,2
DA:55,2
DA:56,2
DA:57,2
DA:58,2
DA:59,1
DA:60,1
DA:61,1
DA:62,1
DA:63,2
DA:64,0
DA:65,0
DA:66,0
DA:67,0
DA:68,0
DA:69,0
DA:70,0
DA:71,0
DA:72,2
DA:73,1
DA:74,1
DA:75,1
DA:76,1
DA:77,1
DA:78,1
DA:79,1
DA:80,1
DA:81,1
DA:82,2
DA:83,2
DA:84,2
DA:85,2
DA:86,1
DA:87,1
DA:88,1
DA:89,0
DA:90,0
DA:91,1
DA:92,1
DA:93,2
DA:94,2
DA:95,0
DA:96,0
DA:97,2
DA:98,2
DA:99,2
DA:100,2
DA:101,2
DA:102,2
DA:103,2
DA:104,2
DA:105,2
DA:106,2
DA:107,1
DA:108,2
DA:109,2
DA:110,1
DA:111,1
DA:112,2
DA:113,1
DA:114,1
DA:115,1
DA:116,1
DA:117,1
DA:118,1
DA:119,1
DA:120,0
DA:121,0
DA:122,0
DA:123,0
DA:124,0
DA:125,1
DA:126,1
DA:127,0
DA:128,0
DA:129,0
DA:130,0
DA:131,0
DA:132,0
DA:133,0
DA:134,0
DA:135,0
DA:136,0
DA:137,0
DA:138,0
DA:139,0
DA:140,0
DA:141,0
DA:142,0
DA:143,0
DA:144,0
DA:145,0
DA:146,0
DA:147,0
DA:148,1
DA:149,1
DA:150,0
DA:151,0
DA:152,1
DA:153,1
DA:154,3
DA:155,3
DA:156,0
DA:157,0
DA:158,3
DA:159,3
DA:160,3
DA:161,3
DA:162,3
DA:163,3
DA:164,3
DA:165,3
DA:166,3
DA:167,2
DA:168,2
DA:169,1
DA:170,1
DA:171,1
DA:172,1
DA:173,1
DA:174,6
DA:175,6
DA:176,6
DA:177,0
DA:178,0
DA:179,0
DA:180,6
DA:181,1
DA:182,1
DA:183,3
DA:184,3
DA:185,3
DA:186,3
DA:187,3
DA:188,1
LF:188
LH:126
BRDA:30,0,0,9
BRDA:30,1,0,9
BRDA:51,2,0,2
BRDA:59,3,0,1
BRDA:63,4,0,0
BRDA:72,5,0,1
BRDA:78,6,0,0
BRDA:87,7,0,1
BRDA:89,8,0,0
BRDA:92,9,0,2
BRDA:94,10,0,0
BRDA:101,11,0,0
BRDA:104,12,0,0
BRDA:106,13,0,1
BRDA:107,14,0,2
BRDA:109,15,0,1
BRDA:112,16,0,0
BRDA:112,17,0,1
BRDA:112,18,0,0
BRDA:116,19,0,2
BRDA:153,20,0,3
BRDA:155,21,0,0
BRDA:166,22,0,2
BRDA:169,23,0,1
BRDA:162,24,0,3
BRDA:165,25,0,3
BRDA:173,26,0,6
BRDA:176,27,0,0
BRDA:182,28,0,3
BRDA:183,29,0,0
BRDA:184,30,0,0
BRDA:186,31,0,1
BRF:32
BRH:20
end_of_record
TN:
SF:src/webview/fileChange/chunkTracker.ts
FN:12,<instance_members_initializer>
FN:12,FileChangeChunkTracker
FN:14,onChunk
FN:25,handleToolStart
FN:56,handleToolEnd
FN:81,extractPathsFromToolInput
FNF:6
FNH:6
FNDA:17,<instance_members_initializer>
FNDA:17,FileChangeChunkTracker
FNDA:20,onChunk
FNDA:10,handleToolStart
FNDA:10,handleToolEnd
FNDA:10,extractPathsFromToolInput
DA:1,1
DA:2,1
DA:3,1
DA:4,1
DA:5,1
DA:6,1
DA:7,1
DA:8,1
DA:9,1
DA:10,1
DA:11,1
DA:12,1
DA:13,1
DA:14,1
DA:15,20
DA:16,10
DA:17,10
DA:18,10
DA:19,10
DA:20,10
DA:21,10
DA:22,10
DA:23,20
DA:24,1
DA:25,1
DA:26,10
DA:27,10
DA:28,10
DA:29,10
DA:30,0
DA:31,0
DA:32,10
DA:33,10
DA:34,10
DA:35,10
DA:36,10
DA:37,10
DA:38,10
DA:39,10
DA:40,10
DA:41,1
DA:42,1
DA:43,9
DA:44,9
DA:45,9
DA:46,9
DA:47,9
DA:48,10
DA:49,0
DA:50,0
DA:51,0
DA:52,9
DA:53,9
DA:54,9
DA:55,1
DA:56,1
DA:57,10
DA:58,10
DA:59,10
DA:60,10
DA:61,0
DA:62,0
DA:63,10
DA:64,10
DA:65,10
DA:66,0
DA:67,0
DA:68,10
DA:69,10
DA:70,10
DA:71,10
DA:72,10
DA:73,1
DA:74,1
DA:75,9
DA:76,9
DA:77,9
DA:78,9
DA:79,9
DA:80,1
DA:81,1
DA:82,10
DA:83,10
DA:84,10
DA:85,10
DA:86,10
DA:87,10
DA:88,10
DA:89,10
DA:90,10
DA:91,10
DA:92,10
DA:93,60
DA:94,60
DA:95,10
DA:96,10
DA:97,10
DA:98,10
DA:99,10
DA:100,10
DA:101,10
DA:102,10
DA:103,10
DA:104,1
LF:104
LH:95
BRDA:12,0,0,17
BRDA:12,1,0,17
BRDA:14,2,0,20
BRDA:15,3,0,10
BRDA:25,4,0,10
BRDA:29,5,0,0
BRDA:40,6,0,1
BRDA:43,7,0,9
BRDA:48,8,0,0
BRDA:52,9,0,9
BRDA:36,10,0,10
BRDA:37,11,0,10
BRDA:56,12,0,10
BRDA:60,13,0,0
BRDA:65,14,0,0
BRDA:72,15,0,1
BRDA:75,16,0,9
BRDA:81,17,0,10
BRDA:92,18,0,60
BRF:19
BRH:15
end_of_record
TN:
SF:src/webview/fileChange/diffService.ts
FN:20,<instance_members_initializer>
FN:19,FileChangeDiffService
FN:26,handleAction
FN:62,updateStatus
FN:86,getSummaryOrThrow
FN:97,getSnapshotOrThrow
FN:111,rollbackFile
FN:137,openDiff
FN:180,createVirtualOrTempUri
FN:202,pruneVirtualDocs
FNF:10
FNH:10
FNDA:17,<instance_members_initializer>
FNDA:17,FileChangeDiffService
FNDA:6,handleAction
FNDA:4,updateStatus
FNDA:10,getSummaryOrThrow
FNDA:5,getSnapshotOrThrow
FNDA:4,rollbackFile
FNDA:1,openDiff
FNDA:1,createVirtualOrTempUri
FNDA:1,pruneVirtualDocs
DA:1,1
DA:2,1
DA:3,1
DA:4,1
DA:5,1
DA:6,1
DA:7,1
DA:8,1
DA:9,1
DA:10,1
DA:11,1
DA:12,1
DA:13,1
DA:14,1
DA:15,1
DA:16,1
DA:17,1
DA:18,1
DA:19,1
DA:20,17
DA:21,17
DA:22,17
DA:23,17
DA:24,17
DA:25,1
DA:26,1
DA:27,6
DA:28,6
DA:29,1
DA:30,1
DA:31,1
DA:32,1
DA:33,1
DA:34,1
DA:35,1
DA:36,1
DA:37,1
DA:38,6
DA:39,6
DA:40,1
DA:41,1
DA:42,1
DA:43,1
DA:44,1
DA:45,1
DA:46,6
DA:47,6
DA:48,4
DA:49,4
DA:50,4
DA:51,4
DA:52,4
DA:53,3
DA:54,3
DA:55,3
DA:56,3
DA:57,3
DA:58,3
DA:59,6
DA:60,6
DA:61,1
DA:62,1
DA:63,4
DA:64,4
DA:65,4
DA:66,4
DA:67,4
DA:68,4
DA:69,4
DA:70,4
DA:71,4
DA:72,4
DA:73,4
DA:74,0
DA:75,0
DA:76,4
DA:77,4
DA:78,4
DA:79,4
DA:80,4
DA:81,4
DA:82,4
DA:83,4
DA:84,4
DA:85,1
DA:86,1
DA:87,10
DA:88,10
DA:89,10
DA:90,10
DA:91,10
DA:92,1
DA:93,1
DA:94,9
DA:95,9
DA:96,1
DA:97,1
DA:98,5
DA:99,5
DA:100,5
DA:101,5
DA:102,5
DA:103,5
DA:104,5
DA:105,5
DA:106,0
DA:107,0
DA:108,4
DA:109,4
DA:110,1
DA:111,1
DA:112,4
DA:113,4
DA:114,4
DA:115,4
DA:116,4
DA:117,4
DA:118,4
DA:119,4
DA:120,4
DA:121,4
DA:122,4
DA:123,2
DA:124,2
DA:125,2
DA:126,2
DA:127,2
DA:128,2
DA:129,2
DA:130,2
DA:131,1
DA:132,1
DA:133,1
DA:134,1
DA:135,4
DA:136,1
DA:137,1
DA:138,1
DA:139,1
DA:140,1
DA:141,1
DA:142,1
DA:143,1
DA:144,1
DA:145,1
DA:146,1
DA:147,1
DA:148,1
DA:149,1
DA:150,1
DA:151,1
DA:152,1
DA:153,1
DA:154,1
DA:155,1
DA:156,1
DA:157,1
DA:158,1
DA:159,1
DA:160,1
DA:161,1
DA:162,1
DA:163,0
DA:164,0
DA:165,0
DA:166,0
DA:167,0
DA:168,0
DA:169,0
DA:170,0
DA:171,0
DA:172,0
DA:173,1
DA:174,1
DA:175,1
DA:176,1
DA:177,1
DA:178,1
DA:179,1
DA:180,1
DA:181,1
DA:182,1
DA:183,1
DA:184,1
DA:185,1
DA:186,1
DA:187,1
DA:188,1
DA:189,1
DA:190,0
DA:191,0
DA:192,0
DA:193,0
DA:194,0
DA:195,0
DA:196,1
DA:197,1
DA:198,1
DA:199,1
DA:200,1
DA:201,1
DA:202,1
DA:203,1
DA:204,1
DA:205,1
DA:206,0
DA:207,0
DA:208,0
DA:209,0
DA:210,0
DA:211,0
DA:212,0
DA:213,1
LF:213
LH:186
BRDA:20,0,0,17
BRDA:19,1,0,17
BRDA:26,2,0,6
BRDA:28,3,0,1
BRDA:39,4,0,1
BRDA:47,5,0,4
BRDA:53,6,0,3
BRDA:62,7,0,4
BRDA:73,8,0,0
BRDA:69,9,0,4
BRDA:70,10,0,0
BRDA:73,11,0,4
BRDA:86,12,0,10
BRDA:91,13,0,9
BRDA:91,14,0,1
BRDA:94,15,0,9
BRDA:97,16,0,5
BRDA:104,17,0,4
BRDA:105,18,0,0
BRDA:108,19,0,4
BRDA:111,20,0,4
BRDA:122,21,0,2
BRDA:131,22,0,1
BRDA:137,23,0,1
BRDA:162,24,0,0
BRDA:180,25,0,1
BRDA:189,26,0,0
BRDA:202,27,0,1
BRDA:206,28,0,0
BRF:29
BRH:23
end_of_record
TN:
SF:src/webview/fileChange/snapshotManager.ts
FN:6,normalizeCandidatePath
FN:22,isAllowedPath
FN:26,captureSnapshotIfNeeded
FN:47,getDisplayPath
FNF:4
FNH:4
FNDA:10,normalizeCandidatePath
FNDA:10,isAllowedPath
FNDA:9,captureSnapshotIfNeeded
FNDA:9,getDisplayPath
DA:1,1
DA:2,1
DA:3,1
DA:4,1
DA:5,1
DA:6,1
DA:7,10
DA:8,0
DA:9,0
DA:10,10
DA:11,10
DA:12,10
DA:13,10
DA:14,10
DA:15,10
DA:16,1
DA:17,1
DA:18,9
DA:19,9
DA:20,9
DA:21,1
DA:22,1
DA:23,10
DA:24,10
DA:25,1
DA:26,1
DA:27,9
DA:28,0
DA:29,0
DA:30,9
DA:31,9
DA:32,9
DA:33,9
DA:34,9
DA:35,9
DA:36,9
DA:37,9
DA:38,9
DA:39,9
DA:40,9
DA:41,9
DA:42,9
DA:43,9
DA:44,9
DA:45,9
DA:46,1
DA:47,1
DA:48,9
DA:49,9
DA:50,9
DA:51,9
DA:52,9
DA:53,9
DA:54,9
DA:55,9
DA:56,9
DA:57,9
DA:58,9
DA:59,9
DA:60,9
DA:61,9
DA:62,9
DA:63,9
DA:64,9
DA:65,9
DA:66,0
DA:67,0
DA:68,0
DA:69,1
LF:69
LH:62
BRDA:6,0,0,10
BRDA:7,1,0,0
BRDA:13,2,0,0
BRDA:15,3,0,1
BRDA:18,4,0,9
BRDA:22,5,0,10
BRDA:23,6,0,10
BRDA:26,7,0,9
BRDA:27,8,0,0
BRDA:33,9,0,7
BRDA:34,10,0,2
BRDA:47,11,0,9
BRDA:66,12,0,0
BRDA:60,13,0,18
BRDA:63,14,0,9
BRF:15
BRH:11
end_of_record
TN:
SF:src/webview/fileChange/types.ts
FN:61,countChunkLines
FN:73,computeAddedRemoved
FN:93,isSubPath
FN:103,normalizeMaybeArrayToStrings
FN:116,parsePatchPaths
FN:142,isMutatingTool
FN:159,unique
FNF:7
FNH:6
FNDA:0,countChunkLines
FNDA:9,computeAddedRemoved
FNDA:28,isSubPath
FNDA:60,normalizeMaybeArrayToStrings
FNDA:10,parsePatchPaths
FNDA:10,isMutatingTool
FNDA:20,unique
DA:1,1
DA:2,1
DA:3,1
DA:4,1
DA:5,1
DA:6,1
DA:7,1
DA:8,1
DA:9,1
DA:10,1
DA:11,1
DA:12,1
DA:13,1
DA:14,1
DA:15,1
DA:16,1
DA:17,1
DA:18,1
DA:19,1
DA:20,1
DA:21,1
DA:22,1
DA:23,1
DA:24,1
DA:25,1
DA:26,1
DA:27,1
DA:28,1
DA:29,1
DA:30,1
DA:31,1
DA:32,1
DA:33,1
DA:34,1
DA:35,1
DA:36,1
DA:37,1
DA:38,1
DA:39,1
DA:40,1
DA:41,1
DA:42,1
DA:43,1
DA:44,1
DA:45,1
DA:46,1
DA:47,1
DA:48,1
DA:49,1
DA:50,1
DA:51,1
DA:52,1
DA:53,1
DA:54,1
DA:55,1
DA:56,1
DA:57,1
DA:58,1
DA:59,1
DA:60,1
DA:61,0
DA:62,0
DA:63,0
DA:64,0
DA:65,0
DA:66,0
DA:67,0
DA:68,0
DA:69,0
DA:70,0
DA:71,0
DA:72,1
DA:73,9
DA:74,9
DA:75,9
DA:76,9
DA:77,9
DA:78,9
DA:79,9
DA:80,9
DA:81,9
DA:82,20
DA:83,20
DA:84,9
DA:85,20
DA:86,6
DA:87,6
DA:88,20
DA:89,9
DA:90,9
DA:91,9
DA:92,1
DA:93,28
DA:94,28
DA:95,28
DA:96,28
DA:97,28
DA:98,28
DA:99,28
DA:100,28
DA:101,28
DA:102,1
DA:103,60
DA:104,60
DA:105,10
DA:106,10
DA:107,60
DA:108,0
DA:109,0
DA:110,0
DA:111,0
DA:112,0
DA:113,50
DA:114,50
DA:115,1
DA:116,10
DA:117,10
DA:118,10
DA:119,10
DA:120,10
DA:121,0
DA:122,0
DA:123,0
DA:124,10
DA:125,0
DA:126,0
DA:127,0
DA:128,10
DA:129,0
DA:130,0
DA:131,0
DA:132,10
DA:133,0
DA:134,0
DA:135,0
DA:136,0
DA:137,0
DA:138,10
DA:139,10
DA:140,10
DA:141,1
DA:142,10
DA:143,10
DA:144,10
DA:145,10
DA:146,10
DA:147,10
DA:148,10
DA:149,10
DA:150,10
DA:151,10
DA:152,10
DA:153,10
DA:154,10
DA:155,0
DA:156,10
DA:157,10
DA:158,1
DA:159,20
DA:160,20
DA:161,20
DA:162,1
DA:163,1
DA:164,1
DA:165,1
LF:165
LH:134
BRDA:73,0,0,9
BRDA:81,1,0,20
BRDA:82,2,0,0
BRDA:83,3,0,9
BRDA:85,4,0,11
BRDA:85,5,0,6
BRDA:93,6,0,28
BRDA:94,7,0,0
BRDA:95,8,0,0
BRDA:99,9,0,27
BRDA:103,10,0,60
BRDA:104,11,0,10
BRDA:104,12,0,10
BRDA:107,13,0,50
BRDA:107,14,0,0
BRDA:113,15,0,50
BRDA:116,16,0,10
BRDA:120,17,0,0
BRDA:124,18,0,0
BRDA:128,19,0,0
BRDA:132,20,0,0
BRDA:142,21,0,10
BRDA:145,22,0,7
BRDA:146,23,0,1
BRDA:147,24,0,1
BRDA:148,25,0,1
BRDA:149,26,0,1
BRDA:150,27,0,1
BRDA:151,28,0,1
BRDA:152,29,0,0
BRDA:153,30,0,0
BRDA:154,31,0,0
BRDA:159,32,0,20
BRF:33
BRH:22
end_of_record
